mode: atomic
saas-mt-pim-service/main.go:57.46,59.17 2 0
saas-mt-pim-service/main.go:59.17,61.3 1 0
saas-mt-pim-service/main.go:62.2,62.14 1 0
saas-mt-pim-service/main.go:65.13,103.33 10 0
saas-mt-pim-service/main.go:103.33,108.3 3 0
saas-mt-pim-service/main.go:108.8,110.3 1 0
saas-mt-pim-service/main.go:113.2,132.16 12 0
saas-mt-pim-service/main.go:132.16,134.3 1 0
saas-mt-pim-service/main.go:135.2,139.16 3 0
saas-mt-pim-service/main.go:139.16,141.3 1 0
saas-mt-pim-service/main.go:142.2,145.59 2 0
saas-mt-pim-service/main.go:145.59,148.17 3 0
saas-mt-pim-service/main.go:148.17,150.4 1 0
saas-mt-pim-service/main.go:150.9,152.55 2 0
saas-mt-pim-service/main.go:152.55,154.5 1 0
saas-mt-pim-service/main.go:154.10,156.5 1 0
saas-mt-pim-service/main.go:158.8,160.3 1 0
saas-mt-pim-service/main.go:163.2,201.24 30 0
saas-mt-pim-service/main.go:205.60,216.2 5 0
saas-mt-pim-service/main.go:216.2,222.3 5 0
saas-mt-pim-service/main.go:224.2,230.44 7 0
saas-mt-pim-service/main.go:234.91,258.44 12 0
saas-mt-pim-service/main.go:258.44,261.3 2 0
saas-mt-pim-service/main.go:263.2,263.44 1 0
saas-mt-pim-service/main.go:263.44,266.3 2 0
saas-mt-pim-service/main.go:268.2,288.19 21 0
saas-mt-pim-service/main.go:292.126,319.2 17 0
saas-mt-pim-service/main.go:322.67,353.2 15 0
saas-mt-pim-service/main.go:356.75,375.2 11 0
saas-mt-pim-service/main.go:378.68,389.2 5 0
saas-mt-pim-service/main.go:389.2,394.3 4 0
saas-mt-pim-service/main.go:397.2,398.2 2 0
saas-mt-pim-service/main.go:398.2,408.3 9 0
saas-mt-pim-service/main.go:411.2,425.61 14 0
saas-mt-pim-service/main.go:429.76,459.2 14 0
saas-mt-pim-service/main.go:462.71,483.2 13 0
saas-mt-pim-service/main.go:486.64,505.2 15 0
saas-mt-pim-service/main.go:508.71,519.2 7 0
saas-mt-pim-service/main.go:522.74,539.2 9 0
saas-mt-pim-service/main.go:541.63,551.2 9 0
saas-mt-pim-service/src/api/docs/openapi.go:15.57,19.2 1 0
saas-mt-pim-service/src/api/docs/openapi.go:22.61,24.47 1 0
saas-mt-pim-service/src/api/docs/openapi.go:24.47,29.3 1 0
saas-mt-pim-service/src/api/docs/openapi.go:32.2,32.22 1 0
saas-mt-pim-service/src/api/docs/openapi.go:32.22,34.3 1 0
saas-mt-pim-service/src/api/config/setup.go:19.35,24.2 1 0
saas-mt-pim-service/src/api/config/setup.go:27.86,33.30 3 0
saas-mt-pim-service/src/api/config/setup.go:33.30,36.3 2 0
saas-mt-pim-service/src/api/health/handler.go:25.54,30.2 1 0
saas-mt-pim-service/src/api/health/handler.go:33.59,35.2 1 0
saas-mt-pim-service/src/api/health/handler.go:38.47,43.17 3 0
saas-mt-pim-service/src/api/health/handler.go:43.17,44.37 1 0
saas-mt-pim-service/src/api/health/handler.go:44.37,47.4 2 0
saas-mt-pim-service/src/api/health/handler.go:50.2,56.33 2 0
saas-mt-pim-service/src/api/monitoring/prometheus.go:67.13,75.2 6 0
saas-mt-pim-service/src/api/monitoring/prometheus.go:78.45,79.30 1 0
saas-mt-pim-service/src/api/monitoring/prometheus.go:79.30,84.21 3 0
saas-mt-pim-service/src/api/monitoring/prometheus.go:84.21,86.4 1 0
saas-mt-pim-service/src/api/monitoring/prometheus.go:88.3,104.32 5 0
saas-mt-pim-service/src/api/monitoring/prometheus.go:109.51,111.2 1 0
saas-mt-pim-service/src/api/monitoring/prometheus.go:114.44,116.2 1 0
saas-mt-pim-service/src/api/monitoring/prometheus.go:119.65,121.2 1 0
saas-mt-pim-service/src/api/monitoring/prometheus.go:124.57,126.2 1 0
saas-mt-pim-service/src/api/monitoring/prometheus.go:129.30,131.23 2 0
saas-mt-pim-service/src/api/monitoring/prometheus.go:131.23,133.3 1 0
saas-mt-pim-service/src/api/monitoring/prometheus.go:135.2,136.16 2 0
saas-mt-pim-service/src/api/monitoring/prometheus.go:136.16,138.3 1 0
saas-mt-pim-service/src/api/monitoring/prometheus.go:140.2,140.12 1 0
saas-mt-pim-service/src/api/monitoring/prometheus.go:140.12,142.60 2 0
saas-mt-pim-service/src/api/monitoring/prometheus.go:142.60,143.70 1 0
saas-mt-pim-service/src/api/infrastructure/middleware/middleware.go:11.50,12.30 1 0
saas-mt-pim-service/src/api/infrastructure/middleware/middleware.go:12.30,15.21 2 0
saas-mt-pim-service/src/api/infrastructure/middleware/middleware.go:15.21,19.4 3 0
saas-mt-pim-service/src/api/infrastructure/middleware/middleware.go:22.3,29.28 2 0
saas-mt-pim-service/src/api/infrastructure/middleware/middleware.go:29.28,33.4 3 0
saas-mt-pim-service/src/api/infrastructure/middleware/middleware.go:36.3,37.11 2 0
saas-mt-pim-service/src/api/infrastructure/middleware/middleware.go:42.51,43.30 1 0
saas-mt-pim-service/src/api/infrastructure/middleware/middleware.go:43.30,45.55 1 0
saas-mt-pim-service/src/api/infrastructure/middleware/middleware.go:45.55,47.22 2 0
saas-mt-pim-service/src/api/infrastructure/middleware/middleware.go:47.22,51.5 3 0
saas-mt-pim-service/src/api/infrastructure/middleware/middleware.go:54.4,54.59 1 0
saas-mt-pim-service/src/api/infrastructure/middleware/middleware.go:54.59,58.5 3 0
saas-mt-pim-service/src/api/infrastructure/middleware/middleware.go:61.4,61.32 1 0
saas-mt-pim-service/src/api/infrastructure/middleware/middleware.go:64.3,64.11 1 0
saas-mt-pim-service/src/api/infrastructure/middleware/middleware.go:69.44,70.30 1 0
saas-mt-pim-service/src/api/infrastructure/middleware/middleware.go:70.30,72.67 2 0
saas-mt-pim-service/src/api/infrastructure/middleware/middleware.go:72.67,76.4 3 0
saas-mt-pim-service/src/api/infrastructure/middleware/middleware.go:77.3,77.11 1 0
saas-mt-pim-service/src/api/infrastructure/middleware/middleware.go:82.52,83.30 1 0
saas-mt-pim-service/src/api/infrastructure/middleware/middleware.go:83.30,85.93 1 0
saas-mt-pim-service/src/api/infrastructure/middleware/middleware.go:85.93,87.58 2 0
saas-mt-pim-service/src/api/infrastructure/middleware/middleware.go:87.58,91.5 3 0
saas-mt-pim-service/src/api/infrastructure/middleware/middleware.go:93.3,93.11 1 0
saas-mt-pim-service/src/api/infrastructure/middleware/middleware.go:98.39,99.30 1 0
saas-mt-pim-service/src/api/infrastructure/middleware/middleware.go:99.30,106.36 6 0
saas-mt-pim-service/src/api/infrastructure/middleware/middleware.go:106.36,109.4 2 0
saas-mt-pim-service/src/api/infrastructure/middleware/middleware.go:111.3,111.11 1 0
saas-mt-pim-service/src/api/infrastructure/middleware/middleware.go:116.42,117.21 1 0
saas-mt-pim-service/src/api/infrastructure/middleware/middleware.go:117.21,119.3 1 0
saas-mt-pim-service/src/api/infrastructure/middleware/middleware.go:122.2,122.77 1 0
saas-mt-pim-service/src/api/infrastructure/middleware/middleware.go:122.77,124.3 1 0
saas-mt-pim-service/src/api/infrastructure/middleware/middleware.go:127.2,127.28 1 0
saas-mt-pim-service/src/api/infrastructure/middleware/middleware.go:127.28,128.46 1 0
saas-mt-pim-service/src/api/infrastructure/middleware/middleware.go:128.46,129.12 1 0
saas-mt-pim-service/src/api/infrastructure/middleware/middleware.go:131.3,131.23 1 0
saas-mt-pim-service/src/api/infrastructure/middleware/middleware.go:131.23,133.4 1 0
saas-mt-pim-service/src/api/infrastructure/middleware/middleware.go:136.2,136.13 1 0
saas-mt-pim-service/src/api/infrastructure/middleware/middleware.go:140.32,144.2 1 0
saas-mt-pim-service/src/attribute/application/request/extend_tenant_attributes_request.go:25.58,27.54 1 0
saas-mt-pim-service/src/attribute/application/request/extend_tenant_attributes_request.go:27.54,29.3 1 0
saas-mt-pim-service/src/attribute/application/request/extend_tenant_attributes_request.go:32.2,32.34 1 0
saas-mt-pim-service/src/attribute/application/request/extend_tenant_attributes_request.go:32.34,34.3 1 0
saas-mt-pim-service/src/attribute/application/request/extend_tenant_attributes_request.go:37.2,38.42 2 0
saas-mt-pim-service/src/attribute/application/request/extend_tenant_attributes_request.go:38.42,39.41 1 0
saas-mt-pim-service/src/attribute/application/request/extend_tenant_attributes_request.go:39.41,41.4 1 0
saas-mt-pim-service/src/attribute/application/request/extend_tenant_attributes_request.go:44.3,44.32 1 0
saas-mt-pim-service/src/attribute/application/request/extend_tenant_attributes_request.go:44.32,46.4 1 0
saas-mt-pim-service/src/attribute/application/request/extend_tenant_attributes_request.go:47.3,47.35 1 0
saas-mt-pim-service/src/attribute/application/request/extend_tenant_attributes_request.go:50.2,50.12 1 0
saas-mt-pim-service/src/attribute/application/request/extend_tenant_attributes_request.go:54.51,56.37 1 0
saas-mt-pim-service/src/attribute/application/request/extend_tenant_attributes_request.go:56.37,58.3 1 0
saas-mt-pim-service/src/attribute/application/request/extend_tenant_attributes_request.go:60.2,60.23 1 0
saas-mt-pim-service/src/attribute/application/request/extend_tenant_attributes_request.go:60.23,62.3 1 0
saas-mt-pim-service/src/attribute/application/request/extend_tenant_attributes_request.go:65.2,73.25 2 0
saas-mt-pim-service/src/attribute/application/request/extend_tenant_attributes_request.go:73.25,75.3 1 0
saas-mt-pim-service/src/attribute/application/request/extend_tenant_attributes_request.go:78.2,78.77 1 0
saas-mt-pim-service/src/attribute/application/request/extend_tenant_attributes_request.go:78.77,80.3 1 0
saas-mt-pim-service/src/attribute/application/request/extend_tenant_attributes_request.go:83.2,83.74 1 0
saas-mt-pim-service/src/attribute/application/request/extend_tenant_attributes_request.go:83.74,85.3 1 0
saas-mt-pim-service/src/attribute/application/request/extend_tenant_attributes_request.go:87.2,87.12 1 0
saas-mt-pim-service/src/attribute/application/response/attribute_response.go:19.65,28.2 1 0
saas-mt-pim-service/src/attribute/application/response/attribute_response.go:31.72,33.39 2 0
saas-mt-pim-service/src/attribute/application/response/attribute_response.go:33.39,35.3 1 0
saas-mt-pim-service/src/attribute/application/response/attribute_response.go:36.2,36.18 1 0
saas-mt-pim-service/src/attribute/application/response/attribute_value_response.go:21.81,31.2 1 0
saas-mt-pim-service/src/attribute/application/response/attribute_value_response.go:34.92,36.27 2 0
saas-mt-pim-service/src/attribute/application/response/attribute_value_response.go:36.27,38.3 1 0
saas-mt-pim-service/src/attribute/application/response/attribute_value_response.go:39.2,39.12 1 0
saas-mt-pim-service/src/attribute/application/response/marketplace_attribute_response.go:24.98,38.2 1 0
saas-mt-pim-service/src/attribute/application/response/marketplace_attribute_response.go:41.105,43.39 2 0
saas-mt-pim-service/src/attribute/application/response/marketplace_attribute_response.go:43.39,45.3 1 0
saas-mt-pim-service/src/attribute/application/response/marketplace_attribute_response.go:46.2,46.18 1 0
saas-mt-pim-service/src/attribute/application/usecase/create_attribute_usecase.go:22.96,26.2 1 0
saas-mt-pim-service/src/attribute/application/usecase/create_attribute_usecase.go:33.30,35.16 1 0
saas-mt-pim-service/src/attribute/application/usecase/create_attribute_usecase.go:35.16,37.3 1 0
saas-mt-pim-service/src/attribute/application/usecase/create_attribute_usecase.go:39.2,39.20 1 0
saas-mt-pim-service/src/attribute/application/usecase/create_attribute_usecase.go:39.20,41.3 1 0
saas-mt-pim-service/src/attribute/application/usecase/create_attribute_usecase.go:44.2,45.16 2 0
saas-mt-pim-service/src/attribute/application/usecase/create_attribute_usecase.go:45.16,47.3 1 0
saas-mt-pim-service/src/attribute/application/usecase/create_attribute_usecase.go:50.2,50.42 1 0
saas-mt-pim-service/src/attribute/application/usecase/create_attribute_usecase.go:50.42,51.24 1 0
saas-mt-pim-service/src/attribute/application/usecase/create_attribute_usecase.go:51.24,53.4 1 0
saas-mt-pim-service/src/attribute/application/usecase/create_attribute_usecase.go:57.2,58.16 2 0
saas-mt-pim-service/src/attribute/application/usecase/create_attribute_usecase.go:58.16,60.3 1 0
saas-mt-pim-service/src/attribute/application/usecase/create_attribute_usecase.go:63.2,64.16 2 0
saas-mt-pim-service/src/attribute/application/usecase/create_attribute_usecase.go:64.16,66.3 1 0
saas-mt-pim-service/src/attribute/application/usecase/create_attribute_usecase.go:68.2,68.23 1 0
saas-mt-pim-service/src/attribute/application/usecase/create_attribute_value_usecase.go:21.32,23.2 1 0
saas-mt-pim-service/src/attribute/application/usecase/create_attribute_value_usecase.go:26.143,27.23 1 0
saas-mt-pim-service/src/attribute/application/usecase/create_attribute_value_usecase.go:27.23,29.3 1 0
saas-mt-pim-service/src/attribute/application/usecase/create_attribute_value_usecase.go:31.2,32.16 2 0
saas-mt-pim-service/src/attribute/application/usecase/create_attribute_value_usecase.go:32.16,34.3 1 0
saas-mt-pim-service/src/attribute/application/usecase/create_attribute_value_usecase.go:35.2,35.17 1 0
saas-mt-pim-service/src/attribute/application/usecase/create_attribute_value_usecase.go:35.17,37.3 1 0
saas-mt-pim-service/src/attribute/application/usecase/create_attribute_value_usecase.go:39.2,40.16 2 0
saas-mt-pim-service/src/attribute/application/usecase/create_attribute_value_usecase.go:40.16,42.3 1 0
saas-mt-pim-service/src/attribute/application/usecase/create_attribute_value_usecase.go:44.2,44.53 1 0
saas-mt-pim-service/src/attribute/application/usecase/create_attribute_value_usecase.go:44.53,46.3 1 0
saas-mt-pim-service/src/attribute/application/usecase/create_attribute_value_usecase.go:48.2,48.16 1 0
saas-mt-pim-service/src/attribute/application/usecase/create_marketplace_attribute_usecase.go:22.140,26.2 1 0
saas-mt-pim-service/src/attribute/application/usecase/create_marketplace_attribute_usecase.go:39.41,41.16 1 0
saas-mt-pim-service/src/attribute/application/usecase/create_marketplace_attribute_usecase.go:41.16,43.3 1 0
saas-mt-pim-service/src/attribute/application/usecase/create_marketplace_attribute_usecase.go:45.2,45.25 1 0
saas-mt-pim-service/src/attribute/application/usecase/create_marketplace_attribute_usecase.go:45.25,47.3 1 0
saas-mt-pim-service/src/attribute/application/usecase/create_marketplace_attribute_usecase.go:50.2,50.16 1 0
saas-mt-pim-service/src/attribute/application/usecase/create_marketplace_attribute_usecase.go:50.16,52.3 1 0
saas-mt-pim-service/src/attribute/application/usecase/create_marketplace_attribute_usecase.go:55.2,56.16 2 0
saas-mt-pim-service/src/attribute/application/usecase/create_marketplace_attribute_usecase.go:56.16,58.3 1 0
saas-mt-pim-service/src/attribute/application/usecase/create_marketplace_attribute_usecase.go:59.2,59.27 1 0
saas-mt-pim-service/src/attribute/application/usecase/create_marketplace_attribute_usecase.go:59.27,61.3 1 0
saas-mt-pim-service/src/attribute/application/usecase/create_marketplace_attribute_usecase.go:64.2,65.16 2 0
saas-mt-pim-service/src/attribute/application/usecase/create_marketplace_attribute_usecase.go:65.16,67.3 1 0
saas-mt-pim-service/src/attribute/application/usecase/create_marketplace_attribute_usecase.go:68.2,68.27 1 0
saas-mt-pim-service/src/attribute/application/usecase/create_marketplace_attribute_usecase.go:68.27,70.3 1 0
saas-mt-pim-service/src/attribute/application/usecase/create_marketplace_attribute_usecase.go:73.2,83.16 2 0
saas-mt-pim-service/src/attribute/application/usecase/create_marketplace_attribute_usecase.go:83.16,85.3 1 0
saas-mt-pim-service/src/attribute/application/usecase/create_marketplace_attribute_usecase.go:88.2,89.16 2 0
saas-mt-pim-service/src/attribute/application/usecase/create_marketplace_attribute_usecase.go:89.16,91.3 1 0
saas-mt-pim-service/src/attribute/application/usecase/create_marketplace_attribute_usecase.go:93.2,93.23 1 0
saas-mt-pim-service/src/attribute/application/usecase/create_marketplace_attribute_usecase.go:97.39,107.2 9 0
saas-mt-pim-service/src/attribute/application/usecase/delete_attribute_usecase.go:16.96,20.2 1 0
saas-mt-pim-service/src/attribute/application/usecase/delete_attribute_usecase.go:27.9,29.14 1 0
saas-mt-pim-service/src/attribute/application/usecase/delete_attribute_usecase.go:29.14,31.3 1 0
saas-mt-pim-service/src/attribute/application/usecase/delete_attribute_usecase.go:33.2,33.20 1 0
saas-mt-pim-service/src/attribute/application/usecase/delete_attribute_usecase.go:33.20,35.3 1 0
saas-mt-pim-service/src/attribute/application/usecase/delete_attribute_usecase.go:38.2,39.16 2 0
saas-mt-pim-service/src/attribute/application/usecase/delete_attribute_usecase.go:39.16,41.3 1 0
saas-mt-pim-service/src/attribute/application/usecase/delete_attribute_usecase.go:43.2,43.22 1 0
saas-mt-pim-service/src/attribute/application/usecase/delete_attribute_usecase.go:43.22,45.3 1 0
saas-mt-pim-service/src/attribute/application/usecase/delete_attribute_usecase.go:48.2,49.16 2 0
saas-mt-pim-service/src/attribute/application/usecase/delete_attribute_usecase.go:49.16,51.3 1 0
saas-mt-pim-service/src/attribute/application/usecase/delete_attribute_usecase.go:53.2,53.12 1 0
saas-mt-pim-service/src/attribute/application/usecase/delete_attribute_value_usecase.go:16.107,18.2 1 0
saas-mt-pim-service/src/attribute/application/usecase/delete_attribute_value_usecase.go:21.104,22.19 1 0
saas-mt-pim-service/src/attribute/application/usecase/delete_attribute_value_usecase.go:22.19,24.3 1 0
saas-mt-pim-service/src/attribute/application/usecase/delete_attribute_value_usecase.go:26.2,27.16 2 0
saas-mt-pim-service/src/attribute/application/usecase/delete_attribute_value_usecase.go:27.16,29.3 1 0
saas-mt-pim-service/src/attribute/application/usecase/delete_attribute_value_usecase.go:30.2,30.21 1 0
saas-mt-pim-service/src/attribute/application/usecase/delete_attribute_value_usecase.go:30.21,32.3 1 0
saas-mt-pim-service/src/attribute/application/usecase/delete_attribute_value_usecase.go:33.2,33.41 1 0
saas-mt-pim-service/src/attribute/application/usecase/delete_attribute_value_usecase.go:33.41,35.3 1 0
saas-mt-pim-service/src/attribute/application/usecase/delete_attribute_value_usecase.go:37.2,37.42 1 0
saas-mt-pim-service/src/attribute/application/usecase/delete_marketplace_attribute_usecase.go:19.140,23.2 1 0
saas-mt-pim-service/src/attribute/application/usecase/delete_marketplace_attribute_usecase.go:26.92,27.14 1 0
saas-mt-pim-service/src/attribute/application/usecase/delete_marketplace_attribute_usecase.go:27.14,29.3 1 0
saas-mt-pim-service/src/attribute/application/usecase/delete_marketplace_attribute_usecase.go:31.2,32.16 2 0
saas-mt-pim-service/src/attribute/application/usecase/delete_marketplace_attribute_usecase.go:32.16,34.3 1 0
saas-mt-pim-service/src/attribute/application/usecase/delete_marketplace_attribute_usecase.go:35.2,35.22 1 0
saas-mt-pim-service/src/attribute/application/usecase/delete_marketplace_attribute_usecase.go:35.22,37.3 1 0
saas-mt-pim-service/src/attribute/application/usecase/delete_marketplace_attribute_usecase.go:39.2,40.16 2 0
saas-mt-pim-service/src/attribute/application/usecase/delete_marketplace_attribute_usecase.go:40.16,42.3 1 0
saas-mt-pim-service/src/attribute/application/usecase/delete_marketplace_attribute_usecase.go:43.2,43.11 1 0
saas-mt-pim-service/src/attribute/application/usecase/delete_marketplace_attribute_usecase.go:43.11,45.3 1 0
saas-mt-pim-service/src/attribute/application/usecase/delete_marketplace_attribute_usecase.go:47.2,47.52 1 0
saas-mt-pim-service/src/attribute/application/usecase/get_attribute_by_id_usecase.go:21.98,25.2 1 0
saas-mt-pim-service/src/attribute/application/usecase/get_attribute_by_id_usecase.go:32.30,34.14 1 0
saas-mt-pim-service/src/attribute/application/usecase/get_attribute_by_id_usecase.go:34.14,36.3 1 0
saas-mt-pim-service/src/attribute/application/usecase/get_attribute_by_id_usecase.go:38.2,38.20 1 0
saas-mt-pim-service/src/attribute/application/usecase/get_attribute_by_id_usecase.go:38.20,40.3 1 0
saas-mt-pim-service/src/attribute/application/usecase/get_attribute_by_id_usecase.go:43.2,44.16 2 0
saas-mt-pim-service/src/attribute/application/usecase/get_attribute_by_id_usecase.go:44.16,46.3 1 0
saas-mt-pim-service/src/attribute/application/usecase/get_attribute_by_id_usecase.go:48.2,48.22 1 0
saas-mt-pim-service/src/attribute/application/usecase/get_attribute_by_id_usecase.go:48.22,50.3 1 0
saas-mt-pim-service/src/attribute/application/usecase/get_attribute_by_id_usecase.go:52.2,52.23 1 0
saas-mt-pim-service/src/attribute/application/usecase/get_marketplace_attribute_by_id_usecase.go:21.142,25.2 1 0
saas-mt-pim-service/src/attribute/application/usecase/get_marketplace_attribute_by_id_usecase.go:31.41,33.14 1 0
saas-mt-pim-service/src/attribute/application/usecase/get_marketplace_attribute_by_id_usecase.go:33.14,35.3 1 0
saas-mt-pim-service/src/attribute/application/usecase/get_marketplace_attribute_by_id_usecase.go:38.2,39.16 2 0
saas-mt-pim-service/src/attribute/application/usecase/get_marketplace_attribute_by_id_usecase.go:39.16,41.3 1 0
saas-mt-pim-service/src/attribute/application/usecase/get_marketplace_attribute_by_id_usecase.go:43.2,43.22 1 0
saas-mt-pim-service/src/attribute/application/usecase/get_marketplace_attribute_by_id_usecase.go:43.22,45.3 1 0
saas-mt-pim-service/src/attribute/application/usecase/get_marketplace_attribute_by_id_usecase.go:47.2,47.23 1 0
saas-mt-pim-service/src/attribute/application/usecase/list_attribute_values_usecase.go:19.105,21.2 1 0
saas-mt-pim-service/src/attribute/application/usecase/list_attribute_values_usecase.go:24.122,25.23 1 0
saas-mt-pim-service/src/attribute/application/usecase/list_attribute_values_usecase.go:25.23,27.3 1 0
saas-mt-pim-service/src/attribute/application/usecase/list_attribute_values_usecase.go:28.2,28.57 1 0
saas-mt-pim-service/src/attribute/application/usecase/list_attributes_usecase.go:17.94,21.2 1 0
saas-mt-pim-service/src/attribute/application/usecase/list_attributes_usecase.go:27.32,29.20 1 0
saas-mt-pim-service/src/attribute/application/usecase/list_attributes_usecase.go:29.20,31.3 1 0
saas-mt-pim-service/src/attribute/application/usecase/list_attributes_usecase.go:34.2,35.16 2 0
saas-mt-pim-service/src/attribute/application/usecase/list_attributes_usecase.go:35.16,37.3 1 0
saas-mt-pim-service/src/attribute/application/usecase/list_attributes_usecase.go:39.2,39.24 1 0
saas-mt-pim-service/src/attribute/application/usecase/list_marketplace_attributes_by_criteria.go:16.153,20.2 1 0
saas-mt-pim-service/src/attribute/application/usecase/list_marketplace_attributes_by_criteria.go:23.167,26.16 2 0
saas-mt-pim-service/src/attribute/application/usecase/list_marketplace_attributes_by_criteria.go:26.16,28.3 1 0
saas-mt-pim-service/src/attribute/application/usecase/list_marketplace_attributes_by_criteria.go:31.2,36.16 3 0
saas-mt-pim-service/src/attribute/application/usecase/list_marketplace_attributes_by_criteria.go:36.16,38.3 1 0
saas-mt-pim-service/src/attribute/application/usecase/list_marketplace_attributes_by_criteria.go:41.2,41.79 1 0
saas-mt-pim-service/src/attribute/application/usecase/list_marketplace_attributes_usecase.go:16.138,20.2 1 0
saas-mt-pim-service/src/attribute/application/usecase/list_marketplace_attributes_usecase.go:25.43,28.16 2 0
saas-mt-pim-service/src/attribute/application/usecase/list_marketplace_attributes_usecase.go:28.16,30.3 1 0
saas-mt-pim-service/src/attribute/application/usecase/list_marketplace_attributes_usecase.go:32.2,32.24 1 0
saas-mt-pim-service/src/attribute/application/usecase/update_attribute_usecase.go:17.96,21.2 1 0
saas-mt-pim-service/src/attribute/application/usecase/update_attribute_usecase.go:29.30,31.14 1 0
saas-mt-pim-service/src/attribute/application/usecase/update_attribute_usecase.go:31.14,33.3 1 0
saas-mt-pim-service/src/attribute/application/usecase/update_attribute_usecase.go:35.2,35.20 1 0
saas-mt-pim-service/src/attribute/application/usecase/update_attribute_usecase.go:35.20,37.3 1 0
saas-mt-pim-service/src/attribute/application/usecase/update_attribute_usecase.go:39.2,39.16 1 0
saas-mt-pim-service/src/attribute/application/usecase/update_attribute_usecase.go:39.16,41.3 1 0
saas-mt-pim-service/src/attribute/application/usecase/update_attribute_usecase.go:44.2,45.16 2 0
saas-mt-pim-service/src/attribute/application/usecase/update_attribute_usecase.go:45.16,47.3 1 0
saas-mt-pim-service/src/attribute/application/usecase/update_attribute_usecase.go:49.2,49.22 1 0
saas-mt-pim-service/src/attribute/application/usecase/update_attribute_usecase.go:49.22,51.3 1 0
saas-mt-pim-service/src/attribute/application/usecase/update_attribute_usecase.go:54.2,55.16 2 0
saas-mt-pim-service/src/attribute/application/usecase/update_attribute_usecase.go:55.16,57.3 1 0
saas-mt-pim-service/src/attribute/application/usecase/update_attribute_usecase.go:59.2,59.42 1 0
saas-mt-pim-service/src/attribute/application/usecase/update_attribute_usecase.go:59.42,60.41 1 0
saas-mt-pim-service/src/attribute/application/usecase/update_attribute_usecase.go:60.41,62.4 1 0
saas-mt-pim-service/src/attribute/application/usecase/update_attribute_usecase.go:66.2,71.16 4 0
saas-mt-pim-service/src/attribute/application/usecase/update_attribute_usecase.go:71.16,73.3 1 0
saas-mt-pim-service/src/attribute/application/usecase/update_attribute_usecase.go:75.2,75.23 1 0
saas-mt-pim-service/src/attribute/application/usecase/update_attribute_value_usecase.go:17.107,19.2 1 0
saas-mt-pim-service/src/attribute/application/usecase/update_attribute_value_usecase.go:22.155,23.19 1 0
saas-mt-pim-service/src/attribute/application/usecase/update_attribute_value_usecase.go:23.19,25.3 1 0
saas-mt-pim-service/src/attribute/application/usecase/update_attribute_value_usecase.go:26.2,26.20 1 0
saas-mt-pim-service/src/attribute/application/usecase/update_attribute_value_usecase.go:26.20,28.3 1 0
saas-mt-pim-service/src/attribute/application/usecase/update_attribute_value_usecase.go:30.2,31.16 2 0
saas-mt-pim-service/src/attribute/application/usecase/update_attribute_value_usecase.go:31.16,33.3 1 0
saas-mt-pim-service/src/attribute/application/usecase/update_attribute_value_usecase.go:34.2,34.21 1 0
saas-mt-pim-service/src/attribute/application/usecase/update_attribute_value_usecase.go:34.21,36.3 1 0
saas-mt-pim-service/src/attribute/application/usecase/update_attribute_value_usecase.go:37.2,37.41 1 0
saas-mt-pim-service/src/attribute/application/usecase/update_attribute_value_usecase.go:37.41,39.3 1 0
saas-mt-pim-service/src/attribute/application/usecase/update_attribute_value_usecase.go:41.2,41.63 1 0
saas-mt-pim-service/src/attribute/application/usecase/update_marketplace_attribute_usecase.go:17.140,21.2 1 0
saas-mt-pim-service/src/attribute/application/usecase/update_marketplace_attribute_usecase.go:35.41,37.14 1 0
saas-mt-pim-service/src/attribute/application/usecase/update_marketplace_attribute_usecase.go:37.14,39.3 1 0
saas-mt-pim-service/src/attribute/application/usecase/update_marketplace_attribute_usecase.go:41.2,41.16 1 0
saas-mt-pim-service/src/attribute/application/usecase/update_marketplace_attribute_usecase.go:41.16,43.3 1 0
saas-mt-pim-service/src/attribute/application/usecase/update_marketplace_attribute_usecase.go:46.2,46.16 1 0
saas-mt-pim-service/src/attribute/application/usecase/update_marketplace_attribute_usecase.go:46.16,48.3 1 0
saas-mt-pim-service/src/attribute/application/usecase/update_marketplace_attribute_usecase.go:50.2,50.25 1 0
saas-mt-pim-service/src/attribute/application/usecase/update_marketplace_attribute_usecase.go:50.25,52.3 1 0
saas-mt-pim-service/src/attribute/application/usecase/update_marketplace_attribute_usecase.go:55.2,56.16 2 0
saas-mt-pim-service/src/attribute/application/usecase/update_marketplace_attribute_usecase.go:56.16,58.3 1 0
saas-mt-pim-service/src/attribute/application/usecase/update_marketplace_attribute_usecase.go:60.2,60.22 1 0
saas-mt-pim-service/src/attribute/application/usecase/update_marketplace_attribute_usecase.go:60.22,62.3 1 0
saas-mt-pim-service/src/attribute/application/usecase/update_marketplace_attribute_usecase.go:65.2,66.16 2 0
saas-mt-pim-service/src/attribute/application/usecase/update_marketplace_attribute_usecase.go:66.16,68.3 1 0
saas-mt-pim-service/src/attribute/application/usecase/update_marketplace_attribute_usecase.go:69.2,69.54 1 0
saas-mt-pim-service/src/attribute/application/usecase/update_marketplace_attribute_usecase.go:69.54,71.3 1 0
saas-mt-pim-service/src/attribute/application/usecase/update_marketplace_attribute_usecase.go:74.2,75.16 2 0
saas-mt-pim-service/src/attribute/application/usecase/update_marketplace_attribute_usecase.go:75.16,77.3 1 0
saas-mt-pim-service/src/attribute/application/usecase/update_marketplace_attribute_usecase.go:78.2,78.54 1 0
saas-mt-pim-service/src/attribute/application/usecase/update_marketplace_attribute_usecase.go:78.54,80.3 1 0
saas-mt-pim-service/src/attribute/application/usecase/update_marketplace_attribute_usecase.go:83.2,85.39 3 0
saas-mt-pim-service/src/attribute/application/usecase/update_marketplace_attribute_usecase.go:85.39,86.33 1 0
saas-mt-pim-service/src/attribute/application/usecase/update_marketplace_attribute_usecase.go:86.33,88.9 2 0
saas-mt-pim-service/src/attribute/application/usecase/update_marketplace_attribute_usecase.go:91.2,91.18 1 0
saas-mt-pim-service/src/attribute/application/usecase/update_marketplace_attribute_usecase.go:91.18,93.3 1 0
saas-mt-pim-service/src/attribute/application/usecase/update_marketplace_attribute_usecase.go:96.2,108.16 11 0
saas-mt-pim-service/src/attribute/application/usecase/update_marketplace_attribute_usecase.go:108.16,110.3 1 0
saas-mt-pim-service/src/attribute/application/usecase/update_marketplace_attribute_usecase.go:112.2,112.23 1 0
saas-mt-pim-service/src/attribute/domain/entity/attribute.go:20.62,21.20 1 0
saas-mt-pim-service/src/attribute/domain/entity/attribute.go:21.20,23.3 1 0
saas-mt-pim-service/src/attribute/domain/entity/attribute.go:24.2,24.16 1 0
saas-mt-pim-service/src/attribute/domain/entity/attribute.go:24.16,26.3 1 0
saas-mt-pim-service/src/attribute/domain/entity/attribute.go:28.2,36.8 2 0
saas-mt-pim-service/src/attribute/domain/entity/attribute.go:40.30,42.2 1 0
saas-mt-pim-service/src/attribute/domain/entity/attribute_value.go:23.91,24.23 1 0
saas-mt-pim-service/src/attribute/domain/entity/attribute_value.go:24.23,26.3 1 0
saas-mt-pim-service/src/attribute/domain/entity/attribute_value.go:27.2,27.36 1 0
saas-mt-pim-service/src/attribute/domain/entity/attribute_value.go:27.36,29.3 1 0
saas-mt-pim-service/src/attribute/domain/entity/attribute_value.go:31.2,41.8 2 0
saas-mt-pim-service/src/attribute/domain/entity/attribute_value.go:45.54,55.2 9 0
saas-mt-pim-service/src/attribute/domain/entity/marketplace_attribute.go:35.34,36.16 1 0
saas-mt-pim-service/src/attribute/domain/entity/marketplace_attribute.go:36.16,38.3 1 0
saas-mt-pim-service/src/attribute/domain/entity/marketplace_attribute.go:40.2,40.16 1 0
saas-mt-pim-service/src/attribute/domain/entity/marketplace_attribute.go:40.16,42.3 1 0
saas-mt-pim-service/src/attribute/domain/entity/marketplace_attribute.go:44.2,44.25 1 0
saas-mt-pim-service/src/attribute/domain/entity/marketplace_attribute.go:44.25,46.3 1 0
saas-mt-pim-service/src/attribute/domain/entity/marketplace_attribute.go:49.2,51.39 3 0
saas-mt-pim-service/src/attribute/domain/entity/marketplace_attribute.go:51.39,52.33 1 0
saas-mt-pim-service/src/attribute/domain/entity/marketplace_attribute.go:52.33,54.9 2 0
saas-mt-pim-service/src/attribute/domain/entity/marketplace_attribute.go:57.2,57.18 1 0
saas-mt-pim-service/src/attribute/domain/entity/marketplace_attribute.go:57.18,59.3 1 0
saas-mt-pim-service/src/attribute/domain/entity/marketplace_attribute.go:61.2,61.28 1 0
saas-mt-pim-service/src/attribute/domain/entity/marketplace_attribute.go:61.28,63.3 1 0
saas-mt-pim-service/src/attribute/domain/entity/marketplace_attribute.go:65.2,78.8 2 0
saas-mt-pim-service/src/attribute/domain/entity/marketplace_attribute.go:82.41,84.2 1 0
saas-mt-pim-service/src/attribute/domain/entity/marketplace_attribute.go:87.63,90.2 2 0
saas-mt-pim-service/src/attribute/domain/entity/marketplace_attribute.go:93.63,96.2 2 0
saas-mt-pim-service/src/attribute/domain/entity/marketplace_attribute.go:99.69,102.2 2 0
saas-mt-pim-service/src/attribute/domain/entity/tenant_attribute_extension.go:24.130,25.20 1 0
saas-mt-pim-service/src/attribute/domain/entity/tenant_attribute_extension.go:25.20,27.3 1 0
saas-mt-pim-service/src/attribute/domain/entity/tenant_attribute_extension.go:29.2,29.34 1 0
saas-mt-pim-service/src/attribute/domain/entity/tenant_attribute_extension.go:29.34,31.3 1 0
saas-mt-pim-service/src/attribute/domain/entity/tenant_attribute_extension.go:33.2,42.8 2 0
saas-mt-pim-service/src/attribute/domain/entity/tenant_attribute_extension.go:46.75,49.2 2 0
saas-mt-pim-service/src/attribute/domain/entity/tenant_attribute_extension.go:52.67,53.17 1 0
saas-mt-pim-service/src/attribute/domain/entity/tenant_attribute_extension.go:53.17,55.3 1 0
saas-mt-pim-service/src/attribute/domain/entity/tenant_attribute_extension.go:58.2,58.53 1 0
saas-mt-pim-service/src/attribute/domain/entity/tenant_attribute_extension.go:58.53,59.29 1 0
saas-mt-pim-service/src/attribute/domain/entity/tenant_attribute_extension.go:59.29,61.4 1 0
saas-mt-pim-service/src/attribute/domain/entity/tenant_attribute_extension.go:64.2,66.12 3 0
saas-mt-pim-service/src/attribute/domain/entity/tenant_attribute_extension.go:70.64,71.43 1 0
saas-mt-pim-service/src/attribute/domain/entity/tenant_attribute_extension.go:71.43,72.19 1 0
saas-mt-pim-service/src/attribute/domain/entity/tenant_attribute_extension.go:72.19,75.9 3 0
saas-mt-pim-service/src/attribute/domain/entity/tenant_attribute_extension.go:81.68,86.31 3 0
saas-mt-pim-service/src/attribute/domain/entity/tenant_attribute_extension.go:86.31,87.34 1 0
saas-mt-pim-service/src/attribute/domain/entity/tenant_attribute_extension.go:87.34,90.4 2 0
saas-mt-pim-service/src/attribute/domain/entity/tenant_attribute_extension.go:93.2,94.28 2 0
saas-mt-pim-service/src/attribute/domain/entity/tenant_attribute_extension.go:98.49,101.2 2 0
saas-mt-pim-service/src/attribute/domain/entity/tenant_attribute_extension.go:104.51,107.2 2 0
saas-mt-pim-service/src/attribute/domain/entity/tenant_attribute_extension.go:110.59,112.2 1 0
saas-mt-pim-service/src/attribute/domain/entity/tenant_attribute_extension.go:115.65,117.2 1 0
saas-mt-pim-service/src/attribute/domain/entity/tenant_attribute_extension.go:120.93,121.25 1 0
saas-mt-pim-service/src/attribute/domain/entity/tenant_attribute_extension.go:121.25,123.3 1 0
saas-mt-pim-service/src/attribute/domain/entity/tenant_attribute_extension.go:124.2,124.33 1 0
saas-mt-pim-service/src/attribute/domain/entity/tenant_attribute_extension.go:128.88,134.42 3 0
saas-mt-pim-service/src/attribute/domain/entity/tenant_attribute_extension.go:134.42,135.19 1 0
saas-mt-pim-service/src/attribute/domain/entity/tenant_attribute_extension.go:135.19,138.4 2 0
saas-mt-pim-service/src/attribute/domain/entity/tenant_attribute_extension.go:142.2,142.45 1 0
saas-mt-pim-service/src/attribute/domain/entity/tenant_attribute_extension.go:142.45,143.19 1 0
saas-mt-pim-service/src/attribute/domain/entity/tenant_attribute_extension.go:143.19,146.4 2 0
saas-mt-pim-service/src/attribute/domain/entity/tenant_attribute_extension.go:149.2,149.18 1 0
saas-mt-pim-service/src/attribute/domain/entity/tenant_attribute_extension.go:153.115,154.47 1 0
saas-mt-pim-service/src/attribute/domain/entity/tenant_attribute_extension.go:154.47,157.67 1 0
saas-mt-pim-service/src/attribute/domain/entity/tenant_attribute_extension.go:157.67,159.4 1 0
saas-mt-pim-service/src/attribute/domain/entity/tenant_attribute_extension.go:161.2,161.12 1 0
saas-mt-pim-service/src/attribute/infrastructure/config/attribute_module_config.go:51.66,128.2 22 0
saas-mt-pim-service/src/attribute/infrastructure/config/attribute_module_config.go:131.106,133.2 1 0
saas-mt-pim-service/src/attribute/infrastructure/config/attribute_module_config.go:136.84,138.2 1 0
saas-mt-pim-service/src/attribute/infrastructure/config/attribute_module_config.go:141.64,149.2 5 0
saas-mt-pim-service/src/attribute/infrastructure/controller/http_handler.go:31.21,40.2 1 0
saas-mt-pim-service/src/attribute/infrastructure/controller/http_handler.go:43.68,45.2 2 0
saas-mt-pim-service/src/attribute/infrastructure/controller/http_handler.go:45.2,51.3 5 0
saas-mt-pim-service/src/attribute/infrastructure/controller/http_handler.go:55.51,58.20 2 0
saas-mt-pim-service/src/attribute/infrastructure/controller/http_handler.go:58.20,61.3 2 0
saas-mt-pim-service/src/attribute/infrastructure/controller/http_handler.go:63.2,64.47 2 0
saas-mt-pim-service/src/attribute/infrastructure/controller/http_handler.go:64.47,67.3 2 0
saas-mt-pim-service/src/attribute/infrastructure/controller/http_handler.go:69.2,70.16 2 0
saas-mt-pim-service/src/attribute/infrastructure/controller/http_handler.go:70.16,71.82 1 0
saas-mt-pim-service/src/attribute/infrastructure/controller/http_handler.go:71.82,74.4 2 0
saas-mt-pim-service/src/attribute/infrastructure/controller/http_handler.go:75.3,76.9 2 0
saas-mt-pim-service/src/attribute/infrastructure/controller/http_handler.go:79.2,79.60 1 0
saas-mt-pim-service/src/attribute/infrastructure/controller/http_handler.go:83.49,86.20 2 0
saas-mt-pim-service/src/attribute/infrastructure/controller/http_handler.go:86.20,89.3 2 0
saas-mt-pim-service/src/attribute/infrastructure/controller/http_handler.go:91.2,92.16 2 0
saas-mt-pim-service/src/attribute/infrastructure/controller/http_handler.go:92.16,95.3 2 0
saas-mt-pim-service/src/attribute/infrastructure/controller/http_handler.go:97.2,97.58 1 0
saas-mt-pim-service/src/attribute/infrastructure/controller/http_handler.go:101.52,104.20 2 0
saas-mt-pim-service/src/attribute/infrastructure/controller/http_handler.go:104.20,107.3 2 0
saas-mt-pim-service/src/attribute/infrastructure/controller/http_handler.go:109.2,112.16 3 0
saas-mt-pim-service/src/attribute/infrastructure/controller/http_handler.go:112.16,113.42 1 0
saas-mt-pim-service/src/attribute/infrastructure/controller/http_handler.go:113.42,116.4 2 0
saas-mt-pim-service/src/attribute/infrastructure/controller/http_handler.go:117.3,118.9 2 0
saas-mt-pim-service/src/attribute/infrastructure/controller/http_handler.go:121.2,121.55 1 0
saas-mt-pim-service/src/attribute/infrastructure/controller/http_handler.go:125.51,128.20 2 0
saas-mt-pim-service/src/attribute/infrastructure/controller/http_handler.go:128.20,131.3 2 0
saas-mt-pim-service/src/attribute/infrastructure/controller/http_handler.go:133.2,136.47 3 0
saas-mt-pim-service/src/attribute/infrastructure/controller/http_handler.go:136.47,139.3 2 0
saas-mt-pim-service/src/attribute/infrastructure/controller/http_handler.go:141.2,142.16 2 0
saas-mt-pim-service/src/attribute/infrastructure/controller/http_handler.go:142.16,143.42 1 0
saas-mt-pim-service/src/attribute/infrastructure/controller/http_handler.go:143.42,146.4 2 0
saas-mt-pim-service/src/attribute/infrastructure/controller/http_handler.go:147.3,147.82 1 0
saas-mt-pim-service/src/attribute/infrastructure/controller/http_handler.go:147.82,150.4 2 0
saas-mt-pim-service/src/attribute/infrastructure/controller/http_handler.go:151.3,152.9 2 0
saas-mt-pim-service/src/attribute/infrastructure/controller/http_handler.go:155.2,155.55 1 0
saas-mt-pim-service/src/attribute/infrastructure/controller/http_handler.go:159.51,162.20 2 0
saas-mt-pim-service/src/attribute/infrastructure/controller/http_handler.go:162.20,165.3 2 0
saas-mt-pim-service/src/attribute/infrastructure/controller/http_handler.go:167.2,170.16 3 0
saas-mt-pim-service/src/attribute/infrastructure/controller/http_handler.go:170.16,171.42 1 0
saas-mt-pim-service/src/attribute/infrastructure/controller/http_handler.go:171.42,174.4 2 0
saas-mt-pim-service/src/attribute/infrastructure/controller/http_handler.go:175.3,176.9 2 0
saas-mt-pim-service/src/attribute/infrastructure/controller/http_handler.go:179.2,179.35 1 0
saas-mt-pim-service/src/attribute/infrastructure/controller/marketplace_attribute_handler.go:38.32,48.2 1 0
saas-mt-pim-service/src/attribute/infrastructure/controller/marketplace_attribute_handler.go:56.32,62.2 5 0
saas-mt-pim-service/src/attribute/infrastructure/controller/marketplace_attribute_handler.go:65.79,67.2 2 0
saas-mt-pim-service/src/attribute/infrastructure/controller/marketplace_attribute_handler.go:67.2,74.33 6 0
saas-mt-pim-service/src/attribute/infrastructure/controller/marketplace_attribute_handler.go:74.33,79.4 4 0
saas-mt-pim-service/src/attribute/infrastructure/controller/marketplace_attribute_handler.go:84.36,86.2 1 0
saas-mt-pim-service/src/attribute/infrastructure/controller/marketplace_attribute_handler.go:89.62,90.46 1 0
saas-mt-pim-service/src/attribute/infrastructure/controller/marketplace_attribute_handler.go:90.46,93.3 2 0
saas-mt-pim-service/src/attribute/infrastructure/controller/marketplace_attribute_handler.go:95.2,96.47 2 0
saas-mt-pim-service/src/attribute/infrastructure/controller/marketplace_attribute_handler.go:96.47,99.3 2 0
saas-mt-pim-service/src/attribute/infrastructure/controller/marketplace_attribute_handler.go:101.2,102.32 2 0
saas-mt-pim-service/src/attribute/infrastructure/controller/marketplace_attribute_handler.go:102.32,104.3 1 0
saas-mt-pim-service/src/attribute/infrastructure/controller/marketplace_attribute_handler.go:106.2,117.16 2 0
saas-mt-pim-service/src/attribute/infrastructure/controller/marketplace_attribute_handler.go:117.16,118.93 1 0
saas-mt-pim-service/src/attribute/infrastructure/controller/marketplace_attribute_handler.go:118.93,121.4 2 0
saas-mt-pim-service/src/attribute/infrastructure/controller/marketplace_attribute_handler.go:122.3,123.9 2 0
saas-mt-pim-service/src/attribute/infrastructure/controller/marketplace_attribute_handler.go:126.2,126.71 1 0
saas-mt-pim-service/src/attribute/infrastructure/controller/marketplace_attribute_handler.go:130.60,131.46 1 0
saas-mt-pim-service/src/attribute/infrastructure/controller/marketplace_attribute_handler.go:131.46,134.3 2 0
saas-mt-pim-service/src/attribute/infrastructure/controller/marketplace_attribute_handler.go:136.2,138.16 3 0
saas-mt-pim-service/src/attribute/infrastructure/controller/marketplace_attribute_handler.go:138.16,141.3 2 0
saas-mt-pim-service/src/attribute/infrastructure/controller/marketplace_attribute_handler.go:143.2,143.31 1 0
saas-mt-pim-service/src/attribute/infrastructure/controller/marketplace_attribute_handler.go:147.63,148.46 1 0
saas-mt-pim-service/src/attribute/infrastructure/controller/marketplace_attribute_handler.go:148.46,151.3 2 0
saas-mt-pim-service/src/attribute/infrastructure/controller/marketplace_attribute_handler.go:153.2,154.16 2 0
saas-mt-pim-service/src/attribute/infrastructure/controller/marketplace_attribute_handler.go:154.16,155.53 1 0
saas-mt-pim-service/src/attribute/infrastructure/controller/marketplace_attribute_handler.go:155.53,158.4 2 0
saas-mt-pim-service/src/attribute/infrastructure/controller/marketplace_attribute_handler.go:159.3,160.9 2 0
saas-mt-pim-service/src/attribute/infrastructure/controller/marketplace_attribute_handler.go:163.2,163.66 1 0
saas-mt-pim-service/src/attribute/infrastructure/controller/marketplace_attribute_handler.go:167.62,168.46 1 0
saas-mt-pim-service/src/attribute/infrastructure/controller/marketplace_attribute_handler.go:168.46,171.3 2 0
saas-mt-pim-service/src/attribute/infrastructure/controller/marketplace_attribute_handler.go:173.2,174.47 2 0
saas-mt-pim-service/src/attribute/infrastructure/controller/marketplace_attribute_handler.go:174.47,177.3 2 0
saas-mt-pim-service/src/attribute/infrastructure/controller/marketplace_attribute_handler.go:179.2,180.32 2 0
saas-mt-pim-service/src/attribute/infrastructure/controller/marketplace_attribute_handler.go:180.32,182.3 1 0
saas-mt-pim-service/src/attribute/infrastructure/controller/marketplace_attribute_handler.go:184.2,196.16 2 0
saas-mt-pim-service/src/attribute/infrastructure/controller/marketplace_attribute_handler.go:196.16,197.53 1 0
saas-mt-pim-service/src/attribute/infrastructure/controller/marketplace_attribute_handler.go:197.53,200.4 2 0
saas-mt-pim-service/src/attribute/infrastructure/controller/marketplace_attribute_handler.go:201.3,201.93 1 0
saas-mt-pim-service/src/attribute/infrastructure/controller/marketplace_attribute_handler.go:201.93,204.4 2 0
saas-mt-pim-service/src/attribute/infrastructure/controller/marketplace_attribute_handler.go:205.3,206.9 2 0
saas-mt-pim-service/src/attribute/infrastructure/controller/marketplace_attribute_handler.go:209.2,209.66 1 0
saas-mt-pim-service/src/attribute/infrastructure/controller/marketplace_attribute_handler.go:213.62,214.46 1 0
saas-mt-pim-service/src/attribute/infrastructure/controller/marketplace_attribute_handler.go:214.46,217.3 2 0
saas-mt-pim-service/src/attribute/infrastructure/controller/marketplace_attribute_handler.go:219.2,220.16 2 0
saas-mt-pim-service/src/attribute/infrastructure/controller/marketplace_attribute_handler.go:220.16,221.53 1 0
saas-mt-pim-service/src/attribute/infrastructure/controller/marketplace_attribute_handler.go:221.53,224.4 2 0
saas-mt-pim-service/src/attribute/infrastructure/controller/marketplace_attribute_handler.go:225.3,225.39 1 0
saas-mt-pim-service/src/attribute/infrastructure/controller/marketplace_attribute_handler.go:225.39,228.4 2 0
saas-mt-pim-service/src/attribute/infrastructure/controller/marketplace_attribute_handler.go:229.3,230.9 2 0
saas-mt-pim-service/src/attribute/infrastructure/controller/marketplace_attribute_handler.go:233.2,233.35 1 0
saas-mt-pim-service/src/attribute/infrastructure/controller/marketplace_attribute_handler.go:237.66,238.46 1 0
saas-mt-pim-service/src/attribute/infrastructure/controller/marketplace_attribute_handler.go:238.46,241.3 2 0
saas-mt-pim-service/src/attribute/infrastructure/controller/marketplace_attribute_handler.go:243.2,244.16 2 0
saas-mt-pim-service/src/attribute/infrastructure/controller/marketplace_attribute_handler.go:244.16,247.3 2 0
saas-mt-pim-service/src/attribute/infrastructure/controller/marketplace_attribute_handler.go:249.2,249.84 1 0
saas-mt-pim-service/src/attribute/infrastructure/controller/marketplace_attribute_handler.go:253.67,254.46 1 0
saas-mt-pim-service/src/attribute/infrastructure/controller/marketplace_attribute_handler.go:254.46,257.3 2 0
saas-mt-pim-service/src/attribute/infrastructure/controller/marketplace_attribute_handler.go:259.2,260.47 2 0
saas-mt-pim-service/src/attribute/infrastructure/controller/marketplace_attribute_handler.go:260.47,263.3 2 0
saas-mt-pim-service/src/attribute/infrastructure/controller/marketplace_attribute_handler.go:265.2,266.16 2 0
saas-mt-pim-service/src/attribute/infrastructure/controller/marketplace_attribute_handler.go:266.16,267.53 1 0
saas-mt-pim-service/src/attribute/infrastructure/controller/marketplace_attribute_handler.go:267.53,270.4 2 0
saas-mt-pim-service/src/attribute/infrastructure/controller/marketplace_attribute_handler.go:271.3,272.9 2 0
saas-mt-pim-service/src/attribute/infrastructure/controller/marketplace_attribute_handler.go:275.2,275.66 1 0
saas-mt-pim-service/src/attribute/infrastructure/controller/marketplace_attribute_handler.go:279.67,280.46 1 0
saas-mt-pim-service/src/attribute/infrastructure/controller/marketplace_attribute_handler.go:280.46,283.3 2 0
saas-mt-pim-service/src/attribute/infrastructure/controller/marketplace_attribute_handler.go:285.2,286.47 2 0
saas-mt-pim-service/src/attribute/infrastructure/controller/marketplace_attribute_handler.go:286.47,289.3 2 0
saas-mt-pim-service/src/attribute/infrastructure/controller/marketplace_attribute_handler.go:291.2,292.16 2 0
saas-mt-pim-service/src/attribute/infrastructure/controller/marketplace_attribute_handler.go:292.16,293.47 1 0
saas-mt-pim-service/src/attribute/infrastructure/controller/marketplace_attribute_handler.go:293.47,296.4 2 0
saas-mt-pim-service/src/attribute/infrastructure/controller/marketplace_attribute_handler.go:297.3,298.9 2 0
saas-mt-pim-service/src/attribute/infrastructure/controller/marketplace_attribute_handler.go:301.2,301.61 1 0
saas-mt-pim-service/src/attribute/infrastructure/controller/marketplace_attribute_handler.go:305.67,306.46 1 0
saas-mt-pim-service/src/attribute/infrastructure/controller/marketplace_attribute_handler.go:306.46,309.3 2 0
saas-mt-pim-service/src/attribute/infrastructure/controller/marketplace_attribute_handler.go:311.2,312.16 2 0
saas-mt-pim-service/src/attribute/infrastructure/controller/marketplace_attribute_handler.go:312.16,313.47 1 0
saas-mt-pim-service/src/attribute/infrastructure/controller/marketplace_attribute_handler.go:313.47,316.4 2 0
saas-mt-pim-service/src/attribute/infrastructure/controller/marketplace_attribute_handler.go:317.3,318.9 2 0
saas-mt-pim-service/src/attribute/infrastructure/controller/marketplace_attribute_handler.go:321.2,321.35 1 0
saas-mt-pim-service/src/attribute/infrastructure/criteria/marketplace_attribute_criteria_builder.go:16.84,20.2 1 0
saas-mt-pim-service/src/attribute/infrastructure/criteria/marketplace_attribute_criteria_builder.go:23.112,31.2 3 0
saas-mt-pim-service/src/attribute/infrastructure/criteria/marketplace_attribute_criteria_builder.go:34.90,37.2 2 0
saas-mt-pim-service/src/attribute/infrastructure/criteria/marketplace_attribute_criteria_builder.go:40.67,42.2 1 0
saas-mt-pim-service/src/attribute/infrastructure/criteria/marketplace_attribute_criteria_builder.go:45.94,47.49 1 0
saas-mt-pim-service/src/attribute/infrastructure/criteria/marketplace_attribute_criteria_builder.go:47.49,49.3 1 0
saas-mt-pim-service/src/attribute/infrastructure/criteria/marketplace_attribute_criteria_builder.go:52.2,52.41 1 0
saas-mt-pim-service/src/attribute/infrastructure/criteria/marketplace_attribute_criteria_builder.go:52.41,54.3 1 0
saas-mt-pim-service/src/attribute/infrastructure/criteria/marketplace_attribute_criteria_builder.go:57.2,57.60 1 0
saas-mt-pim-service/src/attribute/infrastructure/criteria/marketplace_attribute_criteria_builder.go:57.60,58.27 1 0
saas-mt-pim-service/src/attribute/infrastructure/criteria/marketplace_attribute_criteria_builder.go:58.27,60.4 1 0
saas-mt-pim-service/src/attribute/infrastructure/criteria/marketplace_attribute_criteria_builder.go:60.9,60.35 1 0
saas-mt-pim-service/src/attribute/infrastructure/criteria/marketplace_attribute_criteria_builder.go:60.35,62.4 1 0
saas-mt-pim-service/src/attribute/infrastructure/criteria/marketplace_attribute_criteria_builder.go:66.2,66.66 1 0
saas-mt-pim-service/src/attribute/infrastructure/criteria/marketplace_attribute_criteria_builder.go:66.66,67.29 1 0
saas-mt-pim-service/src/attribute/infrastructure/criteria/marketplace_attribute_criteria_builder.go:67.29,69.4 1 0
saas-mt-pim-service/src/attribute/infrastructure/criteria/marketplace_attribute_criteria_builder.go:69.9,69.37 1 0
saas-mt-pim-service/src/attribute/infrastructure/criteria/marketplace_attribute_criteria_builder.go:69.37,71.4 1 0
saas-mt-pim-service/src/attribute/infrastructure/criteria/marketplace_attribute_criteria_builder.go:75.2,75.66 1 0
saas-mt-pim-service/src/attribute/infrastructure/criteria/marketplace_attribute_criteria_builder.go:75.66,76.29 1 0
saas-mt-pim-service/src/attribute/infrastructure/criteria/marketplace_attribute_criteria_builder.go:76.29,78.4 1 0
saas-mt-pim-service/src/attribute/infrastructure/criteria/marketplace_attribute_criteria_builder.go:78.9,78.37 1 0
saas-mt-pim-service/src/attribute/infrastructure/criteria/marketplace_attribute_criteria_builder.go:78.37,80.4 1 0
saas-mt-pim-service/src/attribute/infrastructure/criteria/marketplace_attribute_criteria_builder.go:86.75,99.2 1 0
saas-mt-pim-service/src/attribute/infrastructure/criteria/marketplace_attribute_criteria_builder.go:102.77,104.2 1 0
saas-mt-pim-service/src/attribute/infrastructure/criteria/marketplace_attribute_criteria_builder.go:107.81,109.2 1 0
saas-mt-pim-service/src/attribute/infrastructure/persistence/repository/attribute_postgres_repository.go:20.78,25.2 1 0
saas-mt-pim-service/src/attribute/infrastructure/persistence/repository/attribute_postgres_repository.go:28.102,46.16 3 0
saas-mt-pim-service/src/attribute/infrastructure/persistence/repository/attribute_postgres_repository.go:46.16,49.3 2 0
saas-mt-pim-service/src/attribute/infrastructure/persistence/repository/attribute_postgres_repository.go:51.2,51.12 1 0
saas-mt-pim-service/src/attribute/infrastructure/persistence/repository/attribute_postgres_repository.go:55.102,72.16 3 0
saas-mt-pim-service/src/attribute/infrastructure/persistence/repository/attribute_postgres_repository.go:72.16,75.3 2 0
saas-mt-pim-service/src/attribute/infrastructure/persistence/repository/attribute_postgres_repository.go:77.2,78.23 2 0
saas-mt-pim-service/src/attribute/infrastructure/persistence/repository/attribute_postgres_repository.go:78.23,80.3 1 0
saas-mt-pim-service/src/attribute/infrastructure/persistence/repository/attribute_postgres_repository.go:82.2,82.12 1 0
saas-mt-pim-service/src/attribute/infrastructure/persistence/repository/attribute_postgres_repository.go:86.124,95.2 3 0
saas-mt-pim-service/src/attribute/infrastructure/persistence/repository/attribute_postgres_repository.go:98.119,107.16 3 0
saas-mt-pim-service/src/attribute/infrastructure/persistence/repository/attribute_postgres_repository.go:107.16,109.3 1 0
saas-mt-pim-service/src/attribute/infrastructure/persistence/repository/attribute_postgres_repository.go:110.2,112.31 2 0
saas-mt-pim-service/src/attribute/infrastructure/persistence/repository/attribute_postgres_repository.go:116.101,120.16 3 0
saas-mt-pim-service/src/attribute/infrastructure/persistence/repository/attribute_postgres_repository.go:120.16,123.3 2 0
saas-mt-pim-service/src/attribute/infrastructure/persistence/repository/attribute_postgres_repository.go:125.2,126.23 2 0
saas-mt-pim-service/src/attribute/infrastructure/persistence/repository/attribute_postgres_repository.go:126.23,128.3 1 0
saas-mt-pim-service/src/attribute/infrastructure/persistence/repository/attribute_postgres_repository.go:130.2,130.12 1 0
saas-mt-pim-service/src/attribute/infrastructure/persistence/repository/attribute_postgres_repository.go:134.124,141.16 3 0
saas-mt-pim-service/src/attribute/infrastructure/persistence/repository/attribute_postgres_repository.go:141.16,143.3 1 0
saas-mt-pim-service/src/attribute/infrastructure/persistence/repository/attribute_postgres_repository.go:145.2,146.16 2 0
saas-mt-pim-service/src/attribute/infrastructure/persistence/repository/attribute_postgres_repository.go:146.16,148.3 1 0
saas-mt-pim-service/src/attribute/infrastructure/persistence/repository/attribute_postgres_repository.go:149.2,151.31 2 0
saas-mt-pim-service/src/attribute/infrastructure/persistence/repository/attribute_postgres_repository.go:155.107,159.16 3 0
saas-mt-pim-service/src/attribute/infrastructure/persistence/repository/attribute_postgres_repository.go:159.16,161.3 1 0
saas-mt-pim-service/src/attribute/infrastructure/persistence/repository/attribute_postgres_repository.go:163.2,165.19 3 0
saas-mt-pim-service/src/attribute/infrastructure/persistence/repository/attribute_postgres_repository.go:169.94,181.26 3 0
saas-mt-pim-service/src/attribute/infrastructure/persistence/repository/attribute_postgres_repository.go:181.26,183.3 1 0
saas-mt-pim-service/src/attribute/infrastructure/persistence/repository/attribute_postgres_repository.go:184.2,184.16 1 0
saas-mt-pim-service/src/attribute/infrastructure/persistence/repository/attribute_postgres_repository.go:184.16,186.3 1 0
saas-mt-pim-service/src/attribute/infrastructure/persistence/repository/attribute_postgres_repository.go:188.2,188.24 1 0
saas-mt-pim-service/src/attribute/infrastructure/persistence/repository/attribute_postgres_repository.go:192.99,195.18 2 0
saas-mt-pim-service/src/attribute/infrastructure/persistence/repository/attribute_postgres_repository.go:195.18,207.17 3 0
saas-mt-pim-service/src/attribute/infrastructure/persistence/repository/attribute_postgres_repository.go:207.17,209.4 1 0
saas-mt-pim-service/src/attribute/infrastructure/persistence/repository/attribute_postgres_repository.go:211.3,211.46 1 0
saas-mt-pim-service/src/attribute/infrastructure/persistence/repository/attribute_postgres_repository.go:214.2,214.24 1 0
saas-mt-pim-service/src/attribute/infrastructure/persistence/repository/attribute_value_postgres_repository.go:19.88,21.2 1 0
saas-mt-pim-service/src/attribute/infrastructure/persistence/repository/attribute_value_postgres_repository.go:24.104,33.16 3 0
saas-mt-pim-service/src/attribute/infrastructure/persistence/repository/attribute_value_postgres_repository.go:33.16,35.3 1 0
saas-mt-pim-service/src/attribute/infrastructure/persistence/repository/attribute_value_postgres_repository.go:36.2,36.12 1 0
saas-mt-pim-service/src/attribute/infrastructure/persistence/repository/attribute_value_postgres_repository.go:40.140,50.2 4 0
saas-mt-pim-service/src/attribute/infrastructure/persistence/repository/attribute_value_postgres_repository.go:53.117,61.16 4 0
saas-mt-pim-service/src/attribute/infrastructure/persistence/repository/attribute_value_postgres_repository.go:61.16,63.3 1 0
saas-mt-pim-service/src/attribute/infrastructure/persistence/repository/attribute_value_postgres_repository.go:64.2,64.15 1 0
saas-mt-pim-service/src/attribute/infrastructure/persistence/repository/attribute_value_postgres_repository.go:68.137,76.16 3 0
saas-mt-pim-service/src/attribute/infrastructure/persistence/repository/attribute_value_postgres_repository.go:76.16,78.3 1 0
saas-mt-pim-service/src/attribute/infrastructure/persistence/repository/attribute_value_postgres_repository.go:79.2,82.18 3 0
saas-mt-pim-service/src/attribute/infrastructure/persistence/repository/attribute_value_postgres_repository.go:82.18,84.118 2 0
saas-mt-pim-service/src/attribute/infrastructure/persistence/repository/attribute_value_postgres_repository.go:84.118,86.4 1 0
saas-mt-pim-service/src/attribute/infrastructure/persistence/repository/attribute_value_postgres_repository.go:87.3,87.30 1 0
saas-mt-pim-service/src/attribute/infrastructure/persistence/repository/attribute_value_postgres_repository.go:89.2,89.20 1 0
saas-mt-pim-service/src/attribute/infrastructure/persistence/repository/attribute_value_postgres_repository.go:93.89,95.16 2 0
saas-mt-pim-service/src/attribute/infrastructure/persistence/repository/attribute_value_postgres_repository.go:95.16,97.3 1 0
saas-mt-pim-service/src/attribute/infrastructure/persistence/repository/attribute_value_postgres_repository.go:98.2,99.15 2 0
saas-mt-pim-service/src/attribute/infrastructure/persistence/repository/attribute_value_postgres_repository.go:99.15,101.3 1 0
saas-mt-pim-service/src/attribute/infrastructure/persistence/repository/attribute_value_postgres_repository.go:102.2,102.12 1 0
saas-mt-pim-service/src/attribute/infrastructure/persistence/repository/attribute_value_postgres_repository.go:106.116,110.16 4 0
saas-mt-pim-service/src/attribute/infrastructure/persistence/repository/attribute_value_postgres_repository.go:110.16,112.3 1 0
saas-mt-pim-service/src/attribute/infrastructure/persistence/repository/attribute_value_postgres_repository.go:113.2,113.23 1 0
saas-mt-pim-service/src/attribute/infrastructure/persistence/repository/attribute_value_postgres_repository.go:117.71,121.26 4 0
saas-mt-pim-service/src/attribute/infrastructure/persistence/repository/attribute_value_postgres_repository.go:121.26,123.3 1 0
saas-mt-pim-service/src/attribute/infrastructure/persistence/repository/attribute_value_postgres_repository.go:124.2,124.16 1 0
saas-mt-pim-service/src/attribute/infrastructure/persistence/repository/attribute_value_postgres_repository.go:124.16,126.3 1 0
saas-mt-pim-service/src/attribute/infrastructure/persistence/repository/attribute_value_postgres_repository.go:127.2,128.16 2 0
saas-mt-pim-service/src/attribute/infrastructure/persistence/repository/attribute_value_postgres_repository.go:132.45,142.2 9 0
saas-mt-pim-service/src/attribute/infrastructure/persistence/repository/marketplace_attribute_postgres_repository.go:21.100,26.2 1 0
saas-mt-pim-service/src/attribute/infrastructure/persistence/repository/marketplace_attribute_postgres_repository.go:29.124,32.16 2 0
saas-mt-pim-service/src/attribute/infrastructure/persistence/repository/marketplace_attribute_postgres_repository.go:32.16,34.3 1 0
saas-mt-pim-service/src/attribute/infrastructure/persistence/repository/marketplace_attribute_postgres_repository.go:36.2,59.16 3 0
saas-mt-pim-service/src/attribute/infrastructure/persistence/repository/marketplace_attribute_postgres_repository.go:59.16,62.3 2 0
saas-mt-pim-service/src/attribute/infrastructure/persistence/repository/marketplace_attribute_postgres_repository.go:64.2,64.12 1 0
saas-mt-pim-service/src/attribute/infrastructure/persistence/repository/marketplace_attribute_postgres_repository.go:68.124,71.16 2 0
saas-mt-pim-service/src/attribute/infrastructure/persistence/repository/marketplace_attribute_postgres_repository.go:71.16,73.3 1 0
saas-mt-pim-service/src/attribute/infrastructure/persistence/repository/marketplace_attribute_postgres_repository.go:75.2,102.16 3 0
saas-mt-pim-service/src/attribute/infrastructure/persistence/repository/marketplace_attribute_postgres_repository.go:102.16,105.3 2 0
saas-mt-pim-service/src/attribute/infrastructure/persistence/repository/marketplace_attribute_postgres_repository.go:107.2,108.23 2 0
saas-mt-pim-service/src/attribute/infrastructure/persistence/repository/marketplace_attribute_postgres_repository.go:108.23,110.3 1 0
saas-mt-pim-service/src/attribute/infrastructure/persistence/repository/marketplace_attribute_postgres_repository.go:112.2,112.12 1 0
saas-mt-pim-service/src/attribute/infrastructure/persistence/repository/marketplace_attribute_postgres_repository.go:116.129,126.2 3 0
saas-mt-pim-service/src/attribute/infrastructure/persistence/repository/marketplace_attribute_postgres_repository.go:129.133,139.2 3 0
saas-mt-pim-service/src/attribute/infrastructure/persistence/repository/marketplace_attribute_postgres_repository.go:142.133,152.2 3 0
saas-mt-pim-service/src/attribute/infrastructure/persistence/repository/marketplace_attribute_postgres_repository.go:155.119,164.16 3 0
saas-mt-pim-service/src/attribute/infrastructure/persistence/repository/marketplace_attribute_postgres_repository.go:164.16,166.3 1 0
saas-mt-pim-service/src/attribute/infrastructure/persistence/repository/marketplace_attribute_postgres_repository.go:167.2,169.42 2 0
saas-mt-pim-service/src/attribute/infrastructure/persistence/repository/marketplace_attribute_postgres_repository.go:173.95,177.16 3 0
saas-mt-pim-service/src/attribute/infrastructure/persistence/repository/marketplace_attribute_postgres_repository.go:177.16,180.3 2 0
saas-mt-pim-service/src/attribute/infrastructure/persistence/repository/marketplace_attribute_postgres_repository.go:182.2,183.23 2 0
saas-mt-pim-service/src/attribute/infrastructure/persistence/repository/marketplace_attribute_postgres_repository.go:183.23,185.3 1 0
saas-mt-pim-service/src/attribute/infrastructure/persistence/repository/marketplace_attribute_postgres_repository.go:187.2,187.12 1 0
saas-mt-pim-service/src/attribute/infrastructure/persistence/repository/marketplace_attribute_postgres_repository.go:191.146,199.16 3 0
saas-mt-pim-service/src/attribute/infrastructure/persistence/repository/marketplace_attribute_postgres_repository.go:199.16,201.3 1 0
saas-mt-pim-service/src/attribute/infrastructure/persistence/repository/marketplace_attribute_postgres_repository.go:203.2,204.16 2 0
saas-mt-pim-service/src/attribute/infrastructure/persistence/repository/marketplace_attribute_postgres_repository.go:204.16,206.3 1 0
saas-mt-pim-service/src/attribute/infrastructure/persistence/repository/marketplace_attribute_postgres_repository.go:207.2,209.42 2 0
saas-mt-pim-service/src/attribute/infrastructure/persistence/repository/marketplace_attribute_postgres_repository.go:213.118,217.16 3 0
saas-mt-pim-service/src/attribute/infrastructure/persistence/repository/marketplace_attribute_postgres_repository.go:217.16,219.3 1 0
saas-mt-pim-service/src/attribute/infrastructure/persistence/repository/marketplace_attribute_postgres_repository.go:221.2,223.19 3 0
saas-mt-pim-service/src/attribute/infrastructure/persistence/repository/marketplace_attribute_postgres_repository.go:227.127,239.16 7 0
saas-mt-pim-service/src/attribute/infrastructure/persistence/repository/marketplace_attribute_postgres_repository.go:239.16,240.27 1 0
saas-mt-pim-service/src/attribute/infrastructure/persistence/repository/marketplace_attribute_postgres_repository.go:240.27,242.4 1 0
saas-mt-pim-service/src/attribute/infrastructure/persistence/repository/marketplace_attribute_postgres_repository.go:243.3,243.18 1 0
saas-mt-pim-service/src/attribute/infrastructure/persistence/repository/marketplace_attribute_postgres_repository.go:247.2,248.86 2 0
saas-mt-pim-service/src/attribute/infrastructure/persistence/repository/marketplace_attribute_postgres_repository.go:248.86,251.3 2 0
saas-mt-pim-service/src/attribute/infrastructure/persistence/repository/marketplace_attribute_postgres_repository.go:253.2,265.8 1 0
saas-mt-pim-service/src/attribute/infrastructure/persistence/repository/marketplace_attribute_postgres_repository.go:269.104,273.16 4 0
saas-mt-pim-service/src/attribute/infrastructure/persistence/repository/marketplace_attribute_postgres_repository.go:273.16,275.3 1 0
saas-mt-pim-service/src/attribute/infrastructure/persistence/repository/marketplace_attribute_postgres_repository.go:276.2,276.23 1 0
saas-mt-pim-service/src/attribute/infrastructure/persistence/repository/marketplace_attribute_postgres_repository.go:280.132,283.18 2 0
saas-mt-pim-service/src/attribute/infrastructure/persistence/repository/marketplace_attribute_postgres_repository.go:283.18,295.17 7 0
saas-mt-pim-service/src/attribute/infrastructure/persistence/repository/marketplace_attribute_postgres_repository.go:295.17,297.4 1 0
saas-mt-pim-service/src/attribute/infrastructure/persistence/repository/marketplace_attribute_postgres_repository.go:300.3,301.87 2 0
saas-mt-pim-service/src/attribute/infrastructure/persistence/repository/marketplace_attribute_postgres_repository.go:301.87,304.4 2 0
saas-mt-pim-service/src/attribute/infrastructure/persistence/repository/marketplace_attribute_postgres_repository.go:306.3,320.45 2 0
saas-mt-pim-service/src/attribute/infrastructure/persistence/repository/marketplace_attribute_postgres_repository.go:323.2,323.24 1 0
saas-mt-pim-service/src/brand/application/mapper/brand_mapper.go:15.36,17.2 1 0
saas-mt-pim-service/src/brand/application/mapper/brand_mapper.go:20.79,21.18 1 0
saas-mt-pim-service/src/brand/application/mapper/brand_mapper.go:21.18,23.3 1 0
saas-mt-pim-service/src/brand/application/mapper/brand_mapper.go:25.2,35.3 1 0
saas-mt-pim-service/src/brand/application/mapper/brand_mapper.go:39.36,40.14 1 0
saas-mt-pim-service/src/brand/application/mapper/brand_mapper.go:40.14,42.3 1 0
saas-mt-pim-service/src/brand/application/mapper/brand_mapper.go:43.2,43.11 1 0
saas-mt-pim-service/src/brand/application/mapper/brand_mapper.go:47.124,49.31 2 0
saas-mt-pim-service/src/brand/application/mapper/brand_mapper.go:49.31,51.3 1 0
saas-mt-pim-service/src/brand/application/mapper/brand_mapper.go:53.2,61.3 2 0
saas-mt-pim-service/src/brand/application/mapper/brand_mapper.go:65.110,66.16 1 0
saas-mt-pim-service/src/brand/application/mapper/brand_mapper.go:66.16,68.3 1 0
saas-mt-pim-service/src/brand/application/mapper/brand_mapper.go:70.2,74.3 1 0
saas-mt-pim-service/src/brand/application/mapper/brand_mapper.go:78.114,80.2 1 0
saas-mt-pim-service/src/brand/application/mapper/brand_mapper.go:83.102,85.2 1 0
saas-mt-pim-service/src/brand/application/request/create_brand_request.go:13.47,16.2 1 0
saas-mt-pim-service/src/brand/application/request/update_brand_request.go:13.47,16.2 1 0
saas-mt-pim-service/src/brand/application/response/marketplace_brand_response.go:32.92,54.2 1 0
saas-mt-pim-service/src/brand/application/response/marketplace_brand_response.go:57.39,60.2 1 0
saas-mt-pim-service/src/brand/application/response/marketplace_brand_response.go:63.49,66.2 1 0
saas-mt-pim-service/src/brand/application/usecase/create_brand.go:25.23,31.2 1 0
saas-mt-pim-service/src/brand/application/usecase/create_brand.go:34.143,36.39 1 0
saas-mt-pim-service/src/brand/application/usecase/create_brand.go:36.39,38.3 1 0
saas-mt-pim-service/src/brand/application/usecase/create_brand.go:41.2,44.16 2 0
saas-mt-pim-service/src/brand/application/usecase/create_brand.go:44.16,46.3 1 0
saas-mt-pim-service/src/brand/application/usecase/create_brand.go:49.2,49.95 1 0
saas-mt-pim-service/src/brand/application/usecase/create_brand.go:49.95,51.3 1 0
saas-mt-pim-service/src/brand/application/usecase/create_brand.go:54.2,61.16 2 0
saas-mt-pim-service/src/brand/application/usecase/create_brand.go:61.16,63.3 1 0
saas-mt-pim-service/src/brand/application/usecase/create_brand.go:66.2,66.56 1 0
saas-mt-pim-service/src/brand/application/usecase/create_brand.go:66.56,68.3 1 0
saas-mt-pim-service/src/brand/application/usecase/create_brand.go:71.2,71.46 1 0
saas-mt-pim-service/src/brand/application/usecase/delete_brand.go:21.23,26.2 1 0
saas-mt-pim-service/src/brand/application/usecase/delete_brand.go:29.92,31.79 1 0
saas-mt-pim-service/src/brand/application/usecase/delete_brand.go:31.79,33.3 1 0
saas-mt-pim-service/src/brand/application/usecase/delete_brand.go:36.2,37.16 2 0
saas-mt-pim-service/src/brand/application/usecase/delete_brand.go:37.16,39.3 1 0
saas-mt-pim-service/src/brand/application/usecase/delete_brand.go:41.2,41.18 1 0
saas-mt-pim-service/src/brand/application/usecase/delete_brand.go:41.18,43.3 1 0
saas-mt-pim-service/src/brand/application/usecase/delete_brand.go:46.2,46.39 1 0
saas-mt-pim-service/src/brand/application/usecase/delete_brand.go:46.39,48.3 1 0
saas-mt-pim-service/src/brand/application/usecase/delete_brand.go:51.2,51.40 1 0
saas-mt-pim-service/src/brand/application/usecase/get_brand_by_id.go:22.24,27.2 1 0
saas-mt-pim-service/src/brand/application/usecase/get_brand_by_id.go:30.120,33.16 2 0
saas-mt-pim-service/src/brand/application/usecase/get_brand_by_id.go:33.16,35.3 1 0
saas-mt-pim-service/src/brand/application/usecase/get_brand_by_id.go:37.2,37.18 1 0
saas-mt-pim-service/src/brand/application/usecase/get_brand_by_id.go:37.18,39.3 1 0
saas-mt-pim-service/src/brand/application/usecase/get_brand_by_id.go:42.2,42.46 1 0
saas-mt-pim-service/src/brand/application/usecase/list_brands_by_criteria.go:22.32,27.2 1 0
saas-mt-pim-service/src/brand/application/usecase/list_brands_by_criteria.go:30.134,33.16 2 0
saas-mt-pim-service/src/brand/application/usecase/list_brands_by_criteria.go:33.16,35.3 1 0
saas-mt-pim-service/src/brand/application/usecase/list_brands_by_criteria.go:38.2,39.16 2 0
saas-mt-pim-service/src/brand/application/usecase/list_brands_by_criteria.go:39.16,41.3 1 0
saas-mt-pim-service/src/brand/application/usecase/list_brands_by_criteria.go:44.2,44.74 1 0
saas-mt-pim-service/src/brand/application/usecase/update_brand.go:26.23,32.2 1 0
saas-mt-pim-service/src/brand/application/usecase/update_brand.go:35.159,37.39 1 0
saas-mt-pim-service/src/brand/application/usecase/update_brand.go:37.39,39.3 1 0
saas-mt-pim-service/src/brand/application/usecase/update_brand.go:42.2,43.16 2 0
saas-mt-pim-service/src/brand/application/usecase/update_brand.go:43.16,45.3 1 0
saas-mt-pim-service/src/brand/application/usecase/update_brand.go:47.2,47.18 1 0
saas-mt-pim-service/src/brand/application/usecase/update_brand.go:47.18,49.3 1 0
saas-mt-pim-service/src/brand/application/usecase/update_brand.go:52.2,55.16 2 0
saas-mt-pim-service/src/brand/application/usecase/update_brand.go:55.16,57.3 1 0
saas-mt-pim-service/src/brand/application/usecase/update_brand.go:60.2,60.100 1 0
saas-mt-pim-service/src/brand/application/usecase/update_brand.go:60.100,62.3 1 0
saas-mt-pim-service/src/brand/application/usecase/update_brand.go:65.2,71.17 1 0
saas-mt-pim-service/src/brand/application/usecase/update_brand.go:71.17,73.3 1 0
saas-mt-pim-service/src/brand/application/usecase/update_brand.go:76.2,76.56 1 0
saas-mt-pim-service/src/brand/application/usecase/update_brand.go:76.56,78.3 1 0
saas-mt-pim-service/src/brand/application/usecase/update_brand.go:81.2,81.46 1 0
saas-mt-pim-service/src/brand/application/usecase/update_marketplace_brand.go:18.114,22.2 1 0
saas-mt-pim-service/src/brand/application/usecase/update_marketplace_brand.go:25.121,28.16 2 0
saas-mt-pim-service/src/brand/application/usecase/update_marketplace_brand.go:28.16,30.3 1 0
saas-mt-pim-service/src/brand/application/usecase/update_marketplace_brand.go:32.2,32.26 1 0
saas-mt-pim-service/src/brand/application/usecase/update_marketplace_brand.go:32.26,34.3 1 0
saas-mt-pim-service/src/brand/application/usecase/update_marketplace_brand.go:37.2,37.36 1 0
saas-mt-pim-service/src/brand/application/usecase/update_marketplace_brand.go:37.36,38.70 1 0
saas-mt-pim-service/src/brand/application/usecase/update_marketplace_brand.go:38.70,40.4 1 0
saas-mt-pim-service/src/brand/application/usecase/update_marketplace_brand.go:44.2,57.65 2 0
saas-mt-pim-service/src/brand/application/usecase/update_marketplace_brand.go:57.65,59.3 1 0
saas-mt-pim-service/src/brand/application/usecase/update_marketplace_brand.go:61.2,61.12 1 0
saas-mt-pim-service/src/brand/application/usecase/update_marketplace_brand.go:65.112,71.16 4 0
saas-mt-pim-service/src/brand/application/usecase/update_marketplace_brand.go:71.16,73.3 1 0
saas-mt-pim-service/src/brand/application/usecase/update_marketplace_brand.go:76.2,76.39 1 0
saas-mt-pim-service/src/brand/application/usecase/update_marketplace_brand.go:76.39,77.28 1 0
saas-mt-pim-service/src/brand/application/usecase/update_marketplace_brand.go:77.28,79.4 1 0
saas-mt-pim-service/src/brand/application/usecase/update_marketplace_brand.go:82.2,82.12 1 0
saas-mt-pim-service/src/brand/domain/entity/brand.go:27.100,28.20 1 0
saas-mt-pim-service/src/brand/domain/entity/brand.go:28.20,30.3 1 0
saas-mt-pim-service/src/brand/domain/entity/brand.go:32.2,32.16 1 0
saas-mt-pim-service/src/brand/domain/entity/brand.go:32.16,34.3 1 0
saas-mt-pim-service/src/brand/domain/entity/brand.go:36.2,48.8 2 0
saas-mt-pim-service/src/brand/domain/entity/brand.go:52.89,53.16 1 0
saas-mt-pim-service/src/brand/domain/entity/brand.go:53.16,55.3 1 0
saas-mt-pim-service/src/brand/domain/entity/brand.go:57.2,63.12 7 0
saas-mt-pim-service/src/brand/domain/entity/brand.go:67.28,70.2 2 0
saas-mt-pim-service/src/brand/domain/entity/brand.go:73.30,76.2 2 0
saas-mt-pim-service/src/brand/domain/entity/brand.go:79.32,80.23 1 0
saas-mt-pim-service/src/brand/domain/entity/brand.go:80.23,82.3 1 0
saas-mt-pim-service/src/brand/domain/entity/brand.go:84.2,86.12 3 0
saas-mt-pim-service/src/brand/domain/entity/brand.go:90.33,92.2 1 0
saas-mt-pim-service/src/brand/domain/entity/brand.go:95.34,97.2 1 0
saas-mt-pim-service/src/brand/domain/entity/brand.go:100.37,104.2 1 0
saas-mt-pim-service/src/brand/domain/entity/brand.go:107.60,110.2 2 0
saas-mt-pim-service/src/brand/domain/entity/brand.go:113.32,115.2 1 0
saas-mt-pim-service/src/brand/domain/entity/brand.go:118.35,120.2 1 0
saas-mt-pim-service/src/brand/domain/entity/marketplace_brand.go:44.38,45.13 1 0
saas-mt-pim-service/src/brand/domain/entity/marketplace_brand.go:45.13,47.3 1 0
saas-mt-pim-service/src/brand/domain/entity/marketplace_brand.go:48.2,48.38 1 0
saas-mt-pim-service/src/brand/domain/entity/marketplace_brand.go:52.40,53.13 1 0
saas-mt-pim-service/src/brand/domain/entity/marketplace_brand.go:53.13,55.3 1 0
saas-mt-pim-service/src/brand/domain/entity/marketplace_brand.go:56.2,56.30 1 0
saas-mt-pim-service/src/brand/domain/entity/marketplace_brand.go:60.66,61.16 1 0
saas-mt-pim-service/src/brand/domain/entity/marketplace_brand.go:61.16,63.3 1 0
saas-mt-pim-service/src/brand/domain/entity/marketplace_brand.go:65.2,85.8 2 0
saas-mt-pim-service/src/brand/domain/entity/marketplace_brand.go:90.81,91.47 1 0
saas-mt-pim-service/src/brand/domain/entity/marketplace_brand.go:91.47,93.3 1 0
saas-mt-pim-service/src/brand/domain/entity/marketplace_brand.go:94.2,94.41 1 0
saas-mt-pim-service/src/brand/domain/entity/marketplace_brand.go:94.41,96.3 1 0
saas-mt-pim-service/src/brand/domain/entity/marketplace_brand.go:97.2,97.44 1 0
saas-mt-pim-service/src/brand/domain/entity/marketplace_brand.go:97.44,99.3 1 0
saas-mt-pim-service/src/brand/domain/entity/marketplace_brand.go:101.2,105.12 5 0
saas-mt-pim-service/src/brand/domain/entity/marketplace_brand.go:109.163,122.18 11 0
saas-mt-pim-service/src/brand/domain/entity/marketplace_brand.go:122.18,124.3 1 0
saas-mt-pim-service/src/brand/domain/entity/marketplace_brand.go:124.8,126.3 1 0
saas-mt-pim-service/src/brand/domain/entity/marketplace_brand.go:130.37,132.2 1 0
saas-mt-pim-service/src/brand/domain/service/brand_domain_service.go:17.80,21.2 1 0
saas-mt-pim-service/src/brand/domain/service/brand_domain_service.go:24.118,29.16 3 0
saas-mt-pim-service/src/brand/domain/service/brand_domain_service.go:29.16,31.3 1 0
saas-mt-pim-service/src/brand/domain/service/brand_domain_service.go:33.2,33.12 1 0
saas-mt-pim-service/src/brand/domain/service/brand_domain_service.go:33.12,35.3 1 0
saas-mt-pim-service/src/brand/domain/service/brand_domain_service.go:37.2,37.12 1 0
saas-mt-pim-service/src/brand/domain/service/brand_domain_service.go:41.98,43.16 2 0
saas-mt-pim-service/src/brand/domain/service/brand_domain_service.go:43.16,45.3 1 0
saas-mt-pim-service/src/brand/domain/service/brand_domain_service.go:47.2,47.18 1 0
saas-mt-pim-service/src/brand/domain/service/brand_domain_service.go:47.18,49.3 1 0
saas-mt-pim-service/src/brand/domain/service/brand_domain_service.go:51.2,51.27 1 0
saas-mt-pim-service/src/brand/domain/service/brand_domain_service.go:51.27,53.3 1 0
saas-mt-pim-service/src/brand/domain/service/brand_domain_service.go:59.2,59.12 1 0
saas-mt-pim-service/src/brand/domain/service/brand_domain_service.go:63.143,66.26 2 0
saas-mt-pim-service/src/brand/domain/service/brand_domain_service.go:66.26,68.3 1 0
saas-mt-pim-service/src/brand/domain/service/brand_domain_service.go:71.2,75.38 3 0
saas-mt-pim-service/src/brand/domain/service/brand_domain_service.go:75.38,77.31 2 0
saas-mt-pim-service/src/brand/domain/service/brand_domain_service.go:77.31,79.4 1 0
saas-mt-pim-service/src/brand/domain/service/brand_domain_service.go:83.2,84.38 2 0
saas-mt-pim-service/src/brand/domain/service/brand_domain_service.go:84.38,86.35 2 0
saas-mt-pim-service/src/brand/domain/service/brand_domain_service.go:86.35,88.4 1 0
saas-mt-pim-service/src/brand/domain/service/brand_domain_service.go:91.2,91.89 1 0
saas-mt-pim-service/src/brand/domain/service/brand_domain_service.go:95.64,97.2 1 0
saas-mt-pim-service/src/brand/domain/service/brand_domain_service.go:100.58,103.2 1 0
saas-mt-pim-service/src/brand/domain/exception/brand_exceptions.go:24.43,25.20 1 0
saas-mt-pim-service/src/brand/domain/exception/brand_exceptions.go:25.20,27.3 1 0
saas-mt-pim-service/src/brand/domain/exception/brand_exceptions.go:28.2,28.18 1 0
saas-mt-pim-service/src/brand/domain/exception/brand_exceptions.go:32.79,38.2 1 0
saas-mt-pim-service/src/brand/domain/value_object/brand_reference.go:13.79,14.14 1 0
saas-mt-pim-service/src/brand/domain/value_object/brand_reference.go:14.14,16.3 1 0
saas-mt-pim-service/src/brand/domain/value_object/brand_reference.go:18.2,18.16 1 0
saas-mt-pim-service/src/brand/domain/value_object/brand_reference.go:18.16,20.3 1 0
saas-mt-pim-service/src/brand/domain/value_object/brand_reference.go:22.2,26.8 1 0
saas-mt-pim-service/src/brand/domain/value_object/brand_reference.go:30.42,32.2 1 0
saas-mt-pim-service/src/brand/domain/value_object/brand_reference.go:35.62,36.31 1 0
saas-mt-pim-service/src/brand/domain/value_object/brand_reference.go:36.31,38.3 1 0
saas-mt-pim-service/src/brand/domain/value_object/brand_reference.go:39.2,39.31 1 0
saas-mt-pim-service/src/brand/domain/value_object/brand_reference.go:39.31,41.3 1 0
saas-mt-pim-service/src/brand/domain/value_object/brand_reference.go:42.2,42.26 1 0
saas-mt-pim-service/src/brand/domain/value_object/brand_status.go:22.57,24.28 2 0
saas-mt-pim-service/src/brand/domain/value_object/brand_status.go:24.28,26.3 1 0
saas-mt-pim-service/src/brand/domain/value_object/brand_status.go:27.2,27.25 1 0
saas-mt-pim-service/src/brand/domain/value_object/brand_status.go:31.38,32.49 1 0
[...]
saas-mt-pim-service/test/attribute/domain/entity/marketplace_attribute_mother.go:63.116,67.2 3 0
saas-mt-pim-service/test/attribute/domain/entity/marketplace_attribute_mother.go:70.95,74.2 3 0
saas-mt-pim-service/test/attribute/domain/entity/marketplace_attribute_mother.go:77.87,81.2 3 0
saas-mt-pim-service/test/attribute/domain/entity/marketplace_attribute_mother.go:84.82,88.2 3 0
saas-mt-pim-service/test/attribute/domain/entity/marketplace_attribute_mother.go:91.82,95.2 3 0
saas-mt-pim-service/test/attribute/domain/entity/marketplace_attribute_mother.go:98.83,108.2 7 0
saas-mt-pim-service/test/attribute/domain/entity/marketplace_attribute_mother.go:111.82,121.2 7 0
saas-mt-pim-service/test/attribute/domain/entity/marketplace_attribute_mother.go:124.83,133.2 8 0
saas-mt-pim-service/test/attribute/domain/entity/marketplace_attribute_mother.go:136.83,149.2 9 0
saas-mt-pim-service/test/attribute/domain/entity/marketplace_attribute_mother.go:152.82,156.2 3 0
saas-mt-pim-service/test/attribute/domain/entity/marketplace_attribute_mother.go:159.84,163.2 3 0
saas-mt-pim-service/test/attribute/domain/entity/marketplace_attribute_mother.go:166.85,170.2 3 0
saas-mt-pim-service/test/attribute/domain/entity/marketplace_attribute_mother.go:173.84,180.2 4 0
saas-mt-pim-service/test/attribute/domain/entity/marketplace_attribute_mother.go:183.89,190.2 4 0
saas-mt-pim-service/test/attribute/domain/entity/marketplace_attribute_mother.go:198.32,213.2 2 0
saas-mt-pim-service/test/attribute/domain/entity/marketplace_attribute_mother.go:216.39,226.2 9 0
saas-mt-pim-service/test/brand/infrastructure/persistence/repository/brand_repository_mock.go:28.52,34.2 1 0
saas-mt-pim-service/test/brand/infrastructure/persistence/repository/brand_repository_mock.go:37.59,41.2 3 0
saas-mt-pim-service/test/brand/infrastructure/persistence/repository/brand_repository_mock.go:44.63,48.2 3 0
saas-mt-pim-service/test/brand/infrastructure/persistence/repository/brand_repository_mock.go:51.67,55.31 4 0
saas-mt-pim-service/test/brand/infrastructure/persistence/repository/brand_repository_mock.go:55.31,57.3 1 0
saas-mt-pim-service/test/brand/infrastructure/persistence/repository/brand_repository_mock.go:61.59,65.33 4 0
saas-mt-pim-service/test/brand/infrastructure/persistence/repository/brand_repository_mock.go:65.33,67.3 1 0
saas-mt-pim-service/test/brand/infrastructure/persistence/repository/brand_repository_mock.go:68.2,68.15 1 0
saas-mt-pim-service/test/brand/infrastructure/persistence/repository/brand_repository_mock.go:71.68,73.2 1 0
saas-mt-pim-service/test/brand/infrastructure/persistence/repository/brand_repository_mock.go:75.65,77.2 1 0
saas-mt-pim-service/test/brand/infrastructure/persistence/repository/brand_repository_mock.go:79.48,81.22 2 0
saas-mt-pim-service/test/brand/infrastructure/persistence/repository/brand_repository_mock.go:81.22,84.3 2 0
saas-mt-pim-service/test/brand/infrastructure/persistence/repository/brand_repository_mock.go:85.2,85.22 1 0
saas-mt-pim-service/test/brand/infrastructure/persistence/repository/brand_repository_mock.go:85.22,88.3 2 0
saas-mt-pim-service/test/brand/infrastructure/persistence/repository/brand_repository_mock.go:89.2,89.15 1 0
saas-mt-pim-service/test/brand/infrastructure/persistence/repository/brand_repository_mock.go:93.84,97.34 4 0
saas-mt-pim-service/test/brand/infrastructure/persistence/repository/brand_repository_mock.go:97.34,99.3 1 0
saas-mt-pim-service/test/brand/infrastructure/persistence/repository/brand_repository_mock.go:100.2,101.12 2 0
saas-mt-pim-service/test/brand/infrastructure/persistence/repository/brand_repository_mock.go:105.110,109.36 4 0
saas-mt-pim-service/test/brand/infrastructure/persistence/repository/brand_repository_mock.go:109.36,111.3 1 0
saas-mt-pim-service/test/brand/infrastructure/persistence/repository/brand_repository_mock.go:112.2,113.43 2 0
saas-mt-pim-service/test/brand/infrastructure/persistence/repository/brand_repository_mock.go:113.43,115.3 1 0
saas-mt-pim-service/test/brand/infrastructure/persistence/repository/brand_repository_mock.go:116.2,116.31 1 0
saas-mt-pim-service/test/brand/infrastructure/persistence/repository/brand_repository_mock.go:120.114,124.38 4 0
saas-mt-pim-service/test/brand/infrastructure/persistence/repository/brand_repository_mock.go:124.38,126.3 1 0
saas-mt-pim-service/test/brand/infrastructure/persistence/repository/brand_repository_mock.go:127.2,127.33 1 0
saas-mt-pim-service/test/brand/infrastructure/persistence/repository/brand_repository_mock.go:127.33,128.55 1 0
saas-mt-pim-service/test/brand/infrastructure/persistence/repository/brand_repository_mock.go:128.55,130.4 1 0
saas-mt-pim-service/test/brand/infrastructure/persistence/repository/brand_repository_mock.go:132.2,132.17 1 0
saas-mt-pim-service/test/brand/infrastructure/persistence/repository/brand_repository_mock.go:136.100,140.35 4 0
saas-mt-pim-service/test/brand/infrastructure/persistence/repository/brand_repository_mock.go:140.35,142.3 1 0
saas-mt-pim-service/test/brand/infrastructure/persistence/repository/brand_repository_mock.go:143.2,144.33 2 0
saas-mt-pim-service/test/brand/infrastructure/persistence/repository/brand_repository_mock.go:144.33,145.33 1 0
saas-mt-pim-service/test/brand/infrastructure/persistence/repository/brand_repository_mock.go:145.33,147.4 1 0
saas-mt-pim-service/test/brand/infrastructure/persistence/repository/brand_repository_mock.go:149.2,149.20 1 0
saas-mt-pim-service/test/brand/infrastructure/persistence/repository/brand_repository_mock.go:153.84,157.34 4 0
saas-mt-pim-service/test/brand/infrastructure/persistence/repository/brand_repository_mock.go:157.34,159.3 1 0
saas-mt-pim-service/test/brand/infrastructure/persistence/repository/brand_repository_mock.go:160.2,160.46 1 0
saas-mt-pim-service/test/brand/infrastructure/persistence/repository/brand_repository_mock.go:160.46,162.3 1 0
saas-mt-pim-service/test/brand/infrastructure/persistence/repository/brand_repository_mock.go:163.2,164.12 2 0
saas-mt-pim-service/test/brand/infrastructure/persistence/repository/brand_repository_mock.go:168.91,172.34 4 0
saas-mt-pim-service/test/brand/infrastructure/persistence/repository/brand_repository_mock.go:172.34,174.3 1 0
saas-mt-pim-service/test/brand/infrastructure/persistence/repository/brand_repository_mock.go:175.2,176.43 2 0
saas-mt-pim-service/test/brand/infrastructure/persistence/repository/brand_repository_mock.go:176.43,178.3 1 0
saas-mt-pim-service/test/brand/infrastructure/persistence/repository/brand_repository_mock.go:179.2,180.12 2 0
saas-mt-pim-service/test/brand/infrastructure/persistence/repository/brand_repository_mock.go:184.126,188.40 4 0
saas-mt-pim-service/test/brand/infrastructure/persistence/repository/brand_repository_mock.go:188.40,190.3 1 0
saas-mt-pim-service/test/brand/infrastructure/persistence/repository/brand_repository_mock.go:191.2,191.33 1 0
saas-mt-pim-service/test/brand/infrastructure/persistence/repository/brand_repository_mock.go:191.33,192.55 1 0
saas-mt-pim-service/test/brand/infrastructure/persistence/repository/brand_repository_mock.go:192.55,193.50 1 0
saas-mt-pim-service/test/brand/infrastructure/persistence/repository/brand_repository_mock.go:193.50,194.13 1 0
saas-mt-pim-service/test/brand/infrastructure/persistence/repository/brand_repository_mock.go:196.4,196.20 1 0
saas-mt-pim-service/test/brand/infrastructure/persistence/repository/brand_repository_mock.go:199.2,199.19 1 0
saas-mt-pim-service/test/brand/infrastructure/persistence/repository/brand_repository_mock.go:203.107,207.44 4 0
saas-mt-pim-service/test/brand/infrastructure/persistence/repository/brand_repository_mock.go:207.44,209.3 1 0
saas-mt-pim-service/test/brand/infrastructure/persistence/repository/brand_repository_mock.go:210.2,211.33 2 0
saas-mt-pim-service/test/brand/infrastructure/persistence/repository/brand_repository_mock.go:211.33,213.3 1 0
saas-mt-pim-service/test/brand/infrastructure/persistence/repository/brand_repository_mock.go:214.2,214.20 1 0
saas-mt-pim-service/test/brand/infrastructure/persistence/repository/brand_repository_mock.go:218.94,222.43 4 0
saas-mt-pim-service/test/brand/infrastructure/persistence/repository/brand_repository_mock.go:222.43,224.3 1 0
saas-mt-pim-service/test/brand/infrastructure/persistence/repository/brand_repository_mock.go:225.2,225.27 1 0
saas-mt-pim-service/test/brand/infrastructure/persistence/repository/brand_repository_mock.go:229.123,233.42 4 0
saas-mt-pim-service/test/brand/infrastructure/persistence/repository/brand_repository_mock.go:233.42,235.3 1 0
saas-mt-pim-service/test/brand/infrastructure/persistence/repository/brand_repository_mock.go:236.2,237.33 2 0
saas-mt-pim-service/test/brand/infrastructure/persistence/repository/brand_repository_mock.go:237.33,239.3 1 0
saas-mt-pim-service/test/brand/infrastructure/persistence/repository/brand_repository_mock.go:240.2,240.71 1 0
saas-mt-pim-service/test/businesstype/domain/entity/business_type_mother.go:15.63,30.2 2 0
saas-mt-pim-service/test/businesstype/domain/entity/business_type_mother.go:33.69,37.2 3 0
saas-mt-pim-service/test/businesstype/domain/entity/business_type_mother.go:40.73,44.2 3 0
saas-mt-pim-service/test/businesstype/domain/entity/business_type_mother.go:47.73,51.2 3 0
saas-mt-pim-service/test/businesstype/domain/entity/business_type_mother.go:54.87,58.2 3 0
saas-mt-pim-service/test/businesstype/domain/entity/business_type_mother.go:61.73,65.2 3 0
saas-mt-pim-service/test/businesstype/domain/entity/business_type_mother.go:68.75,72.2 3 0
saas-mt-pim-service/test/businesstype/domain/entity/business_type_mother.go:75.80,79.2 3 0
saas-mt-pim-service/test/businesstype/domain/entity/business_type_mother.go:82.62,86.2 3 0
saas-mt-pim-service/test/businesstype/domain/entity/business_type_mother.go:89.76,97.2 7 0
saas-mt-pim-service/test/businesstype/domain/entity/business_type_mother.go:100.72,108.2 7 0
saas-mt-pim-service/test/businesstype/domain/entity/business_type_mother.go:111.77,119.2 7 0
saas-mt-pim-service/test/businesstype/domain/entity/business_type_mother.go:122.74,130.2 7 0
saas-mt-pim-service/test/businesstype/domain/entity/business_type_mother.go:133.75,141.2 7 0
saas-mt-pim-service/test/businesstype/domain/entity/business_type_mother.go:144.74,152.2 7 0
saas-mt-pim-service/test/businesstype/domain/entity/business_type_mother.go:155.77,163.2 7 0
saas-mt-pim-service/test/businesstype/domain/entity/business_type_mother.go:166.75,174.2 7 0
saas-mt-pim-service/test/businesstype/domain/entity/business_type_mother.go:181.24,196.2 2 0
saas-mt-pim-service/test/businesstype/domain/entity/business_type_mother.go:199.34,201.2 1 0
saas-mt-pim-service/test/brand/domain/entity/brand_mother.go:16.34,18.2 1 52
saas-mt-pim-service/test/brand/domain/entity/brand_mother.go:21.49,36.2 3 21
saas-mt-pim-service/test/brand/domain/entity/brand_mother.go:39.54,43.2 3 0
saas-mt-pim-service/test/brand/domain/entity/brand_mother.go:46.66,50.2 3 0
saas-mt-pim-service/test/brand/domain/entity/brand_mother.go:53.58,57.2 3 0
saas-mt-pim-service/test/brand/domain/entity/brand_mother.go:60.72,64.2 3 0
saas-mt-pim-service/test/brand/domain/entity/brand_mother.go:67.64,71.2 3 2
saas-mt-pim-service/test/brand/domain/entity/brand_mother.go:74.64,78.2 3 2
saas-mt-pim-service/test/brand/domain/entity/brand_mother.go:81.50,85.2 3 1
saas-mt-pim-service/test/brand/domain/entity/brand_mother.go:88.53,92.2 3 1
saas-mt-pim-service/test/brand/domain/entity/brand_mother.go:95.47,100.2 4 3
saas-mt-pim-service/test/brand/domain/entity/brand_mother.go:103.46,108.2 4 4
saas-mt-pim-service/test/brand/domain/entity/brand_mother.go:111.43,118.2 6 1
saas-mt-pim-service/test/brand/domain/entity/brand_mother.go:121.44,128.2 6 0
saas-mt-pim-service/test/brand/domain/entity/brand_mother.go:131.109,136.19 4 0
saas-mt-pim-service/test/brand/domain/entity/brand_mother.go:136.19,138.3 1 0
saas-mt-pim-service/test/brand/domain/entity/brand_mother.go:139.2,139.19 1 0
saas-mt-pim-service/test/brand/domain/entity/brand_mother.go:139.19,141.3 1 0
saas-mt-pim-service/test/brand/domain/entity/brand_mother.go:143.2,153.3 1 0
saas-mt-pim-service/test/brand/domain/entity/brand_mother.go:157.27,159.2 1 21
saas-mt-pim-service/test/category/infrastructure/persistence/repository/category_repository_mock.go:28.58,34.2 1 0
saas-mt-pim-service/test/category/infrastructure/persistence/repository/category_repository_mock.go:37.65,41.2 3 0
saas-mt-pim-service/test/category/infrastructure/persistence/repository/category_repository_mock.go:44.62,48.2 3 0
saas-mt-pim-service/test/category/infrastructure/persistence/repository/category_repository_mock.go:51.50,56.2 4 0
saas-mt-pim-service/test/category/infrastructure/persistence/repository/category_repository_mock.go:59.53,63.2 3 0
saas-mt-pim-service/test/category/infrastructure/persistence/repository/category_repository_mock.go:66.66,70.2 3 0
saas-mt-pim-service/test/category/infrastructure/persistence/repository/category_repository_mock.go:73.81,77.38 4 0
saas-mt-pim-service/test/category/infrastructure/persistence/repository/category_repository_mock.go:77.38,89.3 1 0
saas-mt-pim-service/test/category/infrastructure/persistence/repository/category_repository_mock.go:93.69,98.40 4 0
saas-mt-pim-service/test/category/infrastructure/persistence/repository/category_repository_mock.go:98.40,100.3 1 0
saas-mt-pim-service/test/category/infrastructure/persistence/repository/category_repository_mock.go:101.2,101.19 1 0
saas-mt-pim-service/test/category/infrastructure/persistence/repository/category_repository_mock.go:105.71,107.2 1 0
saas-mt-pim-service/test/category/infrastructure/persistence/repository/category_repository_mock.go:110.68,112.2 1 0
saas-mt-pim-service/test/category/infrastructure/persistence/repository/category_repository_mock.go:115.93,121.34 4 0
saas-mt-pim-service/test/category/infrastructure/persistence/repository/category_repository_mock.go:121.34,123.3 1 0
saas-mt-pim-service/test/category/infrastructure/persistence/repository/category_repository_mock.go:125.2,125.52 1 0
saas-mt-pim-service/test/category/infrastructure/persistence/repository/category_repository_mock.go:125.52,127.3 1 0
saas-mt-pim-service/test/category/infrastructure/persistence/repository/category_repository_mock.go:130.2,141.12 2 0
saas-mt-pim-service/test/category/infrastructure/persistence/repository/category_repository_mock.go:145.116,151.36 4 0
saas-mt-pim-service/test/category/infrastructure/persistence/repository/category_repository_mock.go:151.36,153.3 1 0
saas-mt-pim-service/test/category/infrastructure/persistence/repository/category_repository_mock.go:155.2,156.46 2 0
saas-mt-pim-service/test/category/infrastructure/persistence/repository/category_repository_mock.go:156.46,158.3 1 0
saas-mt-pim-service/test/category/infrastructure/persistence/repository/category_repository_mock.go:161.2,170.8 1 0
saas-mt-pim-service/test/category/infrastructure/persistence/repository/category_repository_mock.go:174.106,180.35 4 0
saas-mt-pim-service/test/category/infrastructure/persistence/repository/category_repository_mock.go:180.35,182.3 1 0
saas-mt-pim-service/test/category/infrastructure/persistence/repository/category_repository_mock.go:184.2,185.40 2 0
saas-mt-pim-service/test/category/infrastructure/persistence/repository/category_repository_mock.go:185.40,186.36 1 0
saas-mt-pim-service/test/category/infrastructure/persistence/repository/category_repository_mock.go:186.36,198.4 1 0
saas-mt-pim-service/test/category/infrastructure/persistence/repository/category_repository_mock.go:201.2,201.24 1 0
saas-mt-pim-service/test/category/infrastructure/persistence/repository/category_repository_mock.go:205.93,211.34 4 0
saas-mt-pim-service/test/category/infrastructure/persistence/repository/category_repository_mock.go:211.34,213.3 1 0
saas-mt-pim-service/test/category/infrastructure/persistence/repository/category_repository_mock.go:215.2,215.53 1 0
saas-mt-pim-service/test/category/infrastructure/persistence/repository/category_repository_mock.go:215.53,217.3 1 0
saas-mt-pim-service/test/category/infrastructure/persistence/repository/category_repository_mock.go:220.2,231.12 2 0
saas-mt-pim-service/test/category/infrastructure/persistence/repository/category_repository_mock.go:235.94,241.34 4 0
saas-mt-pim-service/test/category/infrastructure/persistence/repository/category_repository_mock.go:241.34,243.3 1 0
saas-mt-pim-service/test/category/infrastructure/persistence/repository/category_repository_mock.go:245.2,246.46 2 0
saas-mt-pim-service/test/category/infrastructure/persistence/repository/category_repository_mock.go:246.46,248.3 1 0
saas-mt-pim-service/test/category/infrastructure/persistence/repository/category_repository_mock.go:250.2,252.12 2 0
saas-mt-pim-service/test/category_attribute/domain/entity/category_attribute_mother.go:15.73,27.2 2 0
saas-mt-pim-service/test/category_attribute/domain/entity/category_attribute_mother.go:30.79,34.2 3 0
saas-mt-pim-service/test/category_attribute/domain/entity/category_attribute_mother.go:37.91,41.2 3 0
saas-mt-pim-service/test/category_attribute/domain/entity/category_attribute_mother.go:44.95,48.2 3 0
saas-mt-pim-service/test/category_attribute/domain/entity/category_attribute_mother.go:51.97,55.2 3 0
saas-mt-pim-service/test/category_attribute/domain/entity/category_attribute_mother.go:58.103,62.2 3 0
saas-mt-pim-service/test/category_attribute/domain/entity/category_attribute_mother.go:65.84,69.2 3 0
saas-mt-pim-service/test/category_attribute/domain/entity/category_attribute_mother.go:72.72,76.2 3 0
saas-mt-pim-service/test/category_attribute/domain/entity/category_attribute_mother.go:79.86,84.2 4 0
saas-mt-pim-service/test/category_attribute/domain/entity/category_attribute_mother.go:87.85,92.2 4 0
saas-mt-pim-service/test/category_attribute/domain/entity/category_attribute_mother.go:95.89,100.2 4 0
saas-mt-pim-service/test/category_attribute/domain/entity/category_attribute_mother.go:103.86,108.2 4 0
saas-mt-pim-service/test/category_attribute/domain/entity/category_attribute_mother.go:115.29,127.2 2 0
saas-mt-pim-service/test/category_attribute/domain/entity/category_attribute_mother.go:130.39,132.2 1 0
saas-mt-pim-service/test/category/domain/entity/category_mother.go:15.55,27.2 2 0
saas-mt-pim-service/test/category/domain/entity/category_mother.go:30.60,34.2 3 0
saas-mt-pim-service/test/category/domain/entity/category_mother.go:37.72,41.2 3 0
saas-mt-pim-service/test/category/domain/entity/category_mother.go:44.64,48.2 3 0
saas-mt-pim-service/test/category/domain/entity/category_mother.go:51.70,56.2 4 0
saas-mt-pim-service/test/category/domain/entity/category_mother.go:59.53,63.2 3 0
saas-mt-pim-service/test/category/domain/entity/category_mother.go:66.112,69.20 3 0
saas-mt-pim-service/test/category/domain/entity/category_mother.go:69.20,71.3 1 0
saas-mt-pim-service/test/category/domain/entity/category_mother.go:73.2,74.12 2 0
saas-mt-pim-service/test/category/domain/entity/category_mother.go:74.12,76.3 1 0
saas-mt-pim-service/test/category/domain/entity/category_mother.go:78.2,87.3 1 0
saas-mt-pim-service/test/category/domain/entity/category_mother.go:91.30,93.2 1 0
saas-mt-pim-service/test/product/tenant/domain/entity/product_mother.go:16.62,38.2 5 0
saas-mt-pim-service/test/product/tenant/domain/entity/product_mother.go:41.79,62.2 5 0
saas-mt-pim-service/test/product/tenant/domain/entity/product_mother.go:65.71,86.2 5 0
saas-mt-pim-service/test/product/tenant/domain/entity/product_mother.go:89.74,91.16 2 0
saas-mt-pim-service/test/product/tenant/domain/entity/product_mother.go:91.16,93.3 1 0
saas-mt-pim-service/test/product/tenant/domain/entity/product_mother.go:95.2,113.3 4 0
saas-mt-pim-service/test/product/tenant/domain/entity/product_mother.go:117.65,144.2 6 0
saas-mt-pim-service/test/product/tenant/domain/entity/product_mother.go:147.70,168.2 5 0
saas-mt-pim-service/test/product/tenant/domain/entity/product_mother.go:171.29,173.2 1 0
