mode: set
pim/main.go:20.46,22.17 2 0
pim/main.go:22.17,24.3 1 0
pim/main.go:25.2,25.14 1 0
pim/main.go:28.13,40.33 6 0
pim/main.go:40.33,45.3 3 0
pim/main.go:45.8,47.3 1 0
pim/main.go:50.2,69.16 12 0
pim/main.go:69.16,71.3 1 0
pim/main.go:72.2,76.16 3 0
pim/main.go:76.16,78.3 1 0
pim/main.go:79.2,100.21 11 0
pim/main.go:104.60,115.2 5 0
pim/main.go:115.2,121.3 5 0
pim/main.go:123.2,129.44 7 0
pim/main.go:133.62,159.2 18 0
pim/cmd/api/main.go:17.13,19.40 1 0
pim/cmd/api/main.go:19.40,21.3 1 0
pim/cmd/api/main.go:24.2,26.16 3 0
pim/cmd/api/main.go:26.16,28.3 1 0
pim/cmd/api/main.go:29.2,42.33 7 0
pim/cmd/api/main.go:42.33,47.3 3 0
pim/cmd/api/main.go:47.8,49.3 1 0
pim/cmd/api/main.go:52.2,52.45 1 0
pim/cmd/api/main.go:52.45,57.3 1 0
pim/cmd/api/main.go:60.2,63.41 2 0
pim/cmd/api/main.go:63.41,69.3 1 0
pim/cmd/api/main.go:72.2,77.16 4 0
pim/cmd/api/main.go:77.16,79.3 1 0
pim/cmd/api/main.go:80.2,80.47 1 0
pim/cmd/api/main.go:80.47,82.3 1 0
pim/cmd/api/main.go:86.59,88.2 1 0
pim/cmd/api/main.go:91.56,93.2 1 0
pim/src/api/config/setup.go:19.35,24.2 1 0
pim/src/api/config/setup.go:27.86,33.30 3 0
pim/src/api/config/setup.go:33.30,36.3 2 0
pim/src/api/docs/openapi.go:15.57,19.2 1 0
pim/src/api/docs/openapi.go:22.61,24.47 1 0
pim/src/api/docs/openapi.go:24.47,29.3 1 0
pim/src/api/docs/openapi.go:32.2,32.22 1 0
pim/src/api/docs/openapi.go:32.22,34.3 1 0
pim/src/api/health/handler.go:25.54,30.2 1 0
pim/src/api/health/handler.go:33.59,35.2 1 0
pim/src/api/health/handler.go:38.47,43.17 3 0
pim/src/api/health/handler.go:43.17,44.37 1 0
pim/src/api/health/handler.go:44.37,47.4 2 0
pim/src/api/health/handler.go:50.2,56.33 2 0
pim/src/brand/application/mapper/brand_mapper.go:15.36,17.2 1 0
pim/src/brand/application/mapper/brand_mapper.go:20.79,21.18 1 0
pim/src/brand/application/mapper/brand_mapper.go:21.18,23.3 1 0
pim/src/brand/application/mapper/brand_mapper.go:25.2,34.3 1 0
pim/src/brand/application/mapper/brand_mapper.go:38.130,40.31 2 0
pim/src/brand/application/mapper/brand_mapper.go:40.31,42.3 1 0
pim/src/brand/application/mapper/brand_mapper.go:44.2,52.3 2 0
pim/src/brand/application/mapper/brand_mapper.go:56.110,57.16 1 0
pim/src/brand/application/mapper/brand_mapper.go:57.16,59.3 1 0
pim/src/brand/application/mapper/brand_mapper.go:61.2,65.3 1 0
pim/src/brand/application/mapper/brand_mapper.go:69.114,71.2 1 0
pim/src/brand/application/mapper/brand_mapper.go:74.102,76.2 1 0
pim/src/brand/domain/service/brand_domain_service.go:17.80,21.2 1 0
pim/src/brand/domain/service/brand_domain_service.go:24.118,29.16 3 0
pim/src/brand/domain/service/brand_domain_service.go:29.16,31.3 1 0
pim/src/brand/domain/service/brand_domain_service.go:33.2,33.12 1 0
pim/src/brand/domain/service/brand_domain_service.go:33.12,35.3 1 0
pim/src/brand/domain/service/brand_domain_service.go:37.2,37.12 1 0
pim/src/brand/domain/service/brand_domain_service.go:41.98,43.16 2 0
pim/src/brand/domain/service/brand_domain_service.go:43.16,45.3 1 0
pim/src/brand/domain/service/brand_domain_service.go:47.2,47.18 1 0
pim/src/brand/domain/service/brand_domain_service.go:47.18,49.3 1 0
pim/src/brand/domain/service/brand_domain_service.go:51.2,51.27 1 0
pim/src/brand/domain/service/brand_domain_service.go:51.27,53.3 1 0
pim/src/brand/domain/service/brand_domain_service.go:59.2,59.12 1 0
pim/src/brand/domain/service/brand_domain_service.go:63.143,66.26 2 0
pim/src/brand/domain/service/brand_domain_service.go:66.26,68.3 1 0
pim/src/brand/domain/service/brand_domain_service.go:71.2,75.38 3 0
pim/src/brand/domain/service/brand_domain_service.go:75.38,77.31 2 0
pim/src/brand/domain/service/brand_domain_service.go:77.31,79.4 1 0
pim/src/brand/domain/service/brand_domain_service.go:83.2,84.38 2 0
pim/src/brand/domain/service/brand_domain_service.go:84.38,86.35 2 0
pim/src/brand/domain/service/brand_domain_service.go:86.35,88.4 1 0
pim/src/brand/domain/service/brand_domain_service.go:91.2,91.89 1 0
pim/src/brand/domain/service/brand_domain_service.go:95.64,97.2 1 0
pim/src/brand/domain/service/brand_domain_service.go:100.58,103.2 1 0
pim/src/brand/application/usecase/create_brand.go:25.23,31.2 1 0
pim/src/brand/application/usecase/create_brand.go:34.143,36.39 1 0
pim/src/brand/application/usecase/create_brand.go:36.39,38.3 1 0
pim/src/brand/application/usecase/create_brand.go:41.2,44.16 2 0
pim/src/brand/application/usecase/create_brand.go:44.16,46.3 1 0
pim/src/brand/application/usecase/create_brand.go:49.2,49.95 1 0
pim/src/brand/application/usecase/create_brand.go:49.95,51.3 1 0
pim/src/brand/application/usecase/create_brand.go:54.2,60.16 2 0
pim/src/brand/application/usecase/create_brand.go:60.16,62.3 1 0
pim/src/brand/application/usecase/create_brand.go:65.2,65.56 1 0
pim/src/brand/application/usecase/create_brand.go:65.56,67.3 1 0
pim/src/brand/application/usecase/create_brand.go:70.2,70.46 1 0
pim/src/brand/application/usecase/delete_brand.go:21.23,26.2 1 0
pim/src/brand/application/usecase/delete_brand.go:29.92,31.79 1 0
pim/src/brand/application/usecase/delete_brand.go:31.79,33.3 1 0
pim/src/brand/application/usecase/delete_brand.go:36.2,37.16 2 0
pim/src/brand/application/usecase/delete_brand.go:37.16,39.3 1 0
pim/src/brand/application/usecase/delete_brand.go:41.2,41.18 1 0
pim/src/brand/application/usecase/delete_brand.go:41.18,43.3 1 0
pim/src/brand/application/usecase/delete_brand.go:46.2,46.39 1 0
pim/src/brand/application/usecase/delete_brand.go:46.39,48.3 1 0
pim/src/brand/application/usecase/delete_brand.go:51.2,51.40 1 0
pim/src/brand/application/usecase/get_brand_by_id.go:22.24,27.2 1 0
pim/src/brand/application/usecase/get_brand_by_id.go:30.120,33.16 2 0
pim/src/brand/application/usecase/get_brand_by_id.go:33.16,35.3 1 0
pim/src/brand/application/usecase/get_brand_by_id.go:37.2,37.18 1 0
pim/src/brand/application/usecase/get_brand_by_id.go:37.18,39.3 1 0
pim/src/brand/application/usecase/get_brand_by_id.go:42.2,42.46 1 0
pim/src/brand/application/usecase/list_brands_by_criteria.go:22.32,27.2 1 0
pim/src/brand/application/usecase/list_brands_by_criteria.go:30.140,33.16 2 0
pim/src/brand/application/usecase/list_brands_by_criteria.go:33.16,35.3 1 0
pim/src/brand/application/usecase/list_brands_by_criteria.go:38.2,39.16 2 0
pim/src/brand/application/usecase/list_brands_by_criteria.go:39.16,41.3 1 0
pim/src/brand/application/usecase/list_brands_by_criteria.go:44.2,44.74 1 0
pim/src/brand/application/usecase/update_brand.go:26.23,32.2 1 0
pim/src/brand/application/usecase/update_brand.go:35.159,37.39 1 0
pim/src/brand/application/usecase/update_brand.go:37.39,39.3 1 0
pim/src/brand/application/usecase/update_brand.go:42.2,43.16 2 0
pim/src/brand/application/usecase/update_brand.go:43.16,45.3 1 0
pim/src/brand/application/usecase/update_brand.go:47.2,47.18 1 0
pim/src/brand/application/usecase/update_brand.go:47.18,49.3 1 0
pim/src/brand/application/usecase/update_brand.go:52.2,55.16 2 0
pim/src/brand/application/usecase/update_brand.go:55.16,57.3 1 0
pim/src/brand/application/usecase/update_brand.go:60.2,60.100 1 0
pim/src/brand/application/usecase/update_brand.go:60.100,62.3 1 0
pim/src/brand/application/usecase/update_brand.go:65.2,70.17 1 0
pim/src/brand/application/usecase/update_brand.go:70.17,72.3 1 0
pim/src/brand/application/usecase/update_brand.go:75.2,75.56 1 0
pim/src/brand/application/usecase/update_brand.go:75.56,77.3 1 0
pim/src/brand/application/usecase/update_brand.go:80.2,80.46 1 0
pim/src/api/monitoring/prometheus.go:67.13,75.2 6 0
pim/src/api/monitoring/prometheus.go:78.45,79.30 1 0
pim/src/api/monitoring/prometheus.go:79.30,84.21 3 0
pim/src/api/monitoring/prometheus.go:84.21,86.4 1 0
pim/src/api/monitoring/prometheus.go:88.3,104.32 5 0
pim/src/api/monitoring/prometheus.go:109.51,111.2 1 0
pim/src/api/monitoring/prometheus.go:114.44,116.2 1 0
pim/src/api/monitoring/prometheus.go:119.65,121.2 1 0
pim/src/api/monitoring/prometheus.go:124.57,126.2 1 0
pim/src/api/monitoring/prometheus.go:129.30,131.23 2 0
pim/src/api/monitoring/prometheus.go:131.23,133.3 1 0
pim/src/api/monitoring/prometheus.go:135.2,136.16 2 0
pim/src/api/monitoring/prometheus.go:136.16,138.3 1 0
pim/src/api/monitoring/prometheus.go:140.2,140.12 1 0
pim/src/api/monitoring/prometheus.go:140.12,142.60 2 0
pim/src/api/monitoring/prometheus.go:142.60,143.70 1 0
pim/src/brand/domain/exception/brand_exceptions.go:24.43,25.20 1 0
pim/src/brand/domain/exception/brand_exceptions.go:25.20,27.3 1 0
pim/src/brand/domain/exception/brand_exceptions.go:28.2,28.18 1 0
pim/src/brand/domain/exception/brand_exceptions.go:32.79,38.2 1 0
pim/src/brand/domain/value_object/brand_reference.go:13.79,14.14 1 0
pim/src/brand/domain/value_object/brand_reference.go:14.14,16.3 1 0
pim/src/brand/domain/value_object/brand_reference.go:18.2,18.16 1 0
pim/src/brand/domain/value_object/brand_reference.go:18.16,20.3 1 0
pim/src/brand/domain/value_object/brand_reference.go:22.2,26.8 1 0
pim/src/brand/domain/value_object/brand_reference.go:30.42,32.2 1 0
pim/src/brand/domain/value_object/brand_reference.go:35.62,36.31 1 0
pim/src/brand/domain/value_object/brand_reference.go:36.31,38.3 1 0
pim/src/brand/domain/value_object/brand_reference.go:39.2,39.31 1 0
pim/src/brand/domain/value_object/brand_reference.go:39.31,41.3 1 0
pim/src/brand/domain/value_object/brand_reference.go:42.2,42.26 1 0
pim/src/brand/domain/value_object/brand_status.go:22.57,24.28 2 0
pim/src/brand/domain/value_object/brand_status.go:24.28,26.3 1 0
pim/src/brand/domain/value_object/brand_status.go:27.2,27.25 1 0
pim/src/brand/domain/value_object/brand_status.go:31.38,32.49 1 0
pim/src/brand/domain/value_object/brand_status.go:32.49,33.24 1 0
pim/src/brand/domain/value_object/brand_status.go:33.24,35.4 1 0
pim/src/brand/domain/value_object/brand_status.go:37.2,37.14 1 0
pim/src/brand/domain/value_object/brand_status.go:41.39,43.2 1 0
pim/src/brand/domain/value_object/brand_status.go:46.39,48.2 1 0
pim/src/brand/domain/value_object/brand_status.go:51.40,53.2 1 0
pim/src/brand/domain/entity/brand.go:26.93,27.20 1 0
pim/src/brand/domain/entity/brand.go:27.20,29.3 1 0
pim/src/brand/domain/entity/brand.go:31.2,31.16 1 0
pim/src/brand/domain/entity/brand.go:31.16,33.3 1 0
pim/src/brand/domain/entity/brand.go:35.2,46.8 2 0
pim/src/brand/domain/entity/brand.go:50.82,51.16 1 0
pim/src/brand/domain/entity/brand.go:51.16,53.3 1 0
pim/src/brand/domain/entity/brand.go:55.2,60.12 6 0
pim/src/brand/domain/entity/brand.go:64.28,67.2 2 0
pim/src/brand/domain/entity/brand.go:70.30,73.2 2 0
pim/src/brand/domain/entity/brand.go:76.32,77.23 1 0
pim/src/brand/domain/entity/brand.go:77.23,79.3 1 0
pim/src/brand/domain/entity/brand.go:81.2,83.12 3 0
pim/src/brand/domain/entity/brand.go:87.33,89.2 1 0
pim/src/brand/domain/entity/brand.go:92.34,94.2 1 0
pim/src/brand/domain/entity/brand.go:97.37,101.2 1 0
pim/src/brand/domain/entity/brand.go:104.60,107.2 2 0
pim/src/brand/domain/entity/brand.go:110.32,112.2 1 0
pim/src/brand/domain/entity/brand.go:115.35,117.2 1 0
pim/src/brand/application/request/create_brand_request.go:12.47,15.2 1 0
pim/src/brand/application/request/update_brand_request.go:12.47,15.2 1 0
pim/src/brand/infrastructure/config/brand_module_config.go:40.58,80.2 11 0
pim/src/brand/infrastructure/config/brand_module_config.go:83.78,85.2 1 0
pim/src/brand/infrastructure/config/brand_module_config.go:88.87,90.2 1 0
pim/src/brand/infrastructure/config/brand_module_config.go:93.60,102.2 3 0
pim/src/brand/infrastructure/persistence/postgres_brand_repository.go:21.70,25.2 1 0
pim/src/brand/infrastructure/persistence/postgres_brand_repository.go:28.90,46.16 3 0
pim/src/brand/infrastructure/persistence/postgres_brand_repository.go:46.16,48.29 1 0
pim/src/brand/infrastructure/persistence/postgres_brand_repository.go:48.29,50.4 1 0
pim/src/brand/infrastructure/persistence/postgres_brand_repository.go:51.3,51.53 1 0
pim/src/brand/infrastructure/persistence/postgres_brand_repository.go:54.2,54.12 1 0
pim/src/brand/infrastructure/persistence/postgres_brand_repository.go:58.116,67.2 3 0
pim/src/brand/infrastructure/persistence/postgres_brand_repository.go:70.120,79.2 3 0
pim/src/brand/infrastructure/persistence/postgres_brand_repository.go:82.106,91.16 3 0
pim/src/brand/infrastructure/persistence/postgres_brand_repository.go:91.16,93.3 1 0
pim/src/brand/infrastructure/persistence/postgres_brand_repository.go:94.2,96.27 2 0
pim/src/brand/infrastructure/persistence/postgres_brand_repository.go:100.90,118.16 3 0
pim/src/brand/infrastructure/persistence/postgres_brand_repository.go:118.16,119.29 1 0
pim/src/brand/infrastructure/persistence/postgres_brand_repository.go:119.29,121.4 1 0
pim/src/brand/infrastructure/persistence/postgres_brand_repository.go:122.3,122.58 1 0
pim/src/brand/infrastructure/persistence/postgres_brand_repository.go:125.2,126.16 2 0
pim/src/brand/infrastructure/persistence/postgres_brand_repository.go:126.16,128.3 1 0
pim/src/brand/infrastructure/persistence/postgres_brand_repository.go:130.2,130.23 1 0
pim/src/brand/infrastructure/persistence/postgres_brand_repository.go:130.23,132.3 1 0
pim/src/brand/infrastructure/persistence/postgres_brand_repository.go:134.2,134.12 1 0
pim/src/brand/infrastructure/persistence/postgres_brand_repository.go:138.97,142.16 3 0
pim/src/brand/infrastructure/persistence/postgres_brand_repository.go:142.16,144.3 1 0
pim/src/brand/infrastructure/persistence/postgres_brand_repository.go:146.2,147.16 2 0
pim/src/brand/infrastructure/persistence/postgres_brand_repository.go:147.16,149.3 1 0
pim/src/brand/infrastructure/persistence/postgres_brand_repository.go:151.2,151.23 1 0
pim/src/brand/infrastructure/persistence/postgres_brand_repository.go:151.23,153.3 1 0
pim/src/brand/infrastructure/persistence/postgres_brand_repository.go:155.2,155.12 1 0
pim/src/brand/infrastructure/persistence/postgres_brand_repository.go:159.132,167.22 3 0
pim/src/brand/infrastructure/persistence/postgres_brand_repository.go:167.22,170.3 2 0
pim/src/brand/infrastructure/persistence/postgres_brand_repository.go:172.2,174.16 3 0
pim/src/brand/infrastructure/persistence/postgres_brand_repository.go:174.16,176.3 1 0
pim/src/brand/infrastructure/persistence/postgres_brand_repository.go:178.2,178.23 1 0
pim/src/brand/infrastructure/persistence/postgres_brand_repository.go:182.122,192.16 5 0
pim/src/brand/infrastructure/persistence/postgres_brand_repository.go:192.16,194.3 1 0
pim/src/brand/infrastructure/persistence/postgres_brand_repository.go:195.2,197.27 2 0
pim/src/brand/infrastructure/persistence/postgres_brand_repository.go:201.109,209.16 6 0
pim/src/brand/infrastructure/persistence/postgres_brand_repository.go:209.16,211.3 1 0
pim/src/brand/infrastructure/persistence/postgres_brand_repository.go:213.2,213.19 1 0
pim/src/brand/infrastructure/persistence/postgres_brand_repository.go:217.141,220.16 2 0
pim/src/brand/infrastructure/persistence/postgres_brand_repository.go:220.16,222.3 1 0
pim/src/brand/infrastructure/persistence/postgres_brand_repository.go:225.2,226.16 2 0
pim/src/brand/infrastructure/persistence/postgres_brand_repository.go:226.16,228.3 1 0
pim/src/brand/infrastructure/persistence/postgres_brand_repository.go:231.2,231.58 1 0
pim/src/brand/infrastructure/persistence/postgres_brand_repository.go:235.82,251.16 4 0
pim/src/brand/infrastructure/persistence/postgres_brand_repository.go:251.16,252.27 1 0
pim/src/brand/infrastructure/persistence/postgres_brand_repository.go:252.27,254.4 1 0
pim/src/brand/infrastructure/persistence/postgres_brand_repository.go:255.3,255.61 1 0
pim/src/brand/infrastructure/persistence/postgres_brand_repository.go:258.2,259.16 2 0
pim/src/brand/infrastructure/persistence/postgres_brand_repository.go:259.16,261.3 1 0
pim/src/brand/infrastructure/persistence/postgres_brand_repository.go:263.2,264.20 2 0
pim/src/brand/infrastructure/persistence/postgres_brand_repository.go:268.87,271.18 2 0
pim/src/brand/infrastructure/persistence/postgres_brand_repository.go:271.18,287.17 4 0
pim/src/brand/infrastructure/persistence/postgres_brand_repository.go:287.17,289.4 1 0
pim/src/brand/infrastructure/persistence/postgres_brand_repository.go:291.3,292.17 2 0
pim/src/brand/infrastructure/persistence/postgres_brand_repository.go:292.17,294.4 1 0
pim/src/brand/infrastructure/persistence/postgres_brand_repository.go:296.3,297.34 2 0
pim/src/brand/infrastructure/persistence/postgres_brand_repository.go:300.2,300.35 1 0
pim/src/brand/infrastructure/persistence/postgres_brand_repository.go:300.35,302.3 1 0
pim/src/brand/infrastructure/persistence/postgres_brand_repository.go:304.2,304.20 1 0
pim/src/brand/infrastructure/persistence/postgres_brand_repository.go:308.40,313.2 1 0
pim/src/brand/infrastructure/controller/brand_controller.go:31.20,40.2 1 0
pim/src/brand/infrastructure/controller/brand_controller.go:55.58,57.20 2 0
pim/src/brand/infrastructure/controller/brand_controller.go:57.20,60.3 2 0
pim/src/brand/infrastructure/controller/brand_controller.go:62.2,63.47 2 0
pim/src/brand/infrastructure/controller/brand_controller.go:63.47,66.3 2 0
pim/src/brand/infrastructure/controller/brand_controller.go:68.2,69.16 2 0
pim/src/brand/infrastructure/controller/brand_controller.go:69.16,72.3 2 0
pim/src/brand/infrastructure/controller/brand_controller.go:74.2,74.35 1 0
pim/src/brand/infrastructure/controller/brand_controller.go:88.55,90.20 2 0
pim/src/brand/infrastructure/controller/brand_controller.go:90.20,93.3 2 0
pim/src/brand/infrastructure/controller/brand_controller.go:95.2,96.19 2 0
pim/src/brand/infrastructure/controller/brand_controller.go:96.19,99.3 2 0
pim/src/brand/infrastructure/controller/brand_controller.go:101.2,102.16 2 0
pim/src/brand/infrastructure/controller/brand_controller.go:102.16,105.3 2 0
pim/src/brand/infrastructure/controller/brand_controller.go:107.2,107.30 1 0
pim/src/brand/infrastructure/controller/brand_controller.go:125.58,127.20 2 0
pim/src/brand/infrastructure/controller/brand_controller.go:127.20,130.3 2 0
pim/src/brand/infrastructure/controller/brand_controller.go:132.2,133.19 2 0
pim/src/brand/infrastructure/controller/brand_controller.go:133.19,136.3 2 0
pim/src/brand/infrastructure/controller/brand_controller.go:138.2,139.47 2 0
pim/src/brand/infrastructure/controller/brand_controller.go:139.47,142.3 2 0
pim/src/brand/infrastructure/controller/brand_controller.go:144.2,145.16 2 0
pim/src/brand/infrastructure/controller/brand_controller.go:145.16,148.3 2 0
pim/src/brand/infrastructure/controller/brand_controller.go:150.2,150.30 1 0
pim/src/brand/infrastructure/controller/brand_controller.go:163.58,165.20 2 0
pim/src/brand/infrastructure/controller/brand_controller.go:165.20,168.3 2 0
pim/src/brand/infrastructure/controller/brand_controller.go:170.2,171.19 2 0
pim/src/brand/infrastructure/controller/brand_controller.go:171.19,174.3 2 0
pim/src/brand/infrastructure/controller/brand_controller.go:176.2,177.16 2 0
pim/src/brand/infrastructure/controller/brand_controller.go:177.16,180.3 2 0
pim/src/brand/infrastructure/controller/brand_controller.go:182.2,182.32 1 0
pim/src/brand/infrastructure/controller/brand_controller.go:206.57,208.20 2 0
pim/src/brand/infrastructure/controller/brand_controller.go:208.20,211.3 2 0
pim/src/brand/infrastructure/controller/brand_controller.go:214.2,218.16 3 0
pim/src/brand/infrastructure/controller/brand_controller.go:218.16,221.3 2 0
pim/src/brand/infrastructure/controller/brand_controller.go:223.2,223.31 1 0
pim/src/brand/infrastructure/controller/brand_controller.go:227.69,228.21 1 0
pim/src/brand/infrastructure/controller/brand_controller.go:229.29,230.59 1 0
pim/src/brand/infrastructure/controller/brand_controller.go:231.44,232.59 1 0
pim/src/brand/infrastructure/controller/brand_controller.go:233.46,234.61 1 0
pim/src/brand/infrastructure/controller/brand_controller.go:235.37,236.61 1 0
pim/src/brand/infrastructure/controller/brand_controller.go:237.39,238.59 1 0
pim/src/brand/infrastructure/controller/brand_controller.go:239.10,240.87 1 0
pim/src/brand/infrastructure/controller/brand_controller.go:245.70,247.2 2 0
pim/src/brand/infrastructure/controller/brand_controller.go:247.2,253.3 5 0
pim/src/brand/infrastructure/criteria/brand_criteria_builder.go:17.54,21.2 1 0
pim/src/brand/infrastructure/criteria/brand_criteria_builder.go:24.82,32.2 3 0
pim/src/brand/infrastructure/criteria/brand_criteria_builder.go:35.81,38.2 2 0
pim/src/brand/infrastructure/criteria/brand_criteria_builder.go:41.58,43.2 1 0
pim/src/brand/infrastructure/criteria/brand_criteria_builder.go:46.64,48.60 1 0
pim/src/brand/infrastructure/criteria/brand_criteria_builder.go:48.60,50.3 1 0
pim/src/brand/infrastructure/criteria/brand_criteria_builder.go:53.2,53.47 1 0
pim/src/brand/infrastructure/criteria/brand_criteria_builder.go:53.47,55.3 1 0
pim/src/brand/infrastructure/criteria/brand_criteria_builder.go:58.2,58.41 1 0
pim/src/brand/infrastructure/criteria/brand_criteria_builder.go:58.41,60.3 1 0
pim/src/brand/infrastructure/criteria/brand_criteria_builder.go:63.2,63.62 1 0
pim/src/brand/infrastructure/criteria/brand_criteria_builder.go:63.62,65.3 1 0
pim/src/brand/infrastructure/criteria/brand_criteria_builder.go:68.2,68.51 1 0
pim/src/brand/infrastructure/criteria/brand_criteria_builder.go:68.51,70.3 1 0
pim/src/brand/infrastructure/criteria/brand_criteria_builder.go:73.2,73.76 1 0
pim/src/brand/infrastructure/criteria/brand_criteria_builder.go:73.76,75.3 1 0
pim/src/brand/infrastructure/criteria/brand_criteria_builder.go:78.2,78.64 1 0
pim/src/brand/infrastructure/criteria/brand_criteria_builder.go:78.64,80.3 1 0
pim/src/brand/infrastructure/criteria/brand_criteria_builder.go:80.8,80.34 1 0
pim/src/brand/infrastructure/criteria/brand_criteria_builder.go:80.34,82.3 1 0
pim/src/brand/infrastructure/criteria/brand_criteria_builder.go:85.2,85.55 1 0
pim/src/brand/infrastructure/criteria/brand_criteria_builder.go:85.55,87.3 1 0
pim/src/brand/infrastructure/criteria/brand_criteria_builder.go:87.8,87.31 1 0
pim/src/brand/infrastructure/criteria/brand_criteria_builder.go:87.31,89.3 1 0
pim/src/brand/infrastructure/criteria/brand_criteria_builder.go:93.60,105.2 1 0
pim/src/brand/infrastructure/criteria/brand_criteria_builder.go:108.62,110.2 1 0
pim/src/brand/infrastructure/criteria/brand_criteria_builder.go:113.66,115.2 1 0
pim/src/category/application/response/category.go:21.62,23.30 2 0
pim/src/category/application/response/category.go:23.30,25.3 1 0
pim/src/category/application/response/category.go:27.2,35.3 1 0
pim/src/category/application/response/category.go:39.72,41.38 2 0
pim/src/category/application/response/category.go:41.38,43.3 1 0
pim/src/category/application/response/category.go:44.2,44.17 1 0
pim/src/category/application/response/category_tree.go:20.79,25.38 2 0
pim/src/category/application/response/category_tree.go:25.38,27.31 2 0
pim/src/category/application/response/category_tree.go:27.31,29.4 1 0
pim/src/category/application/response/category_tree.go:31.3,40.4 1 0
pim/src/category/application/response/category_tree.go:44.2,47.38 2 0
pim/src/category/application/response/category_tree.go:47.38,50.59 2 0
pim/src/category/application/response/category_tree.go:50.59,53.4 1 0
pim/src/category/application/response/category_tree.go:53.9,55.65 1 0
pim/src/category/application/response/category_tree.go:55.65,57.5 1 0
pim/src/category/application/response/category_tree.go:61.2,61.23 1 0
pim/src/category/application/usecase/change_category_status.go:16.96,20.2 1 0
pim/src/category/application/usecase/change_category_status.go:23.124,25.16 2 0
pim/src/category/application/usecase/change_category_status.go:25.16,27.3 1 0
pim/src/category/application/usecase/change_category_status.go:29.2,31.16 3 0
pim/src/category/application/usecase/change_category_status.go:31.16,33.3 1 0
pim/src/category/application/usecase/change_category_status.go:35.2,35.22 1 0
pim/src/category/application/usecase/change_category_status.go:39.126,41.16 2 0
pim/src/category/application/usecase/change_category_status.go:41.16,43.3 1 0
pim/src/category/application/usecase/change_category_status.go:45.2,47.16 3 0
pim/src/category/application/usecase/change_category_status.go:47.16,49.3 1 0
pim/src/category/application/usecase/change_category_status.go:51.2,51.22 1 0
pim/src/category/application/usecase/create_category.go:17.84,21.2 1 0
pim/src/category/application/usecase/create_category.go:24.146,27.16 2 0
pim/src/category/application/usecase/create_category.go:27.16,29.3 1 0
pim/src/category/application/usecase/create_category.go:32.2,33.16 2 0
pim/src/category/application/usecase/create_category.go:33.16,35.3 1 0
pim/src/category/application/usecase/create_category.go:38.2,39.16 2 0
pim/src/category/application/usecase/create_category.go:39.16,41.3 1 0
pim/src/category/application/usecase/create_category.go:43.2,43.22 1 0
pim/src/category/application/usecase/get_categories.go:16.82,20.2 1 0
pim/src/category/application/usecase/get_categories.go:23.107,25.2 1 0
pim/src/category/application/usecase/get_category_by_id.go:22.86,26.2 1 0
pim/src/category/application/usecase/get_category_by_id.go:29.118,32.16 2 0
pim/src/category/application/usecase/get_category_by_id.go:32.16,34.3 1 0
pim/src/category/application/usecase/get_category_by_id.go:37.2,38.16 2 0
pim/src/category/application/usecase/get_category_by_id.go:38.16,40.3 1 0
pim/src/category/application/usecase/get_category_by_id.go:41.2,41.22 1 0
pim/src/category/application/usecase/list_categories_by_criteria.go:17.118,21.2 1 0
pim/src/category/application/usecase/list_categories_by_criteria.go:24.146,26.2 1 0
pim/src/category/application/usecase/move_category.go:20.80,24.2 1 0
pim/src/category/application/usecase/move_category.go:27.136,30.16 2 0
pim/src/category/application/usecase/move_category.go:30.16,32.3 1 0
pim/src/category/application/usecase/move_category.go:35.2,35.24 1 0
pim/src/category/application/usecase/move_category.go:35.24,37.17 2 0
pim/src/category/application/usecase/move_category.go:37.17,39.4 1 0
pim/src/category/application/usecase/move_category.go:42.3,42.31 1 0
pim/src/category/application/usecase/move_category.go:42.31,44.4 1 0
pim/src/category/application/usecase/move_category.go:47.3,48.37 2 0
pim/src/category/application/usecase/move_category.go:48.37,49.46 1 0
pim/src/category/application/usecase/move_category.go:49.46,51.5 1 0
pim/src/category/application/usecase/move_category.go:52.4,53.18 2 0
pim/src/category/application/usecase/move_category.go:53.18,55.5 1 0
pim/src/category/application/usecase/move_category.go:60.2,61.16 2 0
pim/src/category/application/usecase/move_category.go:61.16,63.3 1 0
pim/src/category/application/usecase/move_category.go:66.2,67.16 2 0
pim/src/category/application/usecase/move_category.go:67.16,69.3 1 0
pim/src/category/application/usecase/move_category.go:71.2,71.22 1 0
pim/src/category/application/usecase/update_category.go:21.84,25.2 1 0
pim/src/category/application/usecase/update_category.go:28.164,31.16 2 0
pim/src/category/application/usecase/update_category.go:31.16,33.3 1 0
pim/src/category/application/usecase/update_category.go:36.2,37.16 2 0
pim/src/category/application/usecase/update_category.go:37.16,39.3 1 0
pim/src/category/application/usecase/update_category.go:42.2,43.16 2 0
pim/src/category/application/usecase/update_category.go:43.16,45.3 1 0
pim/src/category/application/usecase/update_category.go:48.2,49.16 2 0
pim/src/category/application/usecase/update_category.go:49.16,51.3 1 0
pim/src/category/application/usecase/update_category.go:53.2,53.22 1 0
pim/src/category/domain/entity/category.go:26.91,27.16 1 0
pim/src/category/domain/entity/category.go:27.16,29.3 1 0
pim/src/category/domain/entity/category.go:31.2,31.20 1 0
pim/src/category/domain/entity/category.go:31.20,33.3 1 0
pim/src/category/domain/entity/category.go:35.2,45.8 2 0
pim/src/category/domain/entity/category.go:49.77,50.16 1 0
pim/src/category/domain/entity/category.go:50.16,52.3 1 0
pim/src/category/domain/entity/category.go:54.2,58.12 5 0
pim/src/category/domain/entity/category.go:62.31,65.2 2 0
pim/src/category/domain/entity/category.go:68.33,71.2 2 0
pim/src/category/domain/entity/category.go:74.36,76.2 1 0
pim/src/category/domain/entity/category.go:79.37,81.2 1 0
pim/src/category/domain/value_object/name.go:20.43,24.17 2 0
pim/src/category/domain/value_object/name.go:24.17,26.3 1 0
pim/src/category/domain/value_object/name.go:28.2,28.22 1 0
pim/src/category/domain/value_object/name.go:28.22,30.3 1 0
pim/src/category/domain/value_object/name.go:32.2,32.33 1 0
pim/src/category/domain/value_object/name.go:36.31,38.2 1 0
pim/src/category/domain/value_object/name.go:41.41,42.18 1 0
pim/src/category/domain/value_object/name.go:42.18,44.3 1 0
pim/src/category/domain/value_object/name.go:45.2,45.31 1 0
pim/src/category/infrastructure/config/database.go:22.42,31.2 1 0
pim/src/category/infrastructure/config/database.go:34.42,39.2 1 0
pim/src/category/infrastructure/config/database.go:42.53,44.16 2 0
pim/src/category/infrastructure/config/database.go:44.16,46.3 1 0
pim/src/category/infrastructure/config/database.go:48.2,48.34 1 0
pim/src/category/infrastructure/config/database.go:48.34,50.3 1 0
pim/src/category/infrastructure/config/database.go:52.2,52.16 1 0
pim/src/category/infrastructure/config/database.go:56.46,57.48 1 0
pim/src/category/infrastructure/config/database.go:57.48,59.3 1 0
pim/src/category/infrastructure/config/database.go:60.2,60.21 1 0
pim/src/category/infrastructure/config/wire.go:15.63,40.2 10 0
pim/src/category/infrastructure/config/wire.go:43.97,61.2 8 0
pim/src/category/infrastructure/controller/http_handler.go:38.20,49.2 1 0
pim/src/category/infrastructure/controller/http_handler.go:52.67,54.2 2 0
pim/src/category/infrastructure/controller/http_handler.go:54.2,64.3 9 0
pim/src/category/infrastructure/controller/http_handler.go:68.50,71.20 2 0
pim/src/category/infrastructure/controller/http_handler.go:71.20,74.3 2 0
pim/src/category/infrastructure/controller/http_handler.go:77.2,78.16 2 0
pim/src/category/infrastructure/controller/http_handler.go:78.16,81.3 2 0
pim/src/category/infrastructure/controller/http_handler.go:84.2,90.47 4 0
pim/src/category/infrastructure/controller/http_handler.go:90.47,93.3 2 0
pim/src/category/infrastructure/controller/http_handler.go:95.2,99.16 3 0
pim/src/category/infrastructure/controller/http_handler.go:99.16,102.3 2 0
pim/src/category/infrastructure/controller/http_handler.go:104.2,104.59 1 0
pim/src/category/infrastructure/controller/http_handler.go:108.50,111.20 2 0
pim/src/category/infrastructure/controller/http_handler.go:111.20,114.3 2 0
pim/src/category/infrastructure/controller/http_handler.go:116.2,119.47 3 0
pim/src/category/infrastructure/controller/http_handler.go:119.47,122.3 2 0
pim/src/category/infrastructure/controller/http_handler.go:125.2,126.24 2 0
pim/src/category/infrastructure/controller/http_handler.go:126.24,128.3 1 0
pim/src/category/infrastructure/controller/http_handler.go:130.2,131.40 2 0
pim/src/category/infrastructure/controller/http_handler.go:131.40,134.3 2 0
pim/src/category/infrastructure/controller/http_handler.go:135.2,135.16 1 0
pim/src/category/infrastructure/controller/http_handler.go:135.16,138.3 2 0
pim/src/category/infrastructure/controller/http_handler.go:140.2,140.54 1 0
pim/src/category/infrastructure/controller/http_handler.go:144.48,147.20 2 0
pim/src/category/infrastructure/controller/http_handler.go:147.20,150.3 2 0
pim/src/category/infrastructure/controller/http_handler.go:152.2,155.47 3 0
pim/src/category/infrastructure/controller/http_handler.go:155.47,158.3 2 0
pim/src/category/infrastructure/controller/http_handler.go:161.2,162.24 2 0
pim/src/category/infrastructure/controller/http_handler.go:162.24,164.3 1 0
pim/src/category/infrastructure/controller/http_handler.go:166.2,167.40 2 0
pim/src/category/infrastructure/controller/http_handler.go:167.40,170.3 2 0
pim/src/category/infrastructure/controller/http_handler.go:171.2,171.35 1 0
pim/src/category/infrastructure/controller/http_handler.go:171.35,174.3 2 0
pim/src/category/infrastructure/controller/http_handler.go:175.2,175.16 1 0
pim/src/category/infrastructure/controller/http_handler.go:175.16,178.3 2 0
pim/src/category/infrastructure/controller/http_handler.go:180.2,180.54 1 0
pim/src/category/infrastructure/controller/http_handler.go:184.52,187.20 2 0
pim/src/category/infrastructure/controller/http_handler.go:187.20,190.3 2 0
pim/src/category/infrastructure/controller/http_handler.go:192.2,195.40 3 0
pim/src/category/infrastructure/controller/http_handler.go:195.40,198.3 2 0
pim/src/category/infrastructure/controller/http_handler.go:199.2,199.16 1 0
pim/src/category/infrastructure/controller/http_handler.go:199.16,202.3 2 0
pim/src/category/infrastructure/controller/http_handler.go:204.2,204.54 1 0
pim/src/category/infrastructure/controller/http_handler.go:208.54,211.20 2 0
pim/src/category/infrastructure/controller/http_handler.go:211.20,214.3 2 0
pim/src/category/infrastructure/controller/http_handler.go:216.2,219.40 3 0
pim/src/category/infrastructure/controller/http_handler.go:219.40,222.3 2 0
pim/src/category/infrastructure/controller/http_handler.go:223.2,223.16 1 0
pim/src/category/infrastructure/controller/http_handler.go:223.16,226.3 2 0
pim/src/category/infrastructure/controller/http_handler.go:228.2,228.54 1 0
pim/src/category/infrastructure/controller/http_handler.go:232.48,235.20 2 0
pim/src/category/infrastructure/controller/http_handler.go:235.20,238.3 2 0
pim/src/category/infrastructure/controller/http_handler.go:240.2,241.16 2 0
pim/src/category/infrastructure/controller/http_handler.go:241.16,244.3 2 0
pim/src/category/infrastructure/controller/http_handler.go:247.2,248.38 2 0
pim/src/category/infrastructure/controller/http_handler.go:248.38,250.3 1 0
pim/src/category/infrastructure/controller/http_handler.go:252.2,252.37 1 0
pim/src/category/infrastructure/controller/http_handler.go:256.52,259.20 2 0
pim/src/category/infrastructure/controller/http_handler.go:259.20,262.3 2 0
pim/src/category/infrastructure/controller/http_handler.go:265.2,268.16 3 0
pim/src/category/infrastructure/controller/http_handler.go:268.16,271.3 2 0
pim/src/category/infrastructure/controller/http_handler.go:274.2,277.22 2 0
pim/src/category/infrastructure/controller/http_handler.go:277.22,279.41 1 0
pim/src/category/infrastructure/controller/http_handler.go:279.41,280.33 1 0
pim/src/category/infrastructure/controller/http_handler.go:280.33,283.5 2 0
pim/src/category/infrastructure/controller/http_handler.go:285.4,285.80 1 0
pim/src/category/infrastructure/controller/http_handler.go:285.80,288.5 2 0
pim/src/category/infrastructure/controller/http_handler.go:290.3,291.9 2 0
pim/src/category/infrastructure/controller/http_handler.go:294.2,294.37 1 0
pim/src/category/infrastructure/controller/http_handler.go:298.120,299.38 1 0
pim/src/category/infrastructure/controller/http_handler.go:299.38,300.32 1 0
pim/src/category/infrastructure/controller/http_handler.go:300.32,302.4 1 0
pim/src/category/infrastructure/controller/http_handler.go:303.3,303.79 1 0
pim/src/category/infrastructure/controller/http_handler.go:303.79,305.4 1 0
pim/src/category/infrastructure/controller/http_handler.go:307.2,307.12 1 0
pim/src/category/infrastructure/controller/http_handler.go:311.51,314.20 2 0
pim/src/category/infrastructure/controller/http_handler.go:314.20,317.3 2 0
pim/src/category/infrastructure/controller/http_handler.go:319.2,322.40 3 0
pim/src/category/infrastructure/controller/http_handler.go:322.40,325.3 2 0
pim/src/category/infrastructure/controller/http_handler.go:326.2,326.16 1 0
pim/src/category/infrastructure/controller/http_handler.go:326.16,329.3 2 0
pim/src/category/infrastructure/controller/http_handler.go:331.2,331.54 1 0
pim/src/category/infrastructure/controller/http_handler.go:335.60,338.20 2 0
pim/src/category/infrastructure/controller/http_handler.go:338.20,341.3 2 0
pim/src/category/infrastructure/controller/http_handler.go:344.2,353.16 6 0
pim/src/category/infrastructure/controller/http_handler.go:353.16,356.3 2 0
pim/src/category/infrastructure/controller/http_handler.go:359.2,360.40 2 0
pim/src/category/infrastructure/controller/http_handler.go:360.40,362.3 1 0
pim/src/category/infrastructure/controller/http_handler.go:365.2,379.42 2 0
pim/src/category/infrastructure/criteria/category_criteria_builder.go:19.60,24.2 1 0
pim/src/category/infrastructure/criteria/category_criteria_builder.go:27.93,35.2 3 0
pim/src/category/infrastructure/criteria/category_criteria_builder.go:38.90,41.2 2 0
pim/src/category/infrastructure/criteria/category_criteria_builder.go:44.73,46.57 1 0
pim/src/category/infrastructure/criteria/category_criteria_builder.go:46.57,48.3 1 0
pim/src/category/infrastructure/criteria/category_criteria_builder.go:51.2,51.50 1 0
pim/src/category/infrastructure/criteria/category_criteria_builder.go:51.50,53.3 1 0
pim/src/category/infrastructure/criteria/category_criteria_builder.go:56.2,56.57 1 0
pim/src/category/infrastructure/criteria/category_criteria_builder.go:56.57,57.47 1 0
pim/src/category/infrastructure/criteria/category_criteria_builder.go:57.47,59.4 1 0
pim/src/category/infrastructure/criteria/category_criteria_builder.go:59.9,61.4 1 0
pim/src/category/infrastructure/criteria/category_criteria_builder.go:65.2,65.44 1 0
pim/src/category/infrastructure/criteria/category_criteria_builder.go:65.44,67.3 1 0
pim/src/category/infrastructure/criteria/category_criteria_builder.go:70.2,70.65 1 0
pim/src/category/infrastructure/criteria/category_criteria_builder.go:70.65,72.3 1 0
pim/src/category/infrastructure/criteria/category_criteria_builder.go:75.2,75.54 1 0
pim/src/category/infrastructure/criteria/category_criteria_builder.go:75.54,77.3 1 0
pim/src/category/infrastructure/criteria/category_criteria_builder.go:79.2,79.61 1 0
pim/src/category/infrastructure/criteria/category_criteria_builder.go:79.61,81.3 1 0
pim/src/category/infrastructure/criteria/category_criteria_builder.go:85.63,96.2 1 0
pim/src/category/infrastructure/persistence/mapper/category_mapper.go:12.42,14.2 1 0
pim/src/category/infrastructure/persistence/mapper/category_mapper.go:17.75,18.18 1 0
pim/src/category/infrastructure/persistence/mapper/category_mapper.go:18.18,20.3 1 0
pim/src/category/infrastructure/persistence/mapper/category_mapper.go:22.2,31.3 1 0
pim/src/category/infrastructure/persistence/mapper/category_mapper.go:35.75,36.19 1 0
pim/src/category/infrastructure/persistence/mapper/category_mapper.go:36.19,38.3 1 0
pim/src/category/infrastructure/persistence/mapper/category_mapper.go:40.2,49.3 1 0
pim/src/category/infrastructure/persistence/mapper/category_mapper.go:53.84,54.19 1 0
pim/src/category/infrastructure/persistence/mapper/category_mapper.go:54.19,56.3 1 0
pim/src/category/infrastructure/persistence/mapper/category_mapper.go:58.2,59.31 2 0
pim/src/category/infrastructure/persistence/mapper/category_mapper.go:59.31,61.3 1 0
pim/src/category/infrastructure/persistence/mapper/category_mapper.go:62.2,62.17 1 0
pim/src/category/infrastructure/persistence/mapper/category_mapper.go:66.85,67.21 1 0
pim/src/category/infrastructure/persistence/mapper/category_mapper.go:67.21,69.3 1 0
pim/src/category/infrastructure/persistence/mapper/category_mapper.go:71.2,72.34 2 0
pim/src/category/infrastructure/persistence/mapper/category_mapper.go:72.34,74.3 1 0
pim/src/category/infrastructure/persistence/mapper/category_mapper.go:75.2,75.15 1 0
pim/src/category/infrastructure/persistence/repository/category_postgres_repository.go:25.76,36.2 3 0
pim/src/category/infrastructure/persistence/repository/category_postgres_repository.go:39.128,48.16 4 0
pim/src/category/infrastructure/persistence/repository/category_postgres_repository.go:48.16,50.3 1 0
pim/src/category/infrastructure/persistence/repository/category_postgres_repository.go:51.2,54.18 3 0
pim/src/category/infrastructure/persistence/repository/category_postgres_repository.go:54.18,66.17 3 0
pim/src/category/infrastructure/persistence/repository/category_postgres_repository.go:66.17,68.4 1 0
pim/src/category/infrastructure/persistence/repository/category_postgres_repository.go:69.3,69.45 1 0
pim/src/category/infrastructure/persistence/repository/category_postgres_repository.go:72.2,72.34 1 0
pim/src/category/infrastructure/persistence/repository/category_postgres_repository.go:72.34,74.3 1 0
pim/src/category/infrastructure/persistence/repository/category_postgres_repository.go:76.2,76.47 1 0
pim/src/category/infrastructure/persistence/repository/category_postgres_repository.go:80.112,87.16 5 0
pim/src/category/infrastructure/persistence/repository/category_postgres_repository.go:87.16,89.3 1 0
pim/src/category/infrastructure/persistence/repository/category_postgres_repository.go:91.2,91.19 1 0
pim/src/category/infrastructure/persistence/repository/category_postgres_repository.go:95.99,97.2 1 0
pim/src/category/infrastructure/persistence/repository/category_postgres_repository.go:100.99,102.2 1 0
pim/src/category/infrastructure/persistence/repository/category_postgres_repository.go:105.97,116.35 4 0
pim/src/category/infrastructure/persistence/repository/category_postgres_repository.go:116.35,118.3 1 0
pim/src/category/infrastructure/persistence/repository/category_postgres_repository.go:118.8,120.3 1 0
pim/src/category/infrastructure/persistence/repository/category_postgres_repository.go:122.2,133.12 2 0
pim/src/category/infrastructure/persistence/repository/category_postgres_repository.go:137.122,156.16 4 0
pim/src/category/infrastructure/persistence/repository/category_postgres_repository.go:156.16,157.36 1 0
pim/src/category/infrastructure/persistence/repository/category_postgres_repository.go:157.36,159.4 1 0
pim/src/category/infrastructure/persistence/repository/category_postgres_repository.go:160.3,160.18 1 0
pim/src/category/infrastructure/persistence/repository/category_postgres_repository.go:163.2,163.47 1 0
pim/src/category/infrastructure/persistence/repository/category_postgres_repository.go:167.112,176.16 3 0
pim/src/category/infrastructure/persistence/repository/category_postgres_repository.go:176.16,178.3 1 0
pim/src/category/infrastructure/persistence/repository/category_postgres_repository.go:179.2,182.18 3 0
pim/src/category/infrastructure/persistence/repository/category_postgres_repository.go:182.18,194.17 3 0
pim/src/category/infrastructure/persistence/repository/category_postgres_repository.go:194.17,196.4 1 0
pim/src/category/infrastructure/persistence/repository/category_postgres_repository.go:197.3,197.45 1 0
pim/src/category/infrastructure/persistence/repository/category_postgres_repository.go:200.2,200.34 1 0
pim/src/category/infrastructure/persistence/repository/category_postgres_repository.go:200.34,202.3 1 0
pim/src/category/infrastructure/persistence/repository/category_postgres_repository.go:204.2,204.47 1 0
pim/src/category/infrastructure/persistence/repository/category_postgres_repository.go:208.100,211.16 3 0
pim/src/category/infrastructure/persistence/repository/category_postgres_repository.go:211.16,213.3 1 0
pim/src/category/infrastructure/persistence/repository/category_postgres_repository.go:215.2,216.16 2 0
pim/src/category/infrastructure/persistence/repository/category_postgres_repository.go:216.16,218.3 1 0
pim/src/category/infrastructure/persistence/repository/category_postgres_repository.go:220.2,220.23 1 0
pim/src/category/infrastructure/persistence/repository/category_postgres_repository.go:220.23,222.3 1 0
pim/src/category/infrastructure/persistence/repository/category_postgres_repository.go:224.2,224.12 1 0
pim/src/product/application/usecase/create_product_usecase.go:27.25,33.2 1 0
pim/src/product/application/usecase/create_product_usecase.go:40.38,42.39 1 0
pim/src/product/application/usecase/create_product_usecase.go:42.39,44.3 1 0
pim/src/product/application/usecase/create_product_usecase.go:47.2,48.38 2 0
pim/src/product/application/usecase/create_product_usecase.go:48.38,50.17 2 0
pim/src/product/application/usecase/create_product_usecase.go:50.17,52.4 1 0
pim/src/product/application/usecase/create_product_usecase.go:53.3,53.19 1 0
pim/src/product/application/usecase/create_product_usecase.go:57.2,58.52 2 0
pim/src/product/application/usecase/create_product_usecase.go:58.52,63.17 2 0
pim/src/product/application/usecase/create_product_usecase.go:63.17,65.4 1 0
pim/src/product/application/usecase/create_product_usecase.go:66.3,66.20 1 0
pim/src/product/application/usecase/create_product_usecase.go:70.2,71.46 2 0
pim/src/product/application/usecase/create_product_usecase.go:71.46,76.17 2 0
pim/src/product/application/usecase/create_product_usecase.go:76.17,78.4 1 0
pim/src/product/application/usecase/create_product_usecase.go:79.3,79.17 1 0
pim/src/product/application/usecase/create_product_usecase.go:83.2,91.16 2 0
pim/src/product/application/usecase/create_product_usecase.go:91.16,93.3 1 0
pim/src/product/application/usecase/create_product_usecase.go:96.2,96.75 1 0
pim/src/product/application/usecase/create_product_usecase.go:96.75,98.3 1 0
pim/src/product/application/usecase/create_product_usecase.go:101.2,101.58 1 0
pim/src/product/application/usecase/create_product_usecase.go:101.58,103.3 1 0
pim/src/product/application/usecase/create_product_usecase.go:106.2,106.43 1 0
pim/src/product/application/usecase/create_product_variant_usecase.go:24.32,29.2 1 0
pim/src/product/application/usecase/create_product_variant_usecase.go:36.45,39.16 2 0
pim/src/product/application/usecase/create_product_variant_usecase.go:39.16,41.3 1 0
pim/src/product/application/usecase/create_product_variant_usecase.go:42.2,42.20 1 0
pim/src/product/application/usecase/create_product_variant_usecase.go:42.20,44.3 1 0
pim/src/product/application/usecase/create_product_variant_usecase.go:47.2,48.16 2 0
pim/src/product/application/usecase/create_product_variant_usecase.go:48.16,50.3 1 0
pim/src/product/application/usecase/create_product_variant_usecase.go:53.2,54.18 2 0
pim/src/product/application/usecase/create_product_variant_usecase.go:54.18,56.17 2 0
pim/src/product/application/usecase/create_product_variant_usecase.go:56.17,58.4 1 0
pim/src/product/application/usecase/create_product_variant_usecase.go:62.2,69.16 2 0
pim/src/product/application/usecase/create_product_variant_usecase.go:69.16,71.3 1 0
pim/src/product/application/usecase/create_product_variant_usecase.go:74.2,75.16 2 0
pim/src/product/application/usecase/create_product_variant_usecase.go:75.16,77.3 1 0
pim/src/product/application/usecase/create_product_variant_usecase.go:80.2,81.16 2 0
pim/src/product/application/usecase/create_product_variant_usecase.go:81.16,83.3 1 0
pim/src/product/application/usecase/create_product_variant_usecase.go:86.2,86.43 1 0
pim/src/product/application/usecase/delete_product_usecase.go:22.25,27.2 1 0
pim/src/product/application/usecase/delete_product_usecase.go:34.9,37.16 2 0
pim/src/product/application/usecase/delete_product_usecase.go:37.16,39.3 1 0
pim/src/product/application/usecase/delete_product_usecase.go:42.2,42.75 1 0
pim/src/product/application/usecase/delete_product_usecase.go:42.75,44.3 1 0
pim/src/product/application/usecase/delete_product_usecase.go:47.2,50.60 2 0
pim/src/product/application/usecase/delete_product_usecase.go:50.60,52.3 1 0
pim/src/product/application/usecase/delete_product_usecase.go:54.2,54.12 1 0
pim/src/product/application/usecase/delete_product_variant_usecase.go:20.32,24.2 1 0
pim/src/product/application/usecase/delete_product_variant_usecase.go:32.9,35.16 2 0
pim/src/product/application/usecase/delete_product_variant_usecase.go:35.16,37.3 1 0
pim/src/product/application/usecase/delete_product_variant_usecase.go:39.2,39.20 1 0
pim/src/product/application/usecase/delete_product_variant_usecase.go:39.20,41.3 1 0
pim/src/product/application/usecase/delete_product_variant_usecase.go:44.2,45.20 2 0
pim/src/product/application/usecase/delete_product_variant_usecase.go:45.20,47.3 1 0
pim/src/product/application/usecase/delete_product_variant_usecase.go:50.2,51.16 2 0
pim/src/product/application/usecase/delete_product_variant_usecase.go:51.16,53.3 1 0
pim/src/product/application/usecase/delete_product_variant_usecase.go:56.2,57.16 2 0
pim/src/product/application/usecase/delete_product_variant_usecase.go:57.16,59.3 1 0
pim/src/product/application/usecase/delete_product_variant_usecase.go:62.2,63.16 2 0
pim/src/product/application/usecase/delete_product_variant_usecase.go:63.16,65.3 1 0
pim/src/product/application/usecase/delete_product_variant_usecase.go:67.2,67.12 1 0
pim/src/product/application/usecase/get_product_by_id_usecase.go:23.26,28.2 1 0
pim/src/product/application/usecase/get_product_by_id_usecase.go:35.38,38.16 2 0
pim/src/product/application/usecase/get_product_by_id_usecase.go:38.16,40.3 1 0
pim/src/product/application/usecase/get_product_by_id_usecase.go:43.2,43.43 1 0
pim/src/product/application/usecase/get_product_variant_by_id_usecase.go:24.33,29.2 1 0
pim/src/product/application/usecase/get_product_variant_by_id_usecase.go:37.45,40.16 2 0
pim/src/product/application/usecase/get_product_variant_by_id_usecase.go:40.16,42.3 1 0
pim/src/product/application/usecase/get_product_variant_by_id_usecase.go:44.2,44.20 1 0
pim/src/product/application/usecase/get_product_variant_by_id_usecase.go:44.20,46.3 1 0
pim/src/product/application/usecase/get_product_variant_by_id_usecase.go:49.2,50.20 2 0
pim/src/product/application/usecase/get_product_variant_by_id_usecase.go:50.20,52.3 1 0
pim/src/product/application/usecase/get_product_variant_by_id_usecase.go:55.2,55.43 1 0
pim/src/product/application/usecase/list_product_variants_by_criteria_usecase.go:27.41,32.2 1 0
pim/src/product/application/usecase/list_product_variants_by_criteria_usecase.go:39.49,47.48 3 0
pim/src/product/application/usecase/list_product_variants_by_criteria_usecase.go:47.48,49.3 1 0
pim/src/product/application/usecase/list_product_variants_by_criteria_usecase.go:52.2,52.63 1 0
pim/src/product/application/usecase/list_product_variants_by_criteria_usecase.go:52.63,54.3 1 0
pim/src/product/application/usecase/list_product_variants_by_criteria_usecase.go:56.2,56.47 1 0
pim/src/product/application/usecase/list_product_variants_by_criteria_usecase.go:56.47,58.3 1 0
pim/src/product/application/usecase/list_product_variants_by_criteria_usecase.go:60.2,60.44 1 0
pim/src/product/application/usecase/list_product_variants_by_criteria_usecase.go:60.44,62.3 1 0
pim/src/product/application/usecase/list_product_variants_by_criteria_usecase.go:64.2,64.53 1 0
pim/src/product/application/usecase/list_product_variants_by_criteria_usecase.go:64.53,66.3 1 0
pim/src/product/application/usecase/list_product_variants_by_criteria_usecase.go:68.2,68.63 1 0
pim/src/product/application/usecase/list_product_variants_by_criteria_usecase.go:68.63,70.3 1 0
pim/src/product/application/usecase/list_product_variants_by_criteria_usecase.go:73.2,77.16 3 0
pim/src/product/application/usecase/list_product_variants_by_criteria_usecase.go:77.16,79.3 1 0
pim/src/product/application/usecase/list_product_variants_by_criteria_usecase.go:82.2,83.16 2 0
pim/src/product/application/usecase/list_product_variants_by_criteria_usecase.go:83.16,85.3 1 0
pim/src/product/application/usecase/list_product_variants_by_criteria_usecase.go:88.2,96.8 2 0
pim/src/product/application/usecase/list_product_variants_by_criteria_usecase.go:105.46,108.16 2 0
pim/src/product/application/usecase/list_product_variants_by_criteria_usecase.go:108.16,110.3 1 0
pim/src/product/application/usecase/list_product_variants_by_criteria_usecase.go:112.2,112.20 1 0
pim/src/product/application/usecase/list_product_variants_by_criteria_usecase.go:112.20,114.3 1 0
pim/src/product/application/usecase/list_product_variants_by_criteria_usecase.go:117.2,118.20 2 0
pim/src/product/application/usecase/list_product_variants_by_criteria_usecase.go:118.20,120.3 1 0
pim/src/product/application/usecase/list_product_variants_by_criteria_usecase.go:120.8,122.3 1 0
pim/src/product/application/usecase/list_product_variants_by_criteria_usecase.go:125.2,125.48 1 0
pim/src/product/application/usecase/list_products_by_criteria_usecase.go:22.34,27.2 1 0
pim/src/product/application/usecase/list_products_by_criteria_usecase.go:33.42,36.16 2 0
pim/src/product/application/usecase/list_products_by_criteria_usecase.go:36.16,38.3 1 0
pim/src/product/application/usecase/list_products_by_criteria_usecase.go:41.2,42.16 2 0
pim/src/product/application/usecase/list_products_by_criteria_usecase.go:42.16,44.3 1 0
pim/src/product/application/usecase/list_products_by_criteria_usecase.go:47.2,52.8 1 0
pim/src/product/application/usecase/update_product_usecase.go:28.25,34.2 1 0
pim/src/product/application/usecase/update_product_usecase.go:42.38,44.39 1 0
pim/src/product/application/usecase/update_product_usecase.go:44.39,46.3 1 0
pim/src/product/application/usecase/update_product_usecase.go:49.2,50.16 2 0
pim/src/product/application/usecase/update_product_usecase.go:50.16,52.3 1 0
pim/src/product/application/usecase/update_product_usecase.go:55.2,56.38 2 0
pim/src/product/application/usecase/update_product_usecase.go:56.38,58.17 2 0
pim/src/product/application/usecase/update_product_usecase.go:58.17,60.4 1 0
pim/src/product/application/usecase/update_product_usecase.go:61.3,61.19 1 0
pim/src/product/application/usecase/update_product_usecase.go:65.2,66.52 2 0
pim/src/product/application/usecase/update_product_usecase.go:66.52,70.17 2 0
pim/src/product/application/usecase/update_product_usecase.go:70.17,72.4 1 0
pim/src/product/application/usecase/update_product_usecase.go:73.3,73.20 1 0
pim/src/product/application/usecase/update_product_usecase.go:77.2,78.46 2 0
pim/src/product/application/usecase/update_product_usecase.go:78.46,82.17 2 0
pim/src/product/application/usecase/update_product_usecase.go:82.17,84.4 1 0
pim/src/product/application/usecase/update_product_usecase.go:85.3,85.17 1 0
pim/src/product/application/usecase/update_product_usecase.go:89.2,95.16 1 0
pim/src/product/application/usecase/update_product_usecase.go:95.16,97.3 1 0
pim/src/product/application/usecase/update_product_usecase.go:100.2,100.73 1 0
pim/src/product/application/usecase/update_product_usecase.go:100.73,102.3 1 0
pim/src/product/application/usecase/update_product_usecase.go:105.2,105.60 1 0
pim/src/product/application/usecase/update_product_usecase.go:105.60,107.3 1 0
pim/src/product/application/usecase/update_product_usecase.go:110.2,110.43 1 0
pim/src/product/application/usecase/update_product_variant_usecase.go:26.32,31.2 1 0
pim/src/product/application/usecase/update_product_variant_usecase.go:40.45,43.16 2 0
pim/src/product/application/usecase/update_product_variant_usecase.go:43.16,45.3 1 0
pim/src/product/application/usecase/update_product_variant_usecase.go:47.2,47.20 1 0
pim/src/product/application/usecase/update_product_variant_usecase.go:47.20,49.3 1 0
pim/src/product/application/usecase/update_product_variant_usecase.go:52.2,53.20 2 0
pim/src/product/application/usecase/update_product_variant_usecase.go:53.20,55.3 1 0
pim/src/product/application/usecase/update_product_variant_usecase.go:58.2,59.19 2 0
pim/src/product/application/usecase/update_product_variant_usecase.go:59.19,62.3 2 0
pim/src/product/application/usecase/update_product_variant_usecase.go:64.2,65.18 2 0
pim/src/product/application/usecase/update_product_variant_usecase.go:65.18,66.25 1 0
pim/src/product/application/usecase/update_product_variant_usecase.go:66.25,68.18 2 0
pim/src/product/application/usecase/update_product_variant_usecase.go:68.18,70.5 1 0
pim/src/product/application/usecase/update_product_variant_usecase.go:74.2,75.24 2 0
pim/src/product/application/usecase/update_product_variant_usecase.go:75.24,78.3 2 0
pim/src/product/application/usecase/update_product_variant_usecase.go:80.2,81.25 2 0
pim/src/product/application/usecase/update_product_variant_usecase.go:81.25,83.17 2 0
pim/src/product/application/usecase/update_product_variant_usecase.go:83.17,85.4 1 0
pim/src/product/application/usecase/update_product_variant_usecase.go:89.2,90.16 2 0
pim/src/product/application/usecase/update_product_variant_usecase.go:90.16,92.3 1 0
pim/src/product/application/usecase/update_product_variant_usecase.go:95.2,96.16 2 0
pim/src/product/application/usecase/update_product_variant_usecase.go:96.16,98.3 1 0
pim/src/product/application/usecase/update_product_variant_usecase.go:101.2,102.16 2 0
pim/src/product/application/usecase/update_product_variant_usecase.go:102.16,104.3 1 0
pim/src/product/application/usecase/update_product_variant_usecase.go:107.2,107.43 1 0
pim/src/product/application/mapper/product_mapper.go:14.40,18.2 1 0
pim/src/product/application/mapper/product_mapper.go:21.87,22.20 1 0
pim/src/product/application/mapper/product_mapper.go:22.20,24.3 1 0
pim/src/product/application/mapper/product_mapper.go:26.2,35.34 2 0
pim/src/product/application/mapper/product_mapper.go:35.34,37.3 1 0
pim/src/product/application/mapper/product_mapper.go:40.2,40.22 1 0
pim/src/product/application/mapper/product_mapper.go:40.22,43.3 2 0
pim/src/product/application/mapper/product_mapper.go:46.2,46.27 1 0
pim/src/product/application/mapper/product_mapper.go:46.27,51.3 1 0
pim/src/product/application/mapper/product_mapper.go:54.2,54.24 1 0
pim/src/product/application/mapper/product_mapper.go:54.24,59.3 1 0
pim/src/product/application/mapper/product_mapper.go:61.2,61.13 1 0
pim/src/product/application/mapper/product_mapper.go:65.99,66.20 1 0
pim/src/product/application/mapper/product_mapper.go:66.20,68.3 1 0
pim/src/product/application/mapper/product_mapper.go:70.2,73.27 2 0
pim/src/product/application/mapper/product_mapper.go:73.27,76.3 2 0
pim/src/product/application/mapper/product_mapper.go:78.2,78.13 1 0
pim/src/product/application/mapper/product_mapper.go:82.118,83.20 1 0
pim/src/product/application/mapper/product_mapper.go:83.20,85.3 1 0
pim/src/product/application/mapper/product_mapper.go:87.2,92.27 5 0
pim/src/product/application/mapper/product_mapper.go:92.27,94.3 1 0
pim/src/product/application/mapper/product_mapper.go:96.2,101.3 1 0
pim/src/product/application/mapper/product_mapper.go:105.96,106.21 1 0
pim/src/product/application/mapper/product_mapper.go:106.21,108.3 1 0
pim/src/product/application/mapper/product_mapper.go:110.2,111.35 2 0
pim/src/product/application/mapper/product_mapper.go:111.35,113.3 1 0
pim/src/product/application/mapper/product_mapper.go:115.2,115.18 1 0
pim/src/product/application/mapper/product_mapper.go:119.108,120.21 1 0
pim/src/product/application/mapper/product_mapper.go:120.21,122.3 1 0
pim/src/product/application/mapper/product_mapper.go:124.2,125.35 2 0
pim/src/product/application/mapper/product_mapper.go:125.35,127.3 1 0
pim/src/product/application/mapper/product_mapper.go:129.2,129.18 1 0
pim/src/product/application/mapper/product_mapper.go:136.33,138.18 2 0
pim/src/product/application/mapper/product_mapper.go:138.18,140.3 1 0
pim/src/product/application/mapper/product_mapper.go:142.2,150.3 1 0
pim/src/product/application/mapper/product_variant_mapper.go:16.54,18.2 1 0
pim/src/product/application/mapper/product_variant_mapper.go:21.108,22.20 1 0
pim/src/product/application/mapper/product_variant_mapper.go:22.20,24.3 1 0
pim/src/product/application/mapper/product_variant_mapper.go:26.2,27.22 2 0
pim/src/product/application/mapper/product_variant_mapper.go:27.22,30.3 2 0
pim/src/product/application/mapper/product_variant_mapper.go:32.2,45.3 2 0
pim/src/product/application/mapper/product_variant_mapper.go:49.116,50.21 1 0
pim/src/product/application/mapper/product_variant_mapper.go:50.21,52.3 1 0
pim/src/product/application/mapper/product_variant_mapper.go:54.2,55.35 2 0
pim/src/product/application/mapper/product_variant_mapper.go:55.35,56.57 1 0
pim/src/product/application/mapper/product_variant_mapper.go:56.57,58.4 1 0
pim/src/product/application/mapper/product_variant_mapper.go:61.2,61.18 1 0
pim/src/product/application/mapper/product_variant_mapper.go:68.40,80.2 2 0
pim/src/product/application/mapper/product_variant_mapper.go:83.141,84.20 1 0
pim/src/product/application/mapper/product_variant_mapper.go:84.20,86.3 1 0
pim/src/product/application/mapper/product_variant_mapper.go:88.2,93.3 1 0
pim/src/product/application/mapper/product_variant_mapper.go:97.142,98.47 1 0
pim/src/product/application/mapper/product_variant_mapper.go:98.47,100.3 1 0
pim/src/product/application/mapper/product_variant_mapper.go:102.2,103.47 2 0
pim/src/product/application/mapper/product_variant_mapper.go:103.47,108.3 1 0
pim/src/product/application/mapper/product_variant_mapper.go:110.2,110.18 1 0
pim/src/product/application/mapper/product_variant_mapper.go:114.163,115.29 1 0
pim/src/product/application/mapper/product_variant_mapper.go:115.29,117.3 1 0
pim/src/product/application/mapper/product_variant_mapper.go:119.2,120.40 2 0
pim/src/product/application/mapper/product_variant_mapper.go:120.40,122.17 2 0
pim/src/product/application/mapper/product_variant_mapper.go:122.17,124.4 1 0
pim/src/product/application/mapper/product_variant_mapper.go:125.3,125.40 1 0
pim/src/product/application/mapper/product_variant_mapper.go:128.2,128.63 1 0
pim/src/product/application/mapper/product_variant_mapper.go:132.169,133.29 1 0
pim/src/product/application/mapper/product_variant_mapper.go:133.29,135.3 1 0
pim/src/product/application/mapper/product_variant_mapper.go:137.2,138.40 2 0
pim/src/product/application/mapper/product_variant_mapper.go:138.40,140.17 2 0
pim/src/product/application/mapper/product_variant_mapper.go:140.17,142.4 1 0
pim/src/product/application/mapper/product_variant_mapper.go:143.3,143.40 1 0
pim/src/product/application/mapper/product_variant_mapper.go:146.2,146.63 1 0
pim/src/product/application/request/create_product_request.go:15.49,16.18 1 0
pim/src/product/application/request/create_product_request.go:16.18,18.3 1 0
pim/src/product/application/request/create_product_request.go:20.2,20.21 1 0
pim/src/product/application/request/create_product_request.go:20.21,22.3 1 0
pim/src/product/application/request/create_product_request.go:24.2,24.23 1 0
pim/src/product/application/request/create_product_request.go:24.23,26.3 1 0
pim/src/product/application/request/create_product_request.go:28.2,28.56 1 0
pim/src/product/application/request/create_product_request.go:28.56,30.3 1 0
pim/src/product/application/request/create_product_request.go:32.2,32.34 1 0
pim/src/product/application/request/create_product_request.go:32.34,33.22 1 0
pim/src/product/application/request/create_product_request.go:33.22,35.4 1 0
pim/src/product/application/request/create_product_request.go:36.3,36.23 1 0
pim/src/product/application/request/create_product_request.go:36.23,38.4 1 0
pim/src/product/application/request/create_product_request.go:41.2,41.12 1 0
pim/src/product/application/request/create_product_variant_request.go:24.55,25.18 1 0
pim/src/product/application/request/create_product_variant_request.go:25.18,27.3 1 0
pim/src/product/application/request/create_product_variant_request.go:28.2,28.15 1 0
pim/src/product/application/request/create_product_variant_request.go:32.59,33.24 1 0
pim/src/product/application/request/create_product_variant_request.go:33.24,35.3 1 0
pim/src/product/application/request/create_product_variant_request.go:36.2,36.21 1 0
pim/src/product/application/request/create_product_variant_request.go:40.58,41.24 1 0
pim/src/product/application/request/create_product_variant_request.go:41.24,43.3 1 0
pim/src/product/application/request/create_product_variant_request.go:44.2,44.21 1 0
pim/src/product/application/request/create_product_variant_request.go:48.53,50.2 1 0
pim/src/product/application/request/create_product_variant_request.go:53.60,55.2 1 0
pim/src/product/application/request/update_product_request.go:15.49,16.18 1 0
pim/src/product/application/request/update_product_request.go:16.18,18.3 1 0
pim/src/product/application/request/update_product_request.go:20.2,20.21 1 0
pim/src/product/application/request/update_product_request.go:20.21,22.3 1 0
pim/src/product/application/request/update_product_request.go:24.2,24.23 1 0
pim/src/product/application/request/update_product_request.go:24.23,26.3 1 0
pim/src/product/application/request/update_product_request.go:28.2,28.56 1 0
pim/src/product/application/request/update_product_request.go:28.56,30.3 1 0
pim/src/product/application/request/update_product_request.go:32.2,32.34 1 0
pim/src/product/application/request/update_product_request.go:32.34,33.22 1 0
pim/src/product/application/request/update_product_request.go:33.22,35.4 1 0
pim/src/product/application/request/update_product_request.go:36.3,36.23 1 0
pim/src/product/application/request/update_product_request.go:36.23,38.4 1 0
pim/src/product/application/request/update_product_request.go:41.2,41.12 1 0
pim/src/product/application/request/update_product_variant_request.go:18.56,19.19 1 0
pim/src/product/application/request/update_product_variant_request.go:19.19,21.3 1 0
pim/src/product/application/request/update_product_variant_request.go:22.2,22.16 1 0
pim/src/product/application/request/update_product_variant_request.go:26.55,27.18 1 0
pim/src/product/application/request/update_product_variant_request.go:27.18,29.3 1 0
pim/src/product/application/request/update_product_variant_request.go:30.2,30.15 1 0
pim/src/product/application/request/update_product_variant_request.go:34.58,35.24 1 0
pim/src/product/application/request/update_product_variant_request.go:35.24,37.3 1 0
pim/src/product/application/request/update_product_variant_request.go:38.2,38.21 1 0
pim/src/product/application/request/update_product_variant_request.go:42.54,44.2 1 0
pim/src/product/application/request/update_product_variant_request.go:47.53,49.2 1 0
pim/src/product/application/request/update_product_variant_request.go:52.59,54.2 1 0
pim/src/product/application/request/update_product_variant_request.go:57.60,59.2 1 0
pim/src/product/domain/entity/product.go:34.21,35.20 1 0
pim/src/product/domain/entity/product.go:35.20,37.3 1 0
pim/src/product/domain/entity/product.go:39.2,39.16 1 0
pim/src/product/domain/entity/product.go:39.16,41.3 1 0
pim/src/product/domain/entity/product.go:43.2,62.16 5 0
pim/src/product/domain/entity/product.go:62.16,64.3 1 0
pim/src/product/domain/entity/product.go:65.2,67.21 2 0
pim/src/product/domain/entity/product.go:80.21,81.20 1 0
pim/src/product/domain/entity/product.go:81.20,83.3 1 0
pim/src/product/domain/entity/product.go:85.2,85.16 1 0
pim/src/product/domain/entity/product.go:85.16,87.3 1 0
pim/src/product/domain/entity/product.go:89.2,101.8 1 0
pim/src/product/domain/entity/product.go:105.67,120.2 3 0
pim/src/product/domain/entity/product.go:123.71,123.86 1 0
pim/src/product/domain/entity/product.go:124.71,124.95 1 0
pim/src/product/domain/entity/product.go:125.71,125.92 1 0
pim/src/product/domain/entity/product.go:126.71,126.88 1 0
pim/src/product/domain/entity/product.go:127.71,127.95 1 0
pim/src/product/domain/entity/product.go:128.71,128.87 1 0
pim/src/product/domain/entity/product.go:129.71,129.95 1 0
pim/src/product/domain/entity/product.go:130.71,130.92 1 0
pim/src/product/domain/entity/product.go:131.71,131.90 1 0
pim/src/product/domain/entity/product.go:132.71,132.92 1 0
pim/src/product/domain/entity/product.go:133.71,133.93 1 0
pim/src/product/domain/entity/product.go:134.71,134.93 1 0
pim/src/product/domain/entity/product.go:137.60,139.2 1 0
pim/src/product/domain/entity/product.go:142.51,144.37 2 0
pim/src/product/domain/entity/product.go:144.37,145.27 1 0
pim/src/product/domain/entity/product.go:145.27,147.4 1 0
pim/src/product/domain/entity/product.go:149.2,149.23 1 0
pim/src/product/domain/entity/product.go:153.55,154.37 1 0
pim/src/product/domain/entity/product.go:154.37,155.50 1 0
pim/src/product/domain/entity/product.go:155.50,157.4 1 0
pim/src/product/domain/entity/product.go:159.2,159.12 1 0
pim/src/product/domain/entity/product.go:163.71,164.37 1 0
pim/src/product/domain/entity/product.go:164.37,165.56 1 0
pim/src/product/domain/entity/product.go:165.56,167.4 1 0
pim/src/product/domain/entity/product.go:169.2,169.12 1 0
pim/src/product/domain/entity/product.go:179.28,181.32 1 0
pim/src/product/domain/entity/product.go:181.32,183.3 1 0
pim/src/product/domain/entity/product.go:186.2,186.15 1 0
pim/src/product/domain/entity/product.go:186.15,188.3 1 0
pim/src/product/domain/entity/product.go:191.2,191.45 1 0
pim/src/product/domain/entity/product.go:191.45,193.3 1 0
pim/src/product/domain/entity/product.go:196.2,205.16 2 0
pim/src/product/domain/entity/product.go:205.16,207.3 1 0
pim/src/product/domain/entity/product.go:210.2,213.21 3 0
pim/src/product/domain/entity/product.go:223.9,225.20 2 0
pim/src/product/domain/entity/product.go:225.20,227.3 1 0
pim/src/product/domain/entity/product.go:230.2,230.17 1 0
pim/src/product/domain/entity/product.go:230.17,231.54 1 0
pim/src/product/domain/entity/product.go:231.54,233.4 1 0
pim/src/product/domain/entity/product.go:234.3,235.17 2 0
pim/src/product/domain/entity/product.go:235.17,237.4 1 0
pim/src/product/domain/entity/product.go:240.2,240.16 1 0
pim/src/product/domain/entity/product.go:240.16,242.3 1 0
pim/src/product/domain/entity/product.go:244.2,244.22 1 0
pim/src/product/domain/entity/product.go:244.22,246.3 1 0
pim/src/product/domain/entity/product.go:248.2,248.23 1 0
pim/src/product/domain/entity/product.go:248.23,250.3 1 0
pim/src/product/domain/entity/product.go:252.2,253.12 2 0
pim/src/product/domain/entity/product.go:257.66,259.20 2 0
pim/src/product/domain/entity/product.go:259.20,261.3 1 0
pim/src/product/domain/entity/product.go:264.2,270.12 4 0
pim/src/product/domain/entity/product.go:274.60,276.20 2 0
pim/src/product/domain/entity/product.go:276.20,278.3 1 0
pim/src/product/domain/entity/product.go:281.2,282.30 2 0
pim/src/product/domain/entity/product.go:282.30,284.3 1 0
pim/src/product/domain/entity/product.go:287.2,291.16 3 0
pim/src/product/domain/entity/product.go:291.16,293.3 1 0
pim/src/product/domain/entity/product.go:296.2,296.16 1 0
pim/src/product/domain/entity/product.go:296.16,298.3 1 0
pim/src/product/domain/entity/product.go:300.2,301.12 2 0
pim/src/product/domain/entity/product.go:305.56,306.37 1 0
pim/src/product/domain/entity/product.go:306.37,307.53 1 0
pim/src/product/domain/entity/product.go:307.53,309.4 1 0
pim/src/product/domain/entity/product.go:311.2,311.14 1 0
pim/src/product/domain/entity/product.go:315.86,316.37 1 0
pim/src/product/domain/entity/product.go:316.37,317.82 1 0
pim/src/product/domain/entity/product.go:317.82,319.4 1 0
pim/src/product/domain/entity/product.go:321.2,321.14 1 0
pim/src/product/domain/entity/product.go:325.48,326.37 1 0
pim/src/product/domain/entity/product.go:326.37,327.26 1 0
pim/src/product/domain/entity/product.go:327.26,329.9 2 0
pim/src/product/domain/entity/product.go:335.45,337.29 2 0
pim/src/product/domain/entity/product.go:337.29,340.3 1 0
pim/src/product/domain/entity/product.go:350.9,351.16 1 0
pim/src/product/domain/entity/product.go:351.16,353.3 1 0
pim/src/product/domain/entity/product.go:355.2,362.12 7 0
pim/src/product/domain/entity/product.go:366.30,367.27 1 0
pim/src/product/domain/entity/product.go:367.27,370.3 2 0
pim/src/product/domain/entity/product.go:374.32,375.27 1 0
pim/src/product/domain/entity/product.go:375.27,378.3 2 0
pim/src/product/domain/entity/product.go:382.33,383.27 1 0
pim/src/product/domain/entity/product.go:383.27,386.3 2 0
pim/src/product/domain/entity/product.go:390.28,395.37 3 0
pim/src/product/domain/entity/product.go:395.37,397.3 1 0
pim/src/product/domain/entity/product.go:401.35,403.2 1 0
pim/src/product/domain/entity/product.go:406.36,408.2 1 0
pim/src/product/domain/entity/product.go:411.41,413.2 1 0
pim/src/product/domain/entity/product.go:416.39,418.2 1 0
pim/src/product/domain/entity/product.go:421.33,423.2 1 0
pim/src/product/domain/entity/product.go:426.38,428.2 1 0
pim/src/product/domain/entity/product.go:431.35,433.2 1 0
pim/src/product/domain/entity/product.go:436.38,438.2 1 0
pim/src/product/domain/entity/product.go:441.43,442.22 1 0
pim/src/product/domain/entity/product.go:442.22,444.3 1 0
pim/src/product/domain/entity/product.go:445.2,446.12 2 0
pim/src/product/domain/entity/product.go:450.40,451.19 1 0
pim/src/product/domain/entity/product.go:451.19,453.3 1 0
pim/src/product/domain/entity/product.go:454.2,455.12 2 0
pim/src/product/domain/entity/product.go:459.45,460.22 1 0
pim/src/product/domain/entity/product.go:460.22,462.3 1 0
pim/src/product/domain/entity/product.go:463.2,464.14 2 0
pim/src/product/domain/entity/product.go:468.42,469.19 1 0
pim/src/product/domain/entity/product.go:469.19,471.3 1 0
pim/src/product/domain/entity/product.go:472.2,473.14 2 0
pim/src/product/domain/entity/product_variant.go:36.28,37.87 1 0
pim/src/product/domain/entity/product_variant.go:37.87,39.3 1 0
pim/src/product/domain/entity/product_variant.go:41.2,45.23 4 0
pim/src/product/domain/entity/product_variant.go:45.23,47.3 1 0
pim/src/product/domain/entity/product_variant.go:49.2,61.8 1 0
pim/src/product/domain/entity/product_variant.go:76.19,77.23 1 0
pim/src/product/domain/entity/product_variant.go:77.23,79.3 1 0
pim/src/product/domain/entity/product_variant.go:81.2,93.3 1 0
pim/src/product/domain/entity/product_variant.go:97.140,98.20 1 0
pim/src/product/domain/entity/product_variant.go:98.20,100.3 1 0
pim/src/product/domain/entity/product_variant.go:102.2,102.27 1 0
pim/src/product/domain/entity/product_variant.go:102.27,104.3 1 0
pim/src/product/domain/entity/product_variant.go:106.2,106.50 1 0
pim/src/product/domain/entity/product_variant.go:106.50,108.3 1 0
pim/src/product/domain/entity/product_variant.go:110.2,110.12 1 0
pim/src/product/domain/entity/product_variant.go:114.45,115.16 1 0
pim/src/product/domain/entity/product_variant.go:115.16,117.3 1 0
pim/src/product/domain/entity/product_variant.go:119.2,119.19 1 0
pim/src/product/domain/entity/product_variant.go:119.19,121.3 1 0
pim/src/product/domain/entity/product_variant.go:123.2,123.21 1 0
pim/src/product/domain/entity/product_variant.go:123.21,125.3 1 0
pim/src/product/domain/entity/product_variant.go:127.2,127.12 1 0
pim/src/product/domain/entity/product_variant.go:131.42,133.2 1 0
pim/src/product/domain/entity/product_variant.go:135.45,137.2 1 0
pim/src/product/domain/entity/product_variant.go:139.49,141.2 1 0
pim/src/product/domain/entity/product_variant.go:143.41,145.2 1 0
pim/src/product/domain/entity/product_variant.go:147.58,149.2 1 0
pim/src/product/domain/entity/product_variant.go:151.64,153.2 1 0
pim/src/product/domain/entity/product_variant.go:155.44,157.2 1 0
pim/src/product/domain/entity/product_variant.go:159.43,161.2 1 0
pim/src/product/domain/entity/product_variant.go:163.81,165.2 1 0
pim/src/product/domain/entity/product_variant.go:167.49,169.2 1 0
pim/src/product/domain/entity/product_variant.go:171.49,173.2 1 0
pim/src/product/domain/entity/product_variant.go:178.57,179.50 1 0
pim/src/product/domain/entity/product_variant.go:179.50,181.3 1 0
pim/src/product/domain/entity/product_variant.go:183.2,185.12 3 0
pim/src/product/domain/entity/product_variant.go:189.67,192.2 2 0
pim/src/product/domain/entity/product_variant.go:195.58,198.2 2 0
pim/src/product/domain/entity/product_variant.go:201.97,202.23 1 0
pim/src/product/domain/entity/product_variant.go:202.23,204.3 1 0
pim/src/product/domain/entity/product_variant.go:206.2,207.27 2 0
pim/src/product/domain/entity/product_variant.go:211.42,214.2 2 0
pim/src/product/domain/entity/product_variant.go:217.44,220.2 2 0
pim/src/product/domain/entity/product_variant.go:223.44,224.33 1 0
pim/src/product/domain/entity/product_variant.go:224.33,226.3 1 0
pim/src/product/domain/entity/product_variant.go:228.2,231.12 4 0
pim/src/product/domain/entity/product_variant.go:235.46,236.35 1 0
pim/src/product/domain/entity/product_variant.go:236.35,238.3 1 0
pim/src/product/domain/entity/product_variant.go:240.2,241.16 2 0
pim/src/product/domain/entity/product_variant.go:241.16,243.3 1 0
pim/src/product/domain/entity/product_variant.go:245.2,247.12 3 0
pim/src/product/domain/entity/product_variant.go:251.47,252.36 1 0
pim/src/product/domain/entity/product_variant.go:252.36,254.3 1 0
pim/src/product/domain/entity/product_variant.go:256.2,257.16 2 0
pim/src/product/domain/entity/product_variant.go:257.16,259.3 1 0
pim/src/product/domain/entity/product_variant.go:261.2,263.12 3 0
pim/src/product/domain/entity/product_variant.go:267.42,268.31 1 0
pim/src/product/domain/entity/product_variant.go:268.31,270.3 1 0
pim/src/product/domain/entity/product_variant.go:272.2,273.16 2 0
pim/src/product/domain/entity/product_variant.go:273.16,275.3 1 0
pim/src/product/domain/entity/product_variant.go:277.2,279.12 3 0
pim/src/product/domain/entity/product_variant.go:285.41,287.2 1 0
pim/src/product/domain/entity/product_variant.go:290.48,292.2 1 0
pim/src/product/domain/entity/product_variant.go:295.58,297.2 1 0
pim/src/product/domain/entity/product_variant.go:300.65,301.26 1 0
pim/src/product/domain/entity/product_variant.go:301.26,303.3 1 0
pim/src/product/domain/entity/product_variant.go:305.2,306.17 2 0
pim/src/product/domain/entity/product_variant.go:306.17,308.3 1 0
pim/src/product/domain/entity/product_variant.go:310.2,310.21 1 0
pim/src/product/domain/entity/product_variant.go:314.43,316.2 1 0
pim/src/product/domain/entity/product_variant.go:319.45,321.2 1 0
pim/src/product/domain/entity/product_variant.go:324.49,326.2 1 0
pim/src/product/domain/entity/product_variant.go:329.44,331.2 1 0
pim/src/product/domain/exception/product_exceptions.go:32.46,34.2 1 0
pim/src/product/domain/exception/product_exceptions.go:42.51,44.2 1 0
pim/src/product/domain/exception/product_exceptions.go:52.54,54.2 1 0
pim/src/product/domain/exception/product_variant_exceptions.go:11.48,13.2 1 0
pim/src/product/domain/exception/product_variant_exceptions.go:22.53,24.2 1 0
pim/src/product/domain/exception/product_variant_exceptions.go:33.53,35.2 1 0
pim/src/product/domain/exception/product_variant_exceptions.go:42.55,44.2 1 0
pim/src/product/domain/exception/product_variant_exceptions.go:51.57,53.2 1 0
pim/src/product/domain/exception/product_variant_exceptions.go:62.56,64.2 1 0
pim/src/product/domain/exception/product_variant_exceptions.go:71.58,73.2 1 0
pim/src/product/domain/exception/product_variant_exceptions.go:81.50,83.2 1 0
pim/src/product/domain/exception/product_variant_exceptions.go:91.55,93.2 1 0
pim/src/product/domain/exception/product_variant_exceptions.go:101.54,103.2 1 0
pim/src/product/infrastructure/controller/product_controller.go:33.22,42.2 1 0
pim/src/product/infrastructure/controller/product_controller.go:56.62,58.47 2 0
pim/src/product/infrastructure/controller/product_controller.go:58.47,61.3 2 0
pim/src/product/infrastructure/controller/product_controller.go:64.2,65.20 2 0
pim/src/product/infrastructure/controller/product_controller.go:65.20,68.3 2 0
pim/src/product/infrastructure/controller/product_controller.go:71.2,72.16 2 0
pim/src/product/infrastructure/controller/product_controller.go:72.16,75.3 2 0
pim/src/product/infrastructure/controller/product_controller.go:77.2,77.37 1 0
pim/src/product/infrastructure/controller/product_controller.go:92.59,94.24 2 0
pim/src/product/infrastructure/controller/product_controller.go:94.24,97.3 2 0
pim/src/product/infrastructure/controller/product_controller.go:100.2,101.16 2 0
pim/src/product/infrastructure/controller/product_controller.go:101.16,104.3 2 0
pim/src/product/infrastructure/controller/product_controller.go:107.2,108.20 2 0
pim/src/product/infrastructure/controller/product_controller.go:108.20,111.3 2 0
pim/src/product/infrastructure/controller/product_controller.go:114.2,115.16 2 0
pim/src/product/infrastructure/controller/product_controller.go:115.16,118.3 2 0
pim/src/product/infrastructure/controller/product_controller.go:120.2,120.32 1 0
pim/src/product/infrastructure/controller/product_controller.go:137.62,139.24 2 0
pim/src/product/infrastructure/controller/product_controller.go:139.24,142.3 2 0
[...]
pim/src/product/domain/value_object/variant_status.go:23.2,23.42 1 0
pim/src/product/domain/value_object/variant_status.go:27.46,29.2 1 0
pim/src/product/domain/value_object/variant_status.go:32.48,34.2 1 0
pim/src/product/domain/value_object/variant_status.go:37.52,39.2 1 0
pim/src/product/domain/value_object/variant_status.go:42.47,44.2 1 0
pim/src/product/domain/value_object/variant_status.go:47.46,48.15 1 0
pim/src/product/domain/value_object/variant_status.go:49.99,50.14 1 0
pim/src/product/domain/value_object/variant_status.go:51.10,52.15 1 0
pim/src/product/domain/value_object/variant_status.go:57.41,59.2 1 0
pim/src/product/domain/value_object/variant_status.go:62.42,64.2 1 0
pim/src/product/domain/value_object/variant_status.go:67.44,69.2 1 0
pim/src/product/domain/value_object/variant_status.go:72.48,74.2 1 0
pim/src/product/domain/value_object/variant_status.go:77.43,79.2 1 0
pim/src/product/domain/value_object/variant_status.go:82.48,83.18 1 0
pim/src/product/domain/value_object/variant_status.go:84.56,85.14 1 0
pim/src/product/domain/value_object/variant_status.go:86.49,87.15 1 0
pim/src/product/domain/value_object/variant_status.go:88.10,89.15 1 0
pim/src/product/domain/value_object/variant_status.go:94.50,95.18 1 0
pim/src/product/domain/value_object/variant_status.go:96.27,97.14 1 0
pim/src/product/domain/value_object/variant_status.go:98.78,99.15 1 0
pim/src/product/domain/value_object/variant_status.go:100.10,101.15 1 0
pim/src/product/domain/value_object/variant_status.go:106.51,107.18 1 0
pim/src/product/domain/value_object/variant_status.go:108.50,109.14 1 0
pim/src/product/domain/value_object/variant_status.go:110.55,111.15 1 0
pim/src/product/domain/value_object/variant_status.go:112.10,113.15 1 0
pim/src/product/domain/value_object/variant_status.go:118.46,119.18 1 0
pim/src/product/domain/value_object/variant_status.go:120.77,121.14 1 0
pim/src/product/domain/value_object/variant_status.go:122.28,123.15 1 0
pim/src/product/domain/value_object/variant_status.go:124.10,125.15 1 0
pim/src/product/domain/value_object/variant_status.go:130.60,131.18 1 0
pim/src/product/domain/value_object/variant_status.go:131.18,133.3 1 0
pim/src/product/domain/value_object/variant_status.go:134.2,134.32 1 0
pim/src/product/domain/value_object/variant_status.go:138.42,140.2 1 0
pim/src/shared/domain/criteria/criteria.go:15.80,21.2 1 0
pim/src/shared/domain/criteria/criteria.go:24.34,26.2 1 0
pim/src/shared/domain/criteria/criteria.go:36.73,42.2 1 0
pim/src/shared/domain/criteria/criteria.go:50.42,54.2 1 0
pim/src/shared/domain/criteria/criteria.go:57.38,59.2 1 0
pim/src/shared/domain/criteria/criteria.go:62.30,64.2 1 0
pim/src/shared/domain/criteria/criteria.go:67.33,69.2 1 0
pim/src/shared/domain/criteria/criteria.go:78.53,79.47 1 0
pim/src/shared/domain/criteria/criteria.go:79.47,81.3 1 0
pim/src/shared/domain/criteria/criteria.go:82.2,85.3 1 0
pim/src/shared/domain/criteria/criteria.go:89.31,91.2 1 0
pim/src/shared/domain/criteria/criteria.go:102.51,103.14 1 0
pim/src/shared/domain/criteria/criteria.go:103.14,105.3 1 0
pim/src/shared/domain/criteria/criteria.go:106.2,106.18 1 0
pim/src/shared/domain/criteria/criteria.go:106.18,108.3 1 0
pim/src/shared/domain/criteria/criteria.go:109.2,109.20 1 0
pim/src/shared/domain/criteria/criteria.go:109.20,111.3 1 0
pim/src/shared/domain/criteria/criteria.go:113.2,120.3 2 0
pim/src/shared/domain/criteria/criteria.go:124.36,126.2 1 0
pim/src/shared/domain/criteria/criteria.go:129.55,130.21 1 0
pim/src/shared/domain/criteria/criteria.go:130.21,132.3 1 0
pim/src/shared/domain/criteria/criteria.go:133.2,133.66 1 0
pim/src/shared/domain/criteria/criteria.go:146.93,156.2 2 0
pim/src/shared/domain/criteria/repository.go:30.94,34.2 1 0
pim/src/shared/domain/criteria/repository.go:37.114,40.16 2 0
pim/src/shared/domain/criteria/repository.go:40.16,42.3 1 0
pim/src/shared/domain/criteria/repository.go:45.2,46.16 2 0
pim/src/shared/domain/criteria/repository.go:46.16,48.3 1 0
pim/src/shared/domain/criteria/repository.go:51.2,51.53 1 0
pim/src/shared/domain/criteria/request.go:34.48,36.16 1 0
pim/src/shared/domain/criteria/request.go:36.16,38.3 1 0
pim/src/shared/domain/criteria/request.go:39.2,39.20 1 0
pim/src/shared/domain/criteria/request.go:39.20,41.3 1 0
pim/src/shared/domain/criteria/request.go:42.2,42.22 1 0
pim/src/shared/domain/criteria/request.go:42.22,44.3 1 0
pim/src/shared/domain/criteria/request.go:45.2,45.20 1 0
pim/src/shared/domain/criteria/request.go:45.20,47.3 1 0
pim/src/shared/domain/criteria/request.go:48.2,48.21 1 0
pim/src/shared/domain/criteria/request.go:48.21,50.3 1 0
pim/src/shared/domain/criteria/request.go:53.2,54.43 2 0
pim/src/shared/domain/criteria/request.go:54.43,56.3 1 0
pim/src/shared/domain/criteria/request.go:58.2,62.3 1 0
pim/src/shared/domain/criteria/request.go:75.44,82.2 1 0
pim/src/shared/domain/criteria/request.go:85.77,87.44 1 0
pim/src/shared/domain/criteria/request.go:87.44,88.56 1 0
pim/src/shared/domain/criteria/request.go:88.56,90.4 1 0
pim/src/shared/domain/criteria/request.go:93.2,93.57 1 0
pim/src/shared/domain/criteria/request.go:93.57,94.75 1 0
pim/src/shared/domain/criteria/request.go:94.75,96.4 1 0
pim/src/shared/domain/criteria/request.go:100.2,100.51 1 0
pim/src/shared/domain/criteria/request.go:100.51,102.3 1 0
pim/src/shared/domain/criteria/request.go:104.2,104.54 1 0
pim/src/shared/domain/criteria/request.go:104.54,106.44 2 0
pim/src/shared/domain/criteria/request.go:106.44,108.4 1 0
pim/src/shared/domain/criteria/request.go:111.2,111.10 1 0
pim/src/shared/domain/criteria/request.go:115.97,116.33 1 0
pim/src/shared/domain/criteria/request.go:116.33,118.3 1 0
pim/src/shared/domain/criteria/request.go:119.2,119.10 1 0
pim/src/shared/domain/criteria/request.go:123.92,125.2 1 0
pim/src/shared/domain/criteria/request.go:128.95,130.2 1 0
pim/src/shared/domain/criteria/request.go:133.91,134.48 1 0
pim/src/shared/domain/criteria/request.go:134.48,136.34 1 0
pim/src/shared/domain/criteria/request.go:136.34,138.4 1 0
pim/src/shared/domain/criteria/request.go:139.3,139.43 1 0
pim/src/shared/domain/criteria/request.go:141.2,141.10 1 0
pim/src/shared/domain/criteria/request.go:145.98,147.2 1 0
pim/src/shared/domain/criteria/request.go:150.105,152.2 1 0
pim/src/shared/domain/criteria/request.go:155.95,157.2 1 0
pim/src/shared/domain/criteria/request.go:160.102,162.2 1 0
pim/src/shared/domain/criteria/request.go:165.92,166.21 1 0
pim/src/shared/domain/criteria/request.go:166.21,168.3 1 0
pim/src/shared/domain/criteria/request.go:169.2,169.10 1 0
pim/src/shared/domain/criteria/request.go:173.91,174.48 1 0
pim/src/shared/domain/criteria/request.go:174.48,175.44 1 0
pim/src/shared/domain/criteria/request.go:175.44,177.4 1 0
pim/src/shared/domain/criteria/request.go:179.2,179.10 1 0
pim/src/shared/domain/criteria/request.go:183.91,184.35 1 0
pim/src/shared/domain/criteria/request.go:184.35,185.20 1 0
pim/src/shared/domain/criteria/request.go:185.20,187.4 1 0
pim/src/shared/domain/criteria/request.go:187.9,187.28 1 0
pim/src/shared/domain/criteria/request.go:187.28,189.4 1 0
pim/src/shared/domain/criteria/request.go:191.2,191.37 1 0
pim/src/shared/domain/criteria/request.go:191.37,193.3 1 0
pim/src/shared/domain/criteria/request.go:194.2,194.10 1 0
pim/src/shared/domain/criteria/request.go:198.78,199.17 1 0
pim/src/shared/domain/criteria/request.go:199.17,202.48 3 0
pim/src/shared/domain/criteria/request.go:202.48,204.4 1 0
pim/src/shared/domain/criteria/request.go:206.2,206.10 1 0
pim/src/shared/domain/criteria/request.go:210.78,211.14 1 0
pim/src/shared/domain/criteria/request.go:211.14,213.3 1 0
pim/src/shared/domain/criteria/request.go:214.2,214.37 1 0
pim/src/shared/domain/criteria/request.go:214.37,216.3 1 0
pim/src/shared/domain/criteria/request.go:217.2,217.10 1 0
pim/src/shared/domain/criteria/request.go:221.44,225.24 3 0
pim/src/shared/domain/criteria/request.go:225.24,227.3 1 0
pim/src/shared/domain/criteria/request.go:227.8,229.3 1 0
pim/src/shared/domain/criteria/request.go:231.2,233.48 2 0
pim/src/product/domain/value_object/brand_reference.go:16.66,17.14 1 0
pim/src/product/domain/value_object/brand_reference.go:17.14,19.3 1 0
pim/src/product/domain/value_object/brand_reference.go:21.2,21.16 1 0
pim/src/product/domain/value_object/brand_reference.go:21.16,23.3 1 0
pim/src/product/domain/value_object/brand_reference.go:26.2,26.42 1 0
pim/src/product/domain/value_object/brand_reference.go:26.42,28.3 1 0
pim/src/product/domain/value_object/brand_reference.go:30.2,33.8 1 0
pim/src/product/domain/value_object/brand_reference.go:37.39,39.2 1 0
pim/src/product/domain/value_object/brand_reference.go:42.41,44.2 1 0
pim/src/product/domain/value_object/brand_reference.go:47.42,49.2 1 0
pim/src/product/domain/value_object/brand_reference.go:52.62,53.18 1 0
pim/src/product/domain/value_object/brand_reference.go:53.18,55.3 1 0
pim/src/product/domain/value_object/brand_reference.go:56.2,56.26 1 0
pim/src/product/domain/value_object/brand_reference.go:60.43,62.2 1 0
pim/src/product/domain/value_object/category_reference.go:16.72,17.14 1 0
pim/src/product/domain/value_object/category_reference.go:17.14,19.3 1 0
pim/src/product/domain/value_object/category_reference.go:21.2,21.16 1 0
pim/src/product/domain/value_object/category_reference.go:21.16,23.3 1 0
pim/src/product/domain/value_object/category_reference.go:26.2,26.42 1 0
pim/src/product/domain/value_object/category_reference.go:26.42,28.3 1 0
pim/src/product/domain/value_object/category_reference.go:30.2,33.8 1 0
pim/src/product/domain/value_object/category_reference.go:37.42,39.2 1 0
pim/src/product/domain/value_object/category_reference.go:42.44,44.2 1 0
pim/src/product/domain/value_object/category_reference.go:47.45,49.2 1 0
pim/src/product/domain/value_object/category_reference.go:52.68,53.18 1 0
pim/src/product/domain/value_object/category_reference.go:53.18,55.3 1 0
pim/src/product/domain/value_object/category_reference.go:56.2,56.26 1 0
pim/src/product/domain/value_object/category_reference.go:60.46,62.2 1 0
pim/src/product/domain/value_object/product_sku.go:15.55,16.17 1 1
pim/src/product/domain/value_object/product_sku.go:16.17,18.3 1 1
pim/src/product/domain/value_object/product_sku.go:21.2,23.34 2 1
pim/src/product/domain/value_object/product_sku.go:23.34,25.3 1 0
pim/src/product/domain/value_object/product_sku.go:27.2,27.49 1 1
pim/src/product/domain/value_object/product_sku.go:31.38,33.2 1 1
pim/src/product/domain/value_object/product_sku.go:36.39,38.2 1 1
pim/src/product/domain/value_object/product_sku.go:41.54,42.18 1 1
pim/src/product/domain/value_object/product_sku.go:42.18,44.3 1 1
pim/src/product/domain/value_object/product_sku.go:45.2,45.32 1 1
pim/src/product/domain/value_object/product_sku.go:49.38,51.2 1 0
pim/src/product/domain/value_object/product_sku.go:56.36,57.39 1 1
pim/src/product/domain/value_object/product_sku.go:57.39,59.3 1 0
pim/src/product/domain/value_object/product_sku.go:62.2,64.16 3 1
pim/src/product/domain/value_object/product_status.go:19.60,20.34 1 1
pim/src/product/domain/value_object/product_status.go:20.34,22.3 1 1
pim/src/product/domain/value_object/product_status.go:23.2,23.41 1 1
pim/src/product/domain/value_object/product_status.go:27.42,29.2 1 1
pim/src/product/domain/value_object/product_status.go:32.44,34.2 1 1
pim/src/product/domain/value_object/product_status.go:37.48,39.2 1 0
pim/src/product/domain/value_object/product_status.go:42.43,44.2 1 1
pim/src/product/domain/value_object/product_status.go:47.40,49.2 1 1
pim/src/product/domain/value_object/product_status.go:52.41,54.2 1 1
pim/src/product/domain/value_object/product_status.go:57.43,59.2 1 1
pim/src/product/domain/value_object/product_status.go:62.47,64.2 1 0
pim/src/product/domain/value_object/product_status.go:67.42,69.2 1 1
pim/src/product/domain/value_object/product_status.go:72.40,74.2 1 1
pim/src/product/domain/value_object/product_status.go:77.46,85.39 2 1
pim/src/product/domain/value_object/product_status.go:85.39,86.22 1 1
pim/src/product/domain/value_object/product_status.go:86.22,88.4 1 1
pim/src/product/domain/value_object/product_status.go:90.2,90.14 1 1
pim/src/product/domain/value_object/variant_attribute.go:15.73,16.52 1 0
pim/src/product/domain/value_object/variant_attribute.go:16.52,18.3 1 0
pim/src/product/domain/value_object/variant_attribute.go:20.2,20.54 1 0
pim/src/product/domain/value_object/variant_attribute.go:20.54,22.3 1 0
pim/src/product/domain/value_object/variant_attribute.go:24.2,27.8 1 0
pim/src/product/domain/value_object/variant_attribute.go:31.47,34.16 2 0
pim/src/product/domain/value_object/variant_attribute.go:34.16,36.3 1 0
pim/src/product/domain/value_object/variant_attribute.go:38.2,38.19 1 0
pim/src/product/domain/value_object/variant_attribute.go:38.19,40.3 1 0
pim/src/product/domain/value_object/variant_attribute.go:42.2,42.21 1 0
pim/src/product/domain/value_object/variant_attribute.go:42.21,44.3 1 0
pim/src/product/domain/value_object/variant_attribute.go:46.2,46.12 1 0
pim/src/product/domain/value_object/variant_attribute.go:50.49,53.17 2 0
pim/src/product/domain/value_object/variant_attribute.go:53.17,55.3 1 0
pim/src/product/domain/value_object/variant_attribute.go:57.2,57.22 1 0
pim/src/product/domain/value_object/variant_attribute.go:57.22,59.3 1 0
pim/src/product/domain/value_object/variant_attribute.go:61.2,61.12 1 0
pim/src/product/domain/value_object/variant_attribute.go:65.43,67.2 1 0
pim/src/product/domain/value_object/variant_attribute.go:70.44,72.2 1 0
pim/src/product/domain/value_object/variant_attribute.go:75.64,76.57 1 0
pim/src/product/domain/value_object/variant_attribute.go:76.57,78.3 1 0
pim/src/product/domain/value_object/variant_attribute.go:80.2,81.12 2 0
pim/src/product/domain/value_object/variant_attribute.go:85.66,86.18 1 0
pim/src/product/domain/value_object/variant_attribute.go:86.18,88.3 1 0
pim/src/product/domain/value_object/variant_attribute.go:89.2,89.57 1 0
pim/src/product/domain/value_object/variant_attribute.go:93.71,94.18 1 0
pim/src/product/domain/value_object/variant_attribute.go:94.18,96.3 1 0
pim/src/product/domain/value_object/variant_attribute.go:97.2,97.30 1 0
pim/src/product/domain/value_object/variant_attribute.go:101.45,103.2 1 0
pim/src/product/domain/value_object/variant_attribute.go:111.105,112.64 1 0
pim/src/product/domain/value_object/variant_attribute.go:112.64,114.3 1 0
pim/src/product/domain/value_object/variant_attribute.go:116.2,118.8 1 0
pim/src/product/domain/value_object/variant_attribute.go:122.72,125.34 2 0
pim/src/product/domain/value_object/variant_attribute.go:125.34,126.18 1 0
pim/src/product/domain/value_object/variant_attribute.go:126.18,128.4 1 0
pim/src/product/domain/value_object/variant_attribute.go:130.3,130.27 1 0
pim/src/product/domain/value_object/variant_attribute.go:130.27,132.4 1 0
pim/src/product/domain/value_object/variant_attribute.go:134.3,134.30 1 0
pim/src/product/domain/value_object/variant_attribute.go:137.2,137.12 1 0
pim/src/product/domain/value_object/variant_attribute.go:141.73,143.2 1 0
pim/src/product/domain/value_object/variant_attribute.go:146.52,148.2 1 0
pim/src/product/domain/value_object/variant_attribute.go:151.55,153.2 1 0
pim/src/product/domain/value_object/variant_attribute.go:156.81,157.38 1 0
pim/src/product/domain/value_object/variant_attribute.go:157.38,158.26 1 0
pim/src/product/domain/value_object/variant_attribute.go:158.26,160.4 1 0
pim/src/product/domain/value_object/variant_attribute.go:162.2,162.12 1 0
pim/src/product/domain/value_object/variant_attribute.go:166.71,168.2 1 0
pim/src/product/domain/value_object/variant_attribute.go:171.88,172.22 1 0
pim/src/product/domain/value_object/variant_attribute.go:172.22,174.3 1 0
pim/src/product/domain/value_object/variant_attribute.go:176.2,176.40 1 0
pim/src/product/domain/value_object/variant_attribute.go:176.40,178.3 1 0
pim/src/product/domain/value_object/variant_attribute.go:180.2,181.12 2 0
pim/src/product/domain/value_object/variant_attribute.go:185.85,187.17 2 0
pim/src/product/domain/value_object/variant_attribute.go:187.17,189.3 1 0
pim/src/product/domain/value_object/variant_attribute.go:191.2,191.35 1 0
pim/src/product/domain/value_object/variant_attribute.go:195.75,196.38 1 0
pim/src/product/domain/value_object/variant_attribute.go:196.38,197.26 1 0
pim/src/product/domain/value_object/variant_attribute.go:197.26,201.4 2 0
pim/src/product/domain/value_object/variant_attribute.go:203.2,203.54 1 0
pim/src/product/domain/value_object/variant_attribute.go:207.92,208.67 1 0
pim/src/product/domain/value_object/variant_attribute.go:208.67,210.3 1 0
pim/src/product/domain/value_object/variant_attribute.go:212.2,213.12 2 0
pim/src/product/domain/value_object/variant_attribute.go:217.66,219.38 2 0
pim/src/product/domain/value_object/variant_attribute.go:219.38,221.3 1 0
pim/src/product/domain/value_object/variant_attribute.go:222.2,222.15 1 0
pim/src/product/domain/value_object/variant_attribute.go:226.87,227.18 1 0
pim/src/product/domain/value_object/variant_attribute.go:227.18,229.3 1 0
pim/src/product/domain/value_object/variant_attribute.go:231.2,231.34 1 0
pim/src/product/domain/value_object/variant_attribute.go:231.34,233.3 1 0
pim/src/product/domain/value_object/variant_attribute.go:235.2,235.38 1 0
pim/src/product/domain/value_object/variant_attribute.go:235.38,237.50 2 0
pim/src/product/domain/value_object/variant_attribute.go:237.50,239.4 1 0
pim/src/product/domain/value_object/variant_attribute.go:242.2,242.13 1 0
pim/src/product/domain/value_object/variant_status.go:19.61,20.34 1 0
pim/src/product/domain/value_object/variant_status.go:20.34,22.3 1 0
pim/src/product/domain/value_object/variant_status.go:23.2,23.42 1 0
pim/src/product/domain/value_object/variant_status.go:27.46,29.2 1 0
pim/src/product/domain/value_object/variant_status.go:32.48,34.2 1 0
pim/src/product/domain/value_object/variant_status.go:37.52,39.2 1 0
pim/src/product/domain/value_object/variant_status.go:42.47,44.2 1 0
pim/src/product/domain/value_object/variant_status.go:47.46,48.15 1 0
pim/src/product/domain/value_object/variant_status.go:49.99,50.14 1 0
pim/src/product/domain/value_object/variant_status.go:51.10,52.15 1 0
pim/src/product/domain/value_object/variant_status.go:57.41,59.2 1 0
pim/src/product/domain/value_object/variant_status.go:62.42,64.2 1 0
pim/src/product/domain/value_object/variant_status.go:67.44,69.2 1 0
pim/src/product/domain/value_object/variant_status.go:72.48,74.2 1 0
pim/src/product/domain/value_object/variant_status.go:77.43,79.2 1 0
pim/src/product/domain/value_object/variant_status.go:82.48,83.18 1 0
pim/src/product/domain/value_object/variant_status.go:84.56,85.14 1 0
pim/src/product/domain/value_object/variant_status.go:86.49,87.15 1 0
pim/src/product/domain/value_object/variant_status.go:88.10,89.15 1 0
pim/src/product/domain/value_object/variant_status.go:94.50,95.18 1 0
pim/src/product/domain/value_object/variant_status.go:96.27,97.14 1 0
pim/src/product/domain/value_object/variant_status.go:98.78,99.15 1 0
pim/src/product/domain/value_object/variant_status.go:100.10,101.15 1 0
pim/src/product/domain/value_object/variant_status.go:106.51,107.18 1 0
pim/src/product/domain/value_object/variant_status.go:108.50,109.14 1 0
pim/src/product/domain/value_object/variant_status.go:110.55,111.15 1 0
pim/src/product/domain/value_object/variant_status.go:112.10,113.15 1 0
pim/src/product/domain/value_object/variant_status.go:118.46,119.18 1 0
pim/src/product/domain/value_object/variant_status.go:120.77,121.14 1 0
pim/src/product/domain/value_object/variant_status.go:122.28,123.15 1 0
pim/src/product/domain/value_object/variant_status.go:124.10,125.15 1 0
pim/src/product/domain/value_object/variant_status.go:130.60,131.18 1 0
pim/src/product/domain/value_object/variant_status.go:131.18,133.3 1 0
pim/src/product/domain/value_object/variant_status.go:134.2,134.32 1 0
pim/src/product/domain/value_object/variant_status.go:138.42,140.2 1 0
